#
# There is insufficient memory for the Java Runtime Environment to continue.
# Native memory allocation (malloc) failed to allocate 1377616 bytes. Error detail: Chunk::new
# Possible reasons:
#   The system is out of physical RAM or swap space
#   This process is running with CompressedOops enabled, and the Java Heap may be blocking the growth of the native heap
# Possible solutions:
#   Reduce memory load on the system
#   Increase physical memory or swap space
#   Check if swap backing store is full
#   Decrease Java heap size (-Xmx/-Xms)
#   Decrease number of Java threads
#   Decrease Java thread stack sizes (-Xss)
#   Set larger code cache with -XX:ReservedCodeCacheSize=
#   JVM is running with Unscaled Compressed Oops mode in which the Java heap is
#     placed in the first 4GB address space. The Java Heap base address is the
#     maximum limit for the native heap growth. Please use -XX:HeapBaseMinAddress
#     to set the Java Heap base and to place the Java Heap above 4GB virtual address.
# This output file may be truncated or incomplete.
#
#  Out of Memory Error (arena.cpp:168), pid=27128, tid=29960
#
# JRE version: OpenJDK Runtime Environment Temurin-21.0.7+6 (21.0.7+6) (build 21.0.7+6-LTS)
# Java VM: OpenJDK 64-Bit Server VM Temurin-21.0.7+6 (21.0.7+6-LTS, mixed mode, sharing, tiered, compressed oops, compressed class ptrs, parallel gc, windows-amd64)
# No core dump will be written. Minidumps are not enabled by default on client versions of Windows
#

---------------  S U M M A R Y ------------

Command Line: --add-modules=ALL-SYSTEM --add-opens=java.base/java.util=ALL-UNNAMED --add-opens=java.base/java.lang=ALL-UNNAMED --add-opens=java.base/sun.nio.fs=ALL-UNNAMED -Declipse.application=org.eclipse.jdt.ls.core.id1 -Dosgi.bundles.defaultStartLevel=4 -Declipse.product=org.eclipse.jdt.ls.core.product -Djava.import.generatesMetadataFilesAtProjectRoot=false -DDetectVMInstallationsJob.disabled=true -Dfile.encoding=utf8 -XX:+UseParallelGC -XX:GCTimeRatio=4 -XX:AdaptiveSizePolicyWeight=90 -Dsun.zip.disableMemoryMapping=true -Xmx1G -Xms100m -Xlog:disable -javaagent:c:\Users\Liaaan\.vscode\extensions\redhat.java-1.42.0-win32-x64\lombok\lombok-1.18.36.jar -XX:+HeapDumpOnOutOfMemoryError -XX:HeapDumpPath=c:\Users\Liaaan\AppData\Roaming\Code\User\workspaceStorage\b0d88116b9ff8da6722e643e05ebe559\redhat.java -Daether.dependencyCollector.impl=bf c:\Users\Liaaan\.vscode\extensions\redhat.java-1.42.0-win32-x64\server\plugins\org.eclipse.equinox.launcher_1.7.0.v20250424-1814.jar -configuration c:\Users\Liaaan\AppData\Roaming\Code\User\globalStorage\redhat.java\1.42.0\config_win -data c:\Users\Liaaan\AppData\Roaming\Code\User\workspaceStorage\b0d88116b9ff8da6722e643e05ebe559\redhat.java\jdt_ws --pipe=\\.\pipe\lsp-c9dc71cf07722aa7edb29c2e6a617b05-sock

Host: 13th Gen Intel(R) Core(TM) i5-13420H, 12 cores, 7G,  Windows 11 , 64 bit Build 26100 (10.0.26100.3912)
Time: Mon May 26 07:25:35 2025 Hora est. Sudamérica Pacífico elapsed time: 16.760155 seconds (0d 0h 0m 16s)

---------------  T H R E A D  ---------------

Current thread (0x0000015e7d7ae160):  JavaThread "C2 CompilerThread0" daemon [_thread_in_native, id=29960, stack(0x0000000476900000,0x0000000476a00000) (1024K)]


Current CompileTask:
C2:16760 11618       4       java.lang.invoke.MethodType::methodType (69 bytes)

Stack: [0x0000000476900000,0x0000000476a00000]
Native frames: (J=compiled Java code, j=interpreted, Vv=VM code, C=native code)
V  [jvm.dll+0x6ce119]
V  [jvm.dll+0x8a84a1]
V  [jvm.dll+0x8aa9ce]
V  [jvm.dll+0x8ab0b3]
V  [jvm.dll+0x27f8a6]
V  [jvm.dll+0xc507d]
V  [jvm.dll+0xc55b3]
V  [jvm.dll+0x3b68f2]
V  [jvm.dll+0x382aa5]
V  [jvm.dll+0x381f0a]
V  [jvm.dll+0x247af0]
V  [jvm.dll+0x2470cf]
V  [jvm.dll+0x1c760e]
V  [jvm.dll+0x25695a]
V  [jvm.dll+0x254efa]
V  [jvm.dll+0x3f03f6]
V  [jvm.dll+0x851f6b]
V  [jvm.dll+0x6cc7dd]
C  [ucrtbase.dll+0x37b0]
C  [KERNEL32.DLL+0x2e8d7]
C  [ntdll.dll+0x9c5dc]


---------------  P R O C E S S  ---------------

Threads class SMR info:
_java_thread_list=0x0000015e5487f090, length=53, elements={
0x0000015e766bf030, 0x0000015e7c34e3c0, 0x0000015e76762f60, 0x0000015e767686e0,
0x0000015e767693b0, 0x0000015e7676b3f0, 0x0000015e7676f310, 0x0000015e7d7ae160,
0x0000015e7d7f0690, 0x0000015e7672aab0, 0x0000015e7db7e880, 0x0000015e7ec42a90,
0x0000015e7eebfc50, 0x0000015e7ecb65f0, 0x0000015e7ecb7020, 0x0000015e541ca660,
0x0000015e549c5800, 0x0000015e542ba830, 0x0000015e542baec0, 0x0000015e542bc900,
0x0000015e542bb550, 0x0000015e542bbbe0, 0x0000015e542bc270, 0x0000015e542b9480,
0x0000015e55b677b0, 0x0000015e55b66a90, 0x0000015e55b6a5a0, 0x0000015e55b67e40,
0x0000015e55b691f0, 0x0000015e55b67120, 0x0000015e55b684d0, 0x0000015e55b69880,
0x0000015e55b6b2c0, 0x0000015e55b69f10, 0x0000015e55b6ac30, 0x0000015e55b6b950,
0x0000015e55b6bfe0, 0x0000015e55b68b60, 0x0000015e55b6e0b0, 0x0000015e55b6cd00,
0x0000015e55b6d390, 0x0000015e55b6da20, 0x0000015e55830900, 0x0000015e55830270,
0x0000015e55833d80, 0x0000015e55835e50, 0x0000015e558364e0, 0x0000015e55835130,
0x0000015e55836b70, 0x0000015e558357c0, 0x0000015e542b9b10, 0x0000015e5485c0d0,
0x0000015e5485c760
}

Java Threads: ( => current thread )
  0x0000015e766bf030 JavaThread "main"                              [_thread_blocked, id=4344, stack(0x0000000475f00000,0x0000000476000000) (1024K)]
  0x0000015e7c34e3c0 JavaThread "Reference Handler"          daemon [_thread_blocked, id=30152, stack(0x0000000476300000,0x0000000476400000) (1024K)]
  0x0000015e76762f60 JavaThread "Finalizer"                  daemon [_thread_blocked, id=30712, stack(0x0000000476400000,0x0000000476500000) (1024K)]
  0x0000015e767686e0 JavaThread "Signal Dispatcher"          daemon [_thread_blocked, id=30552, stack(0x0000000476500000,0x0000000476600000) (1024K)]
  0x0000015e767693b0 JavaThread "Attach Listener"            daemon [_thread_blocked, id=23356, stack(0x0000000476600000,0x0000000476700000) (1024K)]
  0x0000015e7676b3f0 JavaThread "Service Thread"             daemon [_thread_blocked, id=11448, stack(0x0000000476700000,0x0000000476800000) (1024K)]
  0x0000015e7676f310 JavaThread "Monitor Deflation Thread"   daemon [_thread_blocked, id=30020, stack(0x0000000476800000,0x0000000476900000) (1024K)]
=>0x0000015e7d7ae160 JavaThread "C2 CompilerThread0"         daemon [_thread_in_native, id=29960, stack(0x0000000476900000,0x0000000476a00000) (1024K)]
  0x0000015e7d7f0690 JavaThread "C1 CompilerThread0"         daemon [_thread_blocked, id=29752, stack(0x0000000476a00000,0x0000000476b00000) (1024K)]
  0x0000015e7672aab0 JavaThread "Common-Cleaner"             daemon [_thread_blocked, id=29764, stack(0x0000000476b00000,0x0000000476c00000) (1024K)]
  0x0000015e7db7e880 JavaThread "Notification Thread"        daemon [_thread_blocked, id=29788, stack(0x0000000476d00000,0x0000000476e00000) (1024K)]
  0x0000015e7ec42a90 JavaThread "Active Thread: Equinox Container: 4c83eaac-fc3e-455f-a2a5-be3e6ca5127e"        [_thread_blocked, id=30252, stack(0x0000000477400000,0x0000000477500000) (1024K)]
  0x0000015e7eebfc50 JavaThread "Refresh Thread: Equinox Container: 4c83eaac-fc3e-455f-a2a5-be3e6ca5127e" daemon [_thread_blocked, id=29852, stack(0x0000000477600000,0x0000000477700000) (1024K)]
  0x0000015e7ecb65f0 JavaThread "Framework Event Dispatcher: Equinox Container: 4c83eaac-fc3e-455f-a2a5-be3e6ca5127e" daemon [_thread_blocked, id=8924, stack(0x0000000477700000,0x0000000477800000) (1024K)]
  0x0000015e7ecb7020 JavaThread "Start Level: Equinox Container: 4c83eaac-fc3e-455f-a2a5-be3e6ca5127e" daemon [_thread_blocked, id=30696, stack(0x0000000477800000,0x0000000477900000) (1024K)]
  0x0000015e541ca660 JavaThread "Bundle File Closer"         daemon [_thread_blocked, id=30192, stack(0x0000000477c00000,0x0000000477d00000) (1024K)]
  0x0000015e549c5800 JavaThread "SCR Component Actor"        daemon [_thread_blocked, id=30108, stack(0x0000000477d00000,0x0000000477e00000) (1024K)]
  0x0000015e542ba830 JavaThread "Worker-JM"                         [_thread_blocked, id=27492, stack(0x0000000477900000,0x0000000477a00000) (1024K)]
  0x0000015e542baec0 JavaThread "Worker-0: Initialize workspace"        [_thread_in_native, id=30264, stack(0x0000000477f00000,0x0000000478000000) (1024K)]
  0x0000015e542bc900 JavaThread "Worker-1: Initialize Workspace"        [_thread_blocked, id=26148, stack(0x0000000478000000,0x0000000478100000) (1024K)]
  0x0000015e542bb550 JavaThread "Java indexing"              daemon [_thread_in_Java, id=21168, stack(0x0000000478100000,0x0000000478200000) (1024K)]
  0x0000015e542bbbe0 JavaThread "JNA Cleaner"                daemon [_thread_blocked, id=21572, stack(0x0000000478300000,0x0000000478400000) (1024K)]
  0x0000015e542bc270 JavaThread "Worker-2"                          [_thread_blocked, id=14884, stack(0x0000000478600000,0x0000000478700000) (1024K)]
  0x0000015e542b9480 JavaThread "Worker-3"                          [_thread_blocked, id=29120, stack(0x0000000478700000,0x0000000478800000) (1024K)]
  0x0000015e55b677b0 JavaThread "Thread-2"                   daemon [_thread_in_native, id=21832, stack(0x0000000478800000,0x0000000478900000) (1024K)]
  0x0000015e55b66a90 JavaThread "Thread-3"                   daemon [_thread_in_native, id=21304, stack(0x0000000478900000,0x0000000478a00000) (1024K)]
  0x0000015e55b6a5a0 JavaThread "Thread-4"                   daemon [_thread_in_native, id=30520, stack(0x0000000478a00000,0x0000000478b00000) (1024K)]
  0x0000015e55b67e40 JavaThread "Thread-5"                   daemon [_thread_in_native, id=30428, stack(0x0000000478b00000,0x0000000478c00000) (1024K)]
  0x0000015e55b691f0 JavaThread "Thread-6"                   daemon [_thread_in_native, id=30424, stack(0x0000000478c00000,0x0000000478d00000) (1024K)]
  0x0000015e55b67120 JavaThread "Thread-7"                   daemon [_thread_in_native, id=21132, stack(0x0000000478d00000,0x0000000478e00000) (1024K)]
  0x0000015e55b684d0 JavaThread "Thread-8"                   daemon [_thread_in_native, id=17236, stack(0x0000000478e00000,0x0000000478f00000) (1024K)]
  0x0000015e55b69880 JavaThread "Thread-9"                   daemon [_thread_in_native, id=18676, stack(0x0000000478f00000,0x0000000479000000) (1024K)]
  0x0000015e55b6b2c0 JavaThread "Thread-10"                  daemon [_thread_in_native, id=30160, stack(0x0000000479000000,0x0000000479100000) (1024K)]
  0x0000015e55b69f10 JavaThread "Thread-11"                  daemon [_thread_in_native, id=30376, stack(0x0000000479100000,0x0000000479200000) (1024K)]
  0x0000015e55b6ac30 JavaThread "Thread-12"                  daemon [_thread_in_native, id=26092, stack(0x0000000479200000,0x0000000479300000) (1024K)]
  0x0000015e55b6b950 JavaThread "Thread-13"                  daemon [_thread_in_native, id=30672, stack(0x0000000479300000,0x0000000479400000) (1024K)]
  0x0000015e55b6bfe0 JavaThread "Thread-14"                  daemon [_thread_in_native, id=11124, stack(0x0000000479400000,0x0000000479500000) (1024K)]
  0x0000015e55b68b60 JavaThread "pool-2-thread-1"                   [_thread_blocked, id=30352, stack(0x0000000479500000,0x0000000479600000) (1024K)]
  0x0000015e55b6e0b0 JavaThread "Worker-4"                          [_thread_blocked, id=30568, stack(0x0000000479700000,0x0000000479800000) (1024K)]
  0x0000015e55b6cd00 JavaThread "WorkspaceEventsHandler"            [_thread_blocked, id=29876, stack(0x0000000479800000,0x0000000479900000) (1024K)]
  0x0000015e55b6d390 JavaThread "pool-1-thread-1"                   [_thread_blocked, id=28768, stack(0x0000000479900000,0x0000000479a00000) (1024K)]
  0x0000015e55b6da20 JavaThread "Worker-5: Java indexing... "        [_thread_blocked, id=30628, stack(0x0000000479a00000,0x0000000479b00000) (1024K)]
  0x0000015e55830900 JavaThread "Keep-Alive-Timer"           daemon [_thread_blocked, id=30620, stack(0x0000000479b00000,0x0000000479c00000) (1024K)]
  0x0000015e55830270 JavaThread "LocalFile Deleter"          daemon [_thread_blocked, id=27592, stack(0x0000000477e00000,0x0000000477f00000) (1024K)]
  0x0000015e55833d80 JavaThread "LocalFile Deleter"          daemon [_thread_blocked, id=24924, stack(0x0000000478200000,0x0000000478300000) (1024K)]
  0x0000015e55835e50 JavaThread "LocalFile Deleter"          daemon [_thread_blocked, id=6784, stack(0x0000000479c00000,0x0000000479d00000) (1024K)]
  0x0000015e558364e0 JavaThread "Compiler Source File Reader" daemon [_thread_blocked, id=14212, stack(0x0000000479d00000,0x0000000479e00000) (1024K)]
  0x0000015e55835130 JavaThread "Worker-6"                          [_thread_blocked, id=30204, stack(0x0000000479e00000,0x0000000479f00000) (1024K)]
  0x0000015e55836b70 JavaThread "Compiler Processing Task"   daemon [_thread_blocked, id=23404, stack(0x0000000479f00000,0x000000047a000000) (1024K)]
  0x0000015e558357c0 JavaThread "Compiler Class File Writer" daemon [_thread_blocked, id=29940, stack(0x000000047a000000,0x000000047a100000) (1024K)]
  0x0000015e542b9b10 JavaThread "Compiler Source File Reader" daemon [_thread_blocked, id=30256, stack(0x000000047a100000,0x000000047a200000) (1024K)]
  0x0000015e5485c0d0 JavaThread "Compiler Class File Writer" daemon [_thread_blocked, id=29332, stack(0x000000047a200000,0x000000047a300000) (1024K)]
  0x0000015e5485c760 JavaThread "SCR Component Registry"     daemon [_thread_blocked, id=19336, stack(0x0000000476c00000,0x0000000476d00000) (1024K)]
Total: 53

Other Threads:
  0x0000015e7c332b40 VMThread "VM Thread"                           [id=30416, stack(0x0000000476200000,0x0000000476300000) (1024K)]
  0x0000015e7c22ca00 WatcherThread "VM Periodic Task Thread"        [id=21756, stack(0x0000000476100000,0x0000000476200000) (1024K)]
  0x0000015e766def40 WorkerThread "GC Thread#0"                     [id=28172, stack(0x0000000476000000,0x0000000476100000) (1024K)]
  0x0000015e7ecdfeb0 WorkerThread "GC Thread#1"                     [id=29744, stack(0x0000000476e00000,0x0000000476f00000) (1024K)]
  0x0000015e7eaa6680 WorkerThread "GC Thread#2"                     [id=29776, stack(0x0000000476f00000,0x0000000477000000) (1024K)]
  0x0000015e7ece0250 WorkerThread "GC Thread#3"                     [id=2520, stack(0x0000000477000000,0x0000000477100000) (1024K)]
  0x0000015e7ece05f0 WorkerThread "GC Thread#4"                     [id=29740, stack(0x0000000477100000,0x0000000477200000) (1024K)]
  0x0000015e7e8a6ac0 WorkerThread "GC Thread#5"                     [id=29804, stack(0x0000000477200000,0x0000000477300000) (1024K)]
  0x0000015e7e8a6e60 WorkerThread "GC Thread#6"                     [id=18836, stack(0x0000000477300000,0x0000000477400000) (1024K)]
  0x0000015e7edc3a40 WorkerThread "GC Thread#7"                     [id=4632, stack(0x0000000477500000,0x0000000477600000) (1024K)]
  0x0000015e7edc3de0 WorkerThread "GC Thread#8"                     [id=20804, stack(0x0000000477a00000,0x0000000477b00000) (1024K)]
  0x0000015e7edc4180 WorkerThread "GC Thread#9"                     [id=30168, stack(0x0000000477b00000,0x0000000477c00000) (1024K)]
Total: 12

Threads with active compile tasks:
C2 CompilerThread0  16792 11618       4       java.lang.invoke.MethodType::methodType (69 bytes)
Total: 1

VM state: not at safepoint (normal execution)

VM Mutex/Monitor currently owned by a thread: None

Heap address: 0x00000000c0000000, size: 1024 MB, Compressed Oops mode: 32-bit

CDS archive(s) mapped at: [0x0000015e0f000000-0x0000015e0fba0000-0x0000015e0fba0000), size 12189696, SharedBaseAddress: 0x0000015e0f000000, ArchiveRelocationMode: 1.
Compressed class space mapped at: 0x0000015e10000000-0x0000015e50000000, reserved size: 1073741824
Narrow klass base: 0x0000015e0f000000, Narrow klass shift: 0, Narrow klass range: 0x100000000

GC Precious Log:
 CardTable entry size: 512
 CPUs: 12 total, 12 available
 Memory: 7984M
 Large Page Support: Disabled
 NUMA Support: Disabled
 Compressed Oops: Enabled (32-bit)
 Alignments: Space 512K, Generation 512K, Heap 2M
 Heap Min Capacity: 100M
 Heap Initial Capacity: 100M
 Heap Max Capacity: 1G
 Pre-touch: Disabled
 Parallel Workers: 10

Heap:
 PSYoungGen      total 6656K, used 4608K [0x00000000eab00000, 0x00000000eb300000, 0x0000000100000000)
  eden space 5120K, 65% used [0x00000000eab00000,0x00000000eae42330,0x00000000eb000000)
  from space 1536K, 82% used [0x00000000eb000000,0x00000000eb13df70,0x00000000eb180000)
  to   space 1536K, 0% used [0x00000000eb180000,0x00000000eb180000,0x00000000eb300000)
 ParOldGen       total 153600K, used 153386K [0x00000000c0000000, 0x00000000c9600000, 0x00000000eab00000)
  object space 153600K, 99% used [0x00000000c0000000,0x00000000c95ca9a8,0x00000000c9600000)
 Metaspace       used 67190K, committed 68736K, reserved 1114112K
  class space    used 7124K, committed 7808K, reserved 1048576K

Card table byte_map: [0x0000015e79be0000,0x0000015e79df0000] _byte_map_base: 0x0000015e795e0000

Marking Bits: (ParMarkBitMap*) 0x00007ffc75ca31f0
 Begin Bits: [0x0000015e79f50000, 0x0000015e7af50000)
 End Bits:   [0x0000015e7af50000, 0x0000015e7bf50000)

Polling page: 0x0000015e74de0000

Metaspace:

Usage:
  Non-class:     58.66 MB used.
      Class:      6.96 MB used.
       Both:     65.62 MB used.

Virtual space:
  Non-class space:       64.00 MB reserved,      59.50 MB ( 93%) committed,  1 nodes.
      Class space:        1.00 GB reserved,       7.62 MB ( <1%) committed,  1 nodes.
             Both:        1.06 GB reserved,      67.12 MB (  6%) committed. 

Chunk freelists:
   Non-Class:  4.42 MB
       Class:  8.20 MB
        Both:  12.62 MB

MaxMetaspaceSize: unlimited
CompressedClassSpaceSize: 1.00 GB
Initial GC threshold: 21.00 MB
Current GC threshold: 97.31 MB
CDS: on
 - commit_granule_bytes: 65536.
 - commit_granule_words: 8192.
 - virtual_space_node_default_size: 8388608.
 - enlarge_chunks_in_place: 1.
 - use_allocation_guard: 0.


Internal statistics:

num_allocs_failed_limit: 9.
num_arena_births: 1170.
num_arena_deaths: 20.
num_vsnodes_births: 2.
num_vsnodes_deaths: 0.
num_space_committed: 1074.
num_space_uncommitted: 0.
num_chunks_returned_to_freelist: 32.
num_chunks_taken_from_freelist: 4080.
num_chunk_merges: 12.
num_chunk_splits: 2547.
num_chunks_enlarged: 1512.
num_inconsistent_stats: 0.

CodeHeap 'non-profiled nmethods': size=120000Kb used=7761Kb max_used=7761Kb free=112238Kb
 bounds [0x0000015e07ad0000, 0x0000015e08270000, 0x0000015e0f000000]
CodeHeap 'profiled nmethods': size=120000Kb used=23474Kb max_used=23474Kb free=96525Kb
 bounds [0x0000015e00000000, 0x0000015e016f0000, 0x0000015e07530000]
CodeHeap 'non-nmethods': size=5760Kb used=1463Kb max_used=1514Kb free=4296Kb
 bounds [0x0000015e07530000, 0x0000015e077a0000, 0x0000015e07ad0000]
 total_blobs=11634 nmethods=10855 adapters=685
 compilation: enabled
              stopped_count=0, restarted_count=0
 full_count=0

Compilation events (20 events):
Event: 15.653 Thread 0x0000015e7d7f0690 nmethod 11629 0x0000015e016df410 code [0x0000015e016df680, 0x0000015e016e0220]
Event: 15.653 Thread 0x0000015e7d7f0690 11630       3       org.eclipse.m2e.core.internal.project.registry.ProjectRegistryManager$$Lambda/0x0000015e105e55a0::<init> (10 bytes)
Event: 15.654 Thread 0x0000015e7d7f0690 nmethod 11630 0x0000015e016e0610 code [0x0000015e016e07c0, 0x0000015e016e0948]
Event: 15.657 Thread 0x0000015e7d7f0690 11631       3       org.eclipse.aether.DefaultRepositorySystemSession::setTransferListener (11 bytes)
Event: 15.657 Thread 0x0000015e7d7f0690 nmethod 11631 0x0000015e016e0a10 code [0x0000015e016e0be0, 0x0000015e016e0e80]
Event: 15.662 Thread 0x0000015e7d7f0690 11632       3       org.eclipse.m2e.jdt.internal.ClasspathEntryDescriptor::setClasspathAttribute (39 bytes)
Event: 15.662 Thread 0x0000015e7d7f0690 nmethod 11632 0x0000015e016e0f90 code [0x0000015e016e1180, 0x0000015e016e1578]
Event: 15.662 Thread 0x0000015e7d7f0690 11634       3       org.eclipse.m2e.jdt.internal.ClasspathDescriptor::addEntryDescriptor (90 bytes)
Event: 15.663 Thread 0x0000015e7d7f0690 nmethod 11634 0x0000015e016e1710 code [0x0000015e016e19e0, 0x0000015e016e2a48]
Event: 15.663 Thread 0x0000015e7d7f0690 11635       3       org.apache.maven.artifact.resolver.filter.ScopeArtifactFilter::include (6 bytes)
Event: 15.664 Thread 0x0000015e7d7f0690 nmethod 11635 0x0000015e016e3090 code [0x0000015e016e3240, 0x0000015e016e3380]
Event: 15.680 Thread 0x0000015e7d7f0690 11636       3       org.eclipse.jdt.internal.compiler.classfmt.ClassFileReader::read (7 bytes)
Event: 15.680 Thread 0x0000015e7d7f0690 nmethod 11636 0x0000015e016e3410 code [0x0000015e016e35c0, 0x0000015e016e36e0]
Event: 15.680 Thread 0x0000015e7d7f0690 11637   !   3       org.eclipse.jdt.internal.compiler.classfmt.ClassFileReader::read (134 bytes)
Event: 15.683 Thread 0x0000015e7d7f0690 nmethod 11637 0x0000015e016e3790 code [0x0000015e016e3c80, 0x0000015e016e65f8]
Event: 15.695 Thread 0x0000015e7d7f0690 11638       1       org.eclipse.jdt.internal.compiler.classfmt.ModuleInfo::uses (5 bytes)
Event: 15.695 Thread 0x0000015e7d7f0690 nmethod 11638 0x0000015e08264190 code [0x0000015e08264320, 0x0000015e082643e8]
Event: 15.695 Thread 0x0000015e7d7f0690 11639       1       org.eclipse.jdt.internal.compiler.classfmt.ModuleInfo::provides (5 bytes)
Event: 15.695 Thread 0x0000015e7d7f0690 nmethod 11639 0x0000015e08264490 code [0x0000015e08264620, 0x0000015e082646e8]
Event: 15.747 Thread 0x0000015e7d7f0690 11640       3       org.eclipse.jdt.core.Signature::encodeTypeSignature (908 bytes)

GC Heap History (20 events):
Event: 15.477 GC heap before
{Heap before GC invocations=84 (full 3):
 PSYoungGen      total 6656K, used 6423K [0x00000000eab00000, 0x00000000eb300000, 0x0000000100000000)
  eden space 5120K, 100% used [0x00000000eab00000,0x00000000eb000000,0x00000000eb000000)
  from space 1536K, 84% used [0x00000000eb180000,0x00000000eb2c5d98,0x00000000eb300000)
  to   space 1536K, 0% used [0x00000000eb000000,0x00000000eb000000,0x00000000eb180000)
 ParOldGen       total 141824K, used 141725K [0x00000000c0000000, 0x00000000c8a80000, 0x00000000eab00000)
  object space 141824K, 99% used [0x00000000c0000000,0x00000000c8a676f8,0x00000000c8a80000)
 Metaspace       used 66803K, committed 68416K, reserved 1114112K
  class space    used 7089K, committed 7808K, reserved 1048576K
}
Event: 15.478 GC heap after
{Heap after GC invocations=84 (full 3):
 PSYoungGen      total 6656K, used 1380K [0x00000000eab00000, 0x00000000eb300000, 0x0000000100000000)
  eden space 5120K, 0% used [0x00000000eab00000,0x00000000eab00000,0x00000000eb000000)
  from space 1536K, 89% used [0x00000000eb000000,0x00000000eb1592a8,0x00000000eb180000)
  to   space 1536K, 0% used [0x00000000eb180000,0x00000000eb180000,0x00000000eb300000)
 ParOldGen       total 143360K, used 142900K [0x00000000c0000000, 0x00000000c8c00000, 0x00000000eab00000)
  object space 143360K, 99% used [0x00000000c0000000,0x00000000c8b8d300,0x00000000c8c00000)
 Metaspace       used 66803K, committed 68416K, reserved 1114112K
  class space    used 7089K, committed 7808K, reserved 1048576K
}
Event: 15.502 GC heap before
{Heap before GC invocations=85 (full 3):
 PSYoungGen      total 6656K, used 6500K [0x00000000eab00000, 0x00000000eb300000, 0x0000000100000000)
  eden space 5120K, 99% used [0x00000000eab00000,0x00000000eafffff8,0x00000000eb000000)
  from space 1536K, 89% used [0x00000000eb000000,0x00000000eb1592a8,0x00000000eb180000)
  to   space 1536K, 0% used [0x00000000eb180000,0x00000000eb180000,0x00000000eb300000)
 ParOldGen       total 143360K, used 142900K [0x00000000c0000000, 0x00000000c8c00000, 0x00000000eab00000)
  object space 143360K, 99% used [0x00000000c0000000,0x00000000c8b8d300,0x00000000c8c00000)
 Metaspace       used 66803K, committed 68416K, reserved 1114112K
  class space    used 7089K, committed 7808K, reserved 1048576K
}
Event: 15.503 GC heap after
{Heap after GC invocations=85 (full 3):
 PSYoungGen      total 6656K, used 1345K [0x00000000eab00000, 0x00000000eb300000, 0x0000000100000000)
  eden space 5120K, 0% used [0x00000000eab00000,0x00000000eab00000,0x00000000eb000000)
  from space 1536K, 87% used [0x00000000eb180000,0x00000000eb2d0790,0x00000000eb300000)
  to   space 1536K, 0% used [0x00000000eb000000,0x00000000eb000000,0x00000000eb180000)
 ParOldGen       total 144384K, used 144066K [0x00000000c0000000, 0x00000000c8d00000, 0x00000000eab00000)
  object space 144384K, 99% used [0x00000000c0000000,0x00000000c8cb0b18,0x00000000c8d00000)
 Metaspace       used 66803K, committed 68416K, reserved 1114112K
  class space    used 7089K, committed 7808K, reserved 1048576K
}
Event: 15.531 GC heap before
{Heap before GC invocations=86 (full 3):
 PSYoungGen      total 6656K, used 6465K [0x00000000eab00000, 0x00000000eb300000, 0x0000000100000000)
  eden space 5120K, 100% used [0x00000000eab00000,0x00000000eb000000,0x00000000eb000000)
  from space 1536K, 87% used [0x00000000eb180000,0x00000000eb2d0790,0x00000000eb300000)
  to   space 1536K, 0% used [0x00000000eb000000,0x00000000eb000000,0x00000000eb180000)
 ParOldGen       total 144384K, used 144066K [0x00000000c0000000, 0x00000000c8d00000, 0x00000000eab00000)
  object space 144384K, 99% used [0x00000000c0000000,0x00000000c8cb0b18,0x00000000c8d00000)
 Metaspace       used 66803K, committed 68416K, reserved 1114112K
  class space    used 7089K, committed 7808K, reserved 1048576K
}
Event: 15.533 GC heap after
{Heap after GC invocations=86 (full 3):
 PSYoungGen      total 6656K, used 1295K [0x00000000eab00000, 0x00000000eb300000, 0x0000000100000000)
  eden space 5120K, 0% used [0x00000000eab00000,0x00000000eab00000,0x00000000eb000000)
  from space 1536K, 84% used [0x00000000eb000000,0x00000000eb143c88,0x00000000eb180000)
  to   space 1536K, 0% used [0x00000000eb180000,0x00000000eb180000,0x00000000eb300000)
 ParOldGen       total 145408K, used 145257K [0x00000000c0000000, 0x00000000c8e00000, 0x00000000eab00000)
  object space 145408K, 99% used [0x00000000c0000000,0x00000000c8dda7b0,0x00000000c8e00000)
 Metaspace       used 66803K, committed 68416K, reserved 1114112K
  class space    used 7089K, committed 7808K, reserved 1048576K
}
Event: 15.571 GC heap before
{Heap before GC invocations=87 (full 3):
 PSYoungGen      total 6656K, used 6415K [0x00000000eab00000, 0x00000000eb300000, 0x0000000100000000)
  eden space 5120K, 100% used [0x00000000eab00000,0x00000000eb000000,0x00000000eb000000)
  from space 1536K, 84% used [0x00000000eb000000,0x00000000eb143c88,0x00000000eb180000)
  to   space 1536K, 0% used [0x00000000eb180000,0x00000000eb180000,0x00000000eb300000)
 ParOldGen       total 145408K, used 145257K [0x00000000c0000000, 0x00000000c8e00000, 0x00000000eab00000)
  object space 145408K, 99% used [0x00000000c0000000,0x00000000c8dda7b0,0x00000000c8e00000)
 Metaspace       used 66803K, committed 68416K, reserved 1114112K
  class space    used 7089K, committed 7808K, reserved 1048576K
}
Event: 15.573 GC heap after
{Heap after GC invocations=87 (full 3):
 PSYoungGen      total 6656K, used 1310K [0x00000000eab00000, 0x00000000eb300000, 0x0000000100000000)
  eden space 5120K, 0% used [0x00000000eab00000,0x00000000eab00000,0x00000000eb000000)
  from space 1536K, 85% used [0x00000000eb180000,0x00000000eb2c7b88,0x00000000eb300000)
  to   space 1536K, 0% used [0x00000000eb000000,0x00000000eb000000,0x00000000eb180000)
 ParOldGen       total 146432K, used 146409K [0x00000000c0000000, 0x00000000c8f00000, 0x00000000eab00000)
  object space 146432K, 99% used [0x00000000c0000000,0x00000000c8efa558,0x00000000c8f00000)
 Metaspace       used 66803K, committed 68416K, reserved 1114112K
  class space    used 7089K, committed 7808K, reserved 1048576K
}
Event: 15.596 GC heap before
{Heap before GC invocations=88 (full 3):
 PSYoungGen      total 6656K, used 6430K [0x00000000eab00000, 0x00000000eb300000, 0x0000000100000000)
  eden space 5120K, 100% used [0x00000000eab00000,0x00000000eb000000,0x00000000eb000000)
  from space 1536K, 85% used [0x00000000eb180000,0x00000000eb2c7b88,0x00000000eb300000)
  to   space 1536K, 0% used [0x00000000eb000000,0x00000000eb000000,0x00000000eb180000)
 ParOldGen       total 146432K, used 146409K [0x00000000c0000000, 0x00000000c8f00000, 0x00000000eab00000)
  object space 146432K, 99% used [0x00000000c0000000,0x00000000c8efa558,0x00000000c8f00000)
 Metaspace       used 66931K, committed 68480K, reserved 1114112K
  class space    used 7096K, committed 7808K, reserved 1048576K
}
Event: 15.598 GC heap after
{Heap after GC invocations=88 (full 3):
 PSYoungGen      total 6656K, used 1183K [0x00000000eab00000, 0x00000000eb300000, 0x0000000100000000)
  eden space 5120K, 0% used [0x00000000eab00000,0x00000000eab00000,0x00000000eb000000)
  from space 1536K, 77% used [0x00000000eb000000,0x00000000eb127f30,0x00000000eb180000)
  to   space 1536K, 0% used [0x00000000eb180000,0x00000000eb180000,0x00000000eb300000)
 ParOldGen       total 147968K, used 147557K [0x00000000c0000000, 0x00000000c9080000, 0x00000000eab00000)
  object space 147968K, 99% used [0x00000000c0000000,0x00000000c9019540,0x00000000c9080000)
 Metaspace       used 66931K, committed 68480K, reserved 1114112K
  class space    used 7096K, committed 7808K, reserved 1048576K
}
Event: 15.631 GC heap before
{Heap before GC invocations=89 (full 3):
 PSYoungGen      total 6656K, used 6303K [0x00000000eab00000, 0x00000000eb300000, 0x0000000100000000)
  eden space 5120K, 100% used [0x00000000eab00000,0x00000000eb000000,0x00000000eb000000)
  from space 1536K, 77% used [0x00000000eb000000,0x00000000eb127f30,0x00000000eb180000)
  to   space 1536K, 0% used [0x00000000eb180000,0x00000000eb180000,0x00000000eb300000)
 ParOldGen       total 147968K, used 147557K [0x00000000c0000000, 0x00000000c9080000, 0x00000000eab00000)
  object space 147968K, 99% used [0x00000000c0000000,0x00000000c9019540,0x00000000c9080000)
 Metaspace       used 67121K, committed 68672K, reserved 1114112K
  class space    used 7109K, committed 7808K, reserved 1048576K
}
Event: 15.632 GC heap after
{Heap after GC invocations=89 (full 3):
 PSYoungGen      total 6656K, used 1138K [0x00000000eab00000, 0x00000000eb300000, 0x0000000100000000)
  eden space 5120K, 0% used [0x00000000eab00000,0x00000000eab00000,0x00000000eb000000)
  from space 1536K, 74% used [0x00000000eb180000,0x00000000eb29c8c0,0x00000000eb300000)
  to   space 1536K, 0% used [0x00000000eb000000,0x00000000eb000000,0x00000000eb180000)
 ParOldGen       total 148992K, used 148592K [0x00000000c0000000, 0x00000000c9180000, 0x00000000eab00000)
  object space 148992K, 99% used [0x00000000c0000000,0x00000000c911c220,0x00000000c9180000)
 Metaspace       used 67121K, committed 68672K, reserved 1114112K
  class space    used 7109K, committed 7808K, reserved 1048576K
}
Event: 15.667 GC heap before
{Heap before GC invocations=90 (full 3):
 PSYoungGen      total 6656K, used 6258K [0x00000000eab00000, 0x00000000eb300000, 0x0000000100000000)
  eden space 5120K, 100% used [0x00000000eab00000,0x00000000eb000000,0x00000000eb000000)
  from space 1536K, 74% used [0x00000000eb180000,0x00000000eb29c8c0,0x00000000eb300000)
  to   space 1536K, 0% used [0x00000000eb000000,0x00000000eb000000,0x00000000eb180000)
 ParOldGen       total 148992K, used 148592K [0x00000000c0000000, 0x00000000c9180000, 0x00000000eab00000)
  object space 148992K, 99% used [0x00000000c0000000,0x00000000c911c220,0x00000000c9180000)
 Metaspace       used 67189K, committed 68736K, reserved 1114112K
  class space    used 7124K, committed 7808K, reserved 1048576K
}
Event: 15.669 GC heap after
{Heap after GC invocations=90 (full 3):
 PSYoungGen      total 6656K, used 1413K [0x00000000eab00000, 0x00000000eb300000, 0x0000000100000000)
  eden space 5120K, 0% used [0x00000000eab00000,0x00000000eab00000,0x00000000eb000000)
  from space 1536K, 92% used [0x00000000eb000000,0x00000000eb161520,0x00000000eb180000)
  to   space 1536K, 0% used [0x00000000eb180000,0x00000000eb180000,0x00000000eb300000)
 ParOldGen       total 150016K, used 149575K [0x00000000c0000000, 0x00000000c9280000, 0x00000000eab00000)
  object space 150016K, 99% used [0x00000000c0000000,0x00000000c9211c88,0x00000000c9280000)
 Metaspace       used 67189K, committed 68736K, reserved 1114112K
  class space    used 7124K, committed 7808K, reserved 1048576K
}
Event: 15.689 GC heap before
{Heap before GC invocations=91 (full 3):
 PSYoungGen      total 6656K, used 6529K [0x00000000eab00000, 0x00000000eb300000, 0x0000000100000000)
  eden space 5120K, 99% used [0x00000000eab00000,0x00000000eafff0b0,0x00000000eb000000)
  from space 1536K, 92% used [0x00000000eb000000,0x00000000eb161520,0x00000000eb180000)
  to   space 1536K, 0% used [0x00000000eb180000,0x00000000eb180000,0x00000000eb300000)
 ParOldGen       total 150016K, used 149575K [0x00000000c0000000, 0x00000000c9280000, 0x00000000eab00000)
  object space 150016K, 99% used [0x00000000c0000000,0x00000000c9211c88,0x00000000c9280000)
 Metaspace       used 67190K, committed 68736K, reserved 1114112K
  class space    used 7124K, committed 7808K, reserved 1048576K
}
Event: 15.691 GC heap after
{Heap after GC invocations=91 (full 3):
 PSYoungGen      total 6656K, used 1207K [0x00000000eab00000, 0x00000000eb300000, 0x0000000100000000)
  eden space 5120K, 0% used [0x00000000eab00000,0x00000000eab00000,0x00000000eb000000)
  from space 1536K, 78% used [0x00000000eb180000,0x00000000eb2ade60,0x00000000eb300000)
  to   space 1536K, 0% used [0x00000000eb000000,0x00000000eb000000,0x00000000eb180000)
 ParOldGen       total 151040K, used 150696K [0x00000000c0000000, 0x00000000c9380000, 0x00000000eab00000)
  object space 151040K, 99% used [0x00000000c0000000,0x00000000c932a098,0x00000000c9380000)
 Metaspace       used 67190K, committed 68736K, reserved 1114112K
  class space    used 7124K, committed 7808K, reserved 1048576K
}
Event: 15.714 GC heap before
{Heap before GC invocations=92 (full 3):
 PSYoungGen      total 6656K, used 6327K [0x00000000eab00000, 0x00000000eb300000, 0x0000000100000000)
  eden space 5120K, 100% used [0x00000000eab00000,0x00000000eb000000,0x00000000eb000000)
  from space 1536K, 78% used [0x00000000eb180000,0x00000000eb2ade60,0x00000000eb300000)
  to   space 1536K, 0% used [0x00000000eb000000,0x00000000eb000000,0x00000000eb180000)
 ParOldGen       total 151040K, used 150696K [0x00000000c0000000, 0x00000000c9380000, 0x00000000eab00000)
  object space 151040K, 99% used [0x00000000c0000000,0x00000000c932a098,0x00000000c9380000)
 Metaspace       used 67190K, committed 68736K, reserved 1114112K
  class space    used 7124K, committed 7808K, reserved 1048576K
}
Event: 15.715 GC heap after
{Heap after GC invocations=92 (full 3):
 PSYoungGen      total 6656K, used 901K [0x00000000eab00000, 0x00000000eb300000, 0x0000000100000000)
  eden space 5120K, 0% used [0x00000000eab00000,0x00000000eab00000,0x00000000eb000000)
  from space 1536K, 58% used [0x00000000eb000000,0x00000000eb0e14f8,0x00000000eb180000)
  to   space 1536K, 0% used [0x00000000eb180000,0x00000000eb180000,0x00000000eb300000)
 ParOldGen       total 152064K, used 151738K [0x00000000c0000000, 0x00000000c9480000, 0x00000000eab00000)
  object space 152064K, 99% used [0x00000000c0000000,0x00000000c942e918,0x00000000c9480000)
 Metaspace       used 67190K, committed 68736K, reserved 1114112K
  class space    used 7124K, committed 7808K, reserved 1048576K
}
Event: 15.739 GC heap before
{Heap before GC invocations=93 (full 3):
 PSYoungGen      total 6656K, used 6020K [0x00000000eab00000, 0x00000000eb300000, 0x0000000100000000)
  eden space 5120K, 99% used [0x00000000eab00000,0x00000000eafffe88,0x00000000eb000000)
  from space 1536K, 58% used [0x00000000eb000000,0x00000000eb0e14f8,0x00000000eb180000)
  to   space 1536K, 0% used [0x00000000eb180000,0x00000000eb180000,0x00000000eb300000)
 ParOldGen       total 152064K, used 151738K [0x00000000c0000000, 0x00000000c9480000, 0x00000000eab00000)
  object space 152064K, 99% used [0x00000000c0000000,0x00000000c942e918,0x00000000c9480000)
 Metaspace       used 67190K, committed 68736K, reserved 1114112K
  class space    used 7124K, committed 7808K, reserved 1048576K
}
Event: 15.741 GC heap after
{Heap after GC invocations=93 (full 3):
 PSYoungGen      total 6656K, used 1116K [0x00000000eab00000, 0x00000000eb300000, 0x0000000100000000)
  eden space 5120K, 0% used [0x00000000eab00000,0x00000000eab00000,0x00000000eb000000)
  from space 1536K, 72% used [0x00000000eb180000,0x00000000eb297020,0x00000000eb300000)
  to   space 1536K, 0% used [0x00000000eb000000,0x00000000eb000000,0x00000000eb180000)
 ParOldGen       total 152576K, used 152486K [0x00000000c0000000, 0x00000000c9500000, 0x00000000eab00000)
  object space 152576K, 99% used [0x00000000c0000000,0x00000000c94e9bc0,0x00000000c9500000)
 Metaspace       used 67190K, committed 68736K, reserved 1114112K
  class space    used 7124K, committed 7808K, reserved 1048576K
}

Dll operation events (14 events):
Event: 0.008 Loaded shared library c:\Users\Liaaan\.vscode\extensions\redhat.java-1.42.0-win32-x64\jre\21.0.7-win32-x86_64\bin\java.dll
Event: 0.101 Loaded shared library c:\Users\Liaaan\.vscode\extensions\redhat.java-1.42.0-win32-x64\jre\21.0.7-win32-x86_64\bin\zip.dll
Event: 0.123 Loaded shared library C:\Users\Liaaan\.vscode\extensions\redhat.java-1.42.0-win32-x64\jre\21.0.7-win32-x86_64\bin\instrument.dll
Event: 0.129 Loaded shared library C:\Users\Liaaan\.vscode\extensions\redhat.java-1.42.0-win32-x64\jre\21.0.7-win32-x86_64\bin\net.dll
Event: 0.131 Loaded shared library C:\Users\Liaaan\.vscode\extensions\redhat.java-1.42.0-win32-x64\jre\21.0.7-win32-x86_64\bin\nio.dll
Event: 0.135 Loaded shared library C:\Users\Liaaan\.vscode\extensions\redhat.java-1.42.0-win32-x64\jre\21.0.7-win32-x86_64\bin\zip.dll
Event: 0.167 Loaded shared library C:\Users\Liaaan\.vscode\extensions\redhat.java-1.42.0-win32-x64\jre\21.0.7-win32-x86_64\bin\jimage.dll
Event: 0.248 Loaded shared library c:\Users\Liaaan\.vscode\extensions\redhat.java-1.42.0-win32-x64\jre\21.0.7-win32-x86_64\bin\verify.dll
Event: 1.349 Loaded shared library C:\Users\Liaaan\AppData\Roaming\Code\User\globalStorage\redhat.java\1.42.0\config_win\org.eclipse.equinox.launcher\org.eclipse.equinox.launcher.win32.win32.x86_64_1.2.1300.v20250331-1702\eclipse_11911.dll
Event: 2.631 Loaded shared library C:\Users\Liaaan\.vscode\extensions\redhat.java-1.42.0-win32-x64\jre\21.0.7-win32-x86_64\bin\management.dll
Event: 2.635 Loaded shared library C:\Users\Liaaan\.vscode\extensions\redhat.java-1.42.0-win32-x64\jre\21.0.7-win32-x86_64\bin\management_ext.dll
Event: 3.777 Loaded shared library C:\Users\Liaaan\AppData\Local\Temp\jna--2019196054\jna14541772927612304925.dll
Event: 3.886 Loaded shared library C:\Users\Liaaan\.vscode\extensions\redhat.java-1.42.0-win32-x64\jre\21.0.7-win32-x86_64\bin\sunmscapi.dll
Event: 4.098 Loaded shared library C:\Users\Liaaan\.vscode\extensions\redhat.java-1.42.0-win32-x64\jre\21.0.7-win32-x86_64\bin\extnet.dll

Deoptimization events (20 events):
Event: 13.938 Thread 0x0000015e542bb550 Uncommon trap: trap_request=0xffffffe4 fr.pc=0x0000015e08226500 relative=0x00000000000010c0
Event: 13.938 Thread 0x0000015e542bb550 Uncommon trap: reason=range_check action=make_not_entrant pc=0x0000015e08226500 method=org.eclipse.jdt.internal.core.search.matching.ConstructorPattern.createDeclarationIndexKey([CI[C[[C[[CI[CII)[C @ 352 c2
Event: 13.938 Thread 0x0000015e542bb550 DEOPT PACKING pc=0x0000015e08226500 sp=0x00000004781fe760
Event: 13.938 Thread 0x0000015e542bb550 DEOPT UNPACKING pc=0x0000015e07583aa2 sp=0x00000004781fe6b0 mode 2
Event: 13.980 Thread 0x0000015e542bb550 DEOPT PACKING pc=0x0000015e014cacd7 sp=0x00000004781fe550
Event: 13.980 Thread 0x0000015e542bb550 DEOPT UNPACKING pc=0x0000015e07584242 sp=0x00000004781fd9b8 mode 0
Event: 13.980 Thread 0x0000015e542bb550 DEOPT PACKING pc=0x0000015e014cb696 sp=0x00000004781fe4c0
Event: 13.980 Thread 0x0000015e542bb550 DEOPT UNPACKING pc=0x0000015e07584242 sp=0x00000004781fd998 mode 0
Event: 14.334 Thread 0x0000015e542bb550 Uncommon trap: trap_request=0xffffff45 fr.pc=0x0000015e08219f40 relative=0x00000000000001a0
Event: 14.334 Thread 0x0000015e542bb550 Uncommon trap: reason=unstable_if action=reinterpret pc=0x0000015e08219f40 method=org.eclipse.jdt.internal.compiler.parser.Scanner.internalScanIdentifierOrKeyword(II[C)Lorg/eclipse/jdt/internal/compiler/parser/TerminalToken; @ 3502 c2
Event: 14.334 Thread 0x0000015e542bb550 DEOPT PACKING pc=0x0000015e08219f40 sp=0x00000004781fe8c0
Event: 14.334 Thread 0x0000015e542bb550 DEOPT UNPACKING pc=0x0000015e07583aa2 sp=0x00000004781fe858 mode 2
Event: 15.564 Thread 0x0000015e55b6d390 Uncommon trap: trap_request=0xffffff45 fr.pc=0x0000015e08261f08 relative=0x0000000000000b88
Event: 15.564 Thread 0x0000015e55b6d390 Uncommon trap: reason=unstable_if action=reinterpret pc=0x0000015e08261f08 method=com.google.gson.stream.JsonReader.nextString()Ljava/lang/String; @ 6 c2
Event: 15.564 Thread 0x0000015e55b6d390 DEOPT PACKING pc=0x0000015e08261f08 sp=0x00000004799fefd0
Event: 15.564 Thread 0x0000015e55b6d390 DEOPT UNPACKING pc=0x0000015e07583aa2 sp=0x00000004799fefc0 mode 2
Event: 15.649 Thread 0x0000015e542baec0 Uncommon trap: trap_request=0xffffffde fr.pc=0x0000015e07d5f7b4 relative=0x0000000000000274
Event: 15.649 Thread 0x0000015e542baec0 Uncommon trap: reason=class_check action=maybe_recompile pc=0x0000015e07d5f7b4 method=java.util.Comparator.lambda$comparing$77a9974f$1(Ljava/util/function/Function;Ljava/lang/Object;Ljava/lang/Object;)I @ 7 c2
Event: 15.649 Thread 0x0000015e542baec0 DEOPT PACKING pc=0x0000015e07d5f7b4 sp=0x0000000477ffd8e0
Event: 15.649 Thread 0x0000015e542baec0 DEOPT UNPACKING pc=0x0000015e07583aa2 sp=0x0000000477ffd810 mode 2

Classes loaded (20 events):
Event: 11.955 Loading class com/sun/org/apache/xerces/internal/xni/XNIException
Event: 11.955 Loading class com/sun/org/apache/xerces/internal/xni/XNIException done
Event: 11.955 Loading class com/sun/org/apache/xerces/internal/xni/parser/XMLParseException
Event: 11.955 Loading class com/sun/org/apache/xerces/internal/xni/parser/XMLParseException done
Event: 12.104 Loading class java/util/Hashtable$ValueCollection
Event: 12.104 Loading class java/util/Hashtable$ValueCollection done
Event: 12.153 Loading class java/util/concurrent/ConcurrentHashMap$KeySpliterator
Event: 12.154 Loading class java/util/concurrent/ConcurrentHashMap$KeySpliterator done
Event: 12.367 Loading class jdk/internal/module/IllegalAccessLogger
Event: 12.367 Loading class jdk/internal/module/IllegalAccessLogger done
Event: 12.649 Loading class java/io/CharArrayWriter
Event: 12.649 Loading class java/io/CharArrayWriter done
Event: 12.661 Loading class java/nio/file/attribute/PosixFileAttributes
Event: 12.661 Loading class java/nio/file/attribute/PosixFileAttributes done
Event: 14.622 Loading class sun/security/ssl/Alert
Event: 14.623 Loading class sun/security/ssl/Alert done
Event: 14.623 Loading class sun/security/ssl/Alert$AlertConsumer
Event: 14.623 Loading class sun/security/ssl/Alert$AlertConsumer done
Event: 14.623 Loading class sun/security/ssl/Alert$Level
Event: 14.624 Loading class sun/security/ssl/Alert$Level done

Classes unloaded (10 events):
Event: 3.175 Thread 0x0000015e7c332b40 Unloading class 0x0000015e101a0c00 'java/lang/invoke/LambdaForm$MH+0x0000015e101a0c00'
Event: 3.175 Thread 0x0000015e7c332b40 Unloading class 0x0000015e101a0800 'java/lang/invoke/LambdaForm$MH+0x0000015e101a0800'
Event: 3.175 Thread 0x0000015e7c332b40 Unloading class 0x0000015e101a0400 'java/lang/invoke/LambdaForm$MH+0x0000015e101a0400'
Event: 3.175 Thread 0x0000015e7c332b40 Unloading class 0x0000015e101a0000 'java/lang/invoke/LambdaForm$MH+0x0000015e101a0000'
Event: 3.175 Thread 0x0000015e7c332b40 Unloading class 0x0000015e1019fc00 'java/lang/invoke/LambdaForm$BMH+0x0000015e1019fc00'
Event: 3.175 Thread 0x0000015e7c332b40 Unloading class 0x0000015e1019f800 'java/lang/invoke/LambdaForm$DMH+0x0000015e1019f800'
Event: 3.175 Thread 0x0000015e7c332b40 Unloading class 0x0000015e1019e400 'java/lang/invoke/LambdaForm$DMH+0x0000015e1019e400'
Event: 9.960 Thread 0x0000015e7c332b40 Unloading class 0x0000015e10615000 'java/lang/invoke/LambdaForm$DMH+0x0000015e10615000'
Event: 9.960 Thread 0x0000015e7c332b40 Unloading class 0x0000015e10614c00 'java/lang/invoke/LambdaForm$DMH+0x0000015e10614c00'
Event: 9.960 Thread 0x0000015e7c332b40 Unloading class 0x0000015e10614800 'java/lang/invoke/LambdaForm$DMH+0x0000015e10614800'

Classes redefined (0 events):
No events

Internal exceptions (20 events):
Event: 12.156 Thread 0x0000015e542b9480 Exception <a 'java/lang/NoSuchMethodError'{0x00000000eb2f0508}: 'java.lang.Object java.lang.invoke.DirectMethodHandle$Holder.newInvokeSpecial(java.lang.Object, java.lang.Object, int, int, java.lang.Object)'> (0x00000000eb2f0508) 
thrown [s\src\hotspot\share\interpreter\linkResolver.cpp, line 773]
Event: 12.205 Thread 0x0000015e542b9480 Exception <a 'sun/nio/fs/WindowsException'{0x00000000eb492848}> (0x00000000eb492848) 
thrown [s\src\hotspot\share\prims\jni.cpp, line 520]
Event: 12.206 Thread 0x0000015e55830270 Exception <a 'sun/nio/fs/WindowsException'{0x00000000eb496bd8}> (0x00000000eb496bd8) 
thrown [s\src\hotspot\share\prims\jni.cpp, line 520]
Event: 12.206 Thread 0x0000015e55830270 Exception <a 'sun/nio/fs/WindowsException'{0x00000000eb497cc0}> (0x00000000eb497cc0) 
thrown [s\src\hotspot\share\prims\jni.cpp, line 520]
Event: 12.380 Thread 0x0000015e542b9480 Exception <a 'sun/nio/fs/WindowsException'{0x00000000eb243dd0}> (0x00000000eb243dd0) 
thrown [s\src\hotspot\share\prims\jni.cpp, line 520]
Event: 12.380 Thread 0x0000015e542b9480 Exception <a 'sun/nio/fs/WindowsException'{0x00000000eb244688}> (0x00000000eb244688) 
thrown [s\src\hotspot\share\prims\jni.cpp, line 520]
Event: 12.394 Thread 0x0000015e542b9480 Exception <a 'java/lang/NoSuchMethodError'{0x00000000eb314c20}: 'java.lang.Object java.lang.invoke.DirectMethodHandle$Holder.newInvokeSpecial(java.lang.Object, java.lang.Object, int, java.lang.Object, java.lang.Object)'> (0x00000000eb314c20) 
thrown [s\src\hotspot\share\interpreter\linkResolver.cpp, line 773]
Event: 12.398 Thread 0x0000015e542b9480 Exception <a 'java/lang/NoSuchMethodError'{0x00000000eb397118}: 'java.lang.Object java.lang.invoke.DirectMethodHandle$Holder.invokeSpecial(java.lang.Object, java.lang.Object, java.lang.Object, int, java.lang.Object, java.lang.Object, java.lang.Object)'> (0x00000000eb397118) 
thrown [s\src\hotspot\share\interpreter\linkResolver.cpp, line 773]
Event: 13.257 Thread 0x0000015e542bb550 Implicit null exception at 0x0000015e081d41ff to 0x0000015e081d8928
Event: 15.618 Thread 0x0000015e542baec0 Exception <a 'sun/nio/fs/WindowsException'{0x00000000eae9f240}> (0x00000000eae9f240) 
thrown [s\src\hotspot\share\prims\jni.cpp, line 520]
Event: 15.619 Thread 0x0000015e542baec0 Exception <a 'sun/nio/fs/WindowsException'{0x00000000eae9faf8}> (0x00000000eae9faf8) 
thrown [s\src\hotspot\share\prims\jni.cpp, line 520]
Event: 15.620 Thread 0x0000015e542baec0 Exception <a 'sun/nio/fs/WindowsException'{0x00000000eaeb8e40}> (0x00000000eaeb8e40) 
thrown [s\src\hotspot\share\prims\jni.cpp, line 520]
Event: 15.620 Thread 0x0000015e542baec0 Exception <a 'sun/nio/fs/WindowsException'{0x00000000eaeb96f8}> (0x00000000eaeb96f8) 
thrown [s\src\hotspot\share\prims\jni.cpp, line 520]
Event: 15.625 Thread 0x0000015e542baec0 Exception <a 'java/io/FileNotFoundException'{0x00000000eaf31050}> (0x00000000eaf31050) 
thrown [s\src\hotspot\share\prims\jni.cpp, line 520]
Event: 15.625 Thread 0x0000015e542baec0 Exception <a 'java/io/FileNotFoundException'{0x00000000eaf31e08}> (0x00000000eaf31e08) 
thrown [s\src\hotspot\share\prims\jni.cpp, line 520]
Event: 15.636 Thread 0x0000015e542baec0 Exception <a 'sun/nio/fs/WindowsException'{0x00000000eab2b5d0}> (0x00000000eab2b5d0) 
thrown [s\src\hotspot\share\prims\jni.cpp, line 520]
Event: 15.636 Thread 0x0000015e542baec0 Exception <a 'sun/nio/fs/WindowsException'{0x00000000eab2cb28}> (0x00000000eab2cb28) 
thrown [s\src\hotspot\share\prims\jni.cpp, line 520]
Event: 15.638 Thread 0x0000015e55b6d390 Exception <a 'java/lang/IncompatibleClassChangeError'{0x00000000eab39f88}: Found class java.lang.Object, but interface was expected> (0x00000000eab39f88) 
thrown [s\src\hotspot\share\interpreter\linkResolver.cpp, line 840]
Event: 15.657 Thread 0x0000015e542baec0 Exception <a 'sun/nio/fs/WindowsException'{0x00000000eadd4888}> (0x00000000eadd4888) 
thrown [s\src\hotspot\share\prims\jni.cpp, line 520]
Event: 15.657 Thread 0x0000015e542baec0 Exception <a 'sun/nio/fs/WindowsException'{0x00000000eadd53f0}> (0x00000000eadd53f0) 
thrown [s\src\hotspot\share\prims\jni.cpp, line 520]

ZGC Phase Switch (0 events):
No events

VM Operations (20 events):
Event: 15.478 Executing VM operation: ParallelGCFailedAllocation (Allocation Failure) done
Event: 15.502 Executing VM operation: ParallelGCFailedAllocation (Allocation Failure)
Event: 15.503 Executing VM operation: ParallelGCFailedAllocation (Allocation Failure) done
Event: 15.531 Executing VM operation: ParallelGCFailedAllocation (Allocation Failure)
Event: 15.533 Executing VM operation: ParallelGCFailedAllocation (Allocation Failure) done
Event: 15.571 Executing VM operation: ParallelGCFailedAllocation (Allocation Failure)
Event: 15.573 Executing VM operation: ParallelGCFailedAllocation (Allocation Failure) done
Event: 15.596 Executing VM operation: ParallelGCFailedAllocation (Allocation Failure)
Event: 15.598 Executing VM operation: ParallelGCFailedAllocation (Allocation Failure) done
Event: 15.631 Executing VM operation: ParallelGCFailedAllocation (Allocation Failure)
Event: 15.632 Executing VM operation: ParallelGCFailedAllocation (Allocation Failure) done
Event: 15.667 Executing VM operation: ParallelGCFailedAllocation (Allocation Failure)
Event: 15.669 Executing VM operation: ParallelGCFailedAllocation (Allocation Failure) done
Event: 15.689 Executing VM operation: ParallelGCFailedAllocation (Allocation Failure)
Event: 15.691 Executing VM operation: ParallelGCFailedAllocation (Allocation Failure) done
Event: 15.713 Executing VM operation: ParallelGCFailedAllocation (Allocation Failure)
Event: 15.715 Executing VM operation: ParallelGCFailedAllocation (Allocation Failure) done
Event: 15.739 Executing VM operation: ParallelGCFailedAllocation (Allocation Failure)
Event: 15.741 Executing VM operation: ParallelGCFailedAllocation (Allocation Failure) done
Event: 15.770 Executing VM operation: ParallelGCFailedAllocation (Allocation Failure)

Memory protections (0 events):
No events

Nmethod flushes (20 events):
Event: 9.976 Thread 0x0000015e7c332b40 flushing  nmethod 0x0000015e0084f310
Event: 9.976 Thread 0x0000015e7c332b40 flushing  nmethod 0x0000015e00850210
Event: 9.976 Thread 0x0000015e7c332b40 flushing  nmethod 0x0000015e0085ab90
Event: 9.976 Thread 0x0000015e7c332b40 flushing  nmethod 0x0000015e00863d10
Event: 9.976 Thread 0x0000015e7c332b40 flushing  nmethod 0x0000015e00892690
Event: 9.976 Thread 0x0000015e7c332b40 flushing  nmethod 0x0000015e00893590
Event: 9.976 Thread 0x0000015e7c332b40 flushing  nmethod 0x0000015e00894610
Event: 9.976 Thread 0x0000015e7c332b40 flushing  nmethod 0x0000015e00897b10
Event: 9.976 Thread 0x0000015e7c332b40 flushing  nmethod 0x0000015e00898d90
Event: 9.976 Thread 0x0000015e7c332b40 flushing  nmethod 0x0000015e00899210
Event: 9.976 Thread 0x0000015e7c332b40 flushing  nmethod 0x0000015e00899790
Event: 9.976 Thread 0x0000015e7c332b40 flushing  nmethod 0x0000015e00899b10
Event: 9.976 Thread 0x0000015e7c332b40 flushing  nmethod 0x0000015e0089b290
Event: 9.976 Thread 0x0000015e7c332b40 flushing  nmethod 0x0000015e008b3910
Event: 9.976 Thread 0x0000015e7c332b40 flushing  nmethod 0x0000015e008ce190
Event: 9.976 Thread 0x0000015e7c332b40 flushing  nmethod 0x0000015e008cfd90
Event: 9.976 Thread 0x0000015e7c332b40 flushing  nmethod 0x0000015e008d6410
Event: 9.976 Thread 0x0000015e7c332b40 flushing  nmethod 0x0000015e00923410
Event: 9.976 Thread 0x0000015e7c332b40 flushing  nmethod 0x0000015e0092e490
Event: 9.976 Thread 0x0000015e7c332b40 flushing  nmethod 0x0000015e00957f90

Events (20 events):
Event: 10.630 Thread 0x0000015e55830270 Thread added: 0x0000015e55833d80
Event: 10.631 Thread 0x0000015e55830270 Thread added: 0x0000015e55835e50
Event: 10.652 Thread 0x0000015e542b9480 Thread added: 0x0000015e558364e0
Event: 11.836 Thread 0x0000015e55b6e0b0 Thread added: 0x0000015e55835130
Event: 11.863 Thread 0x0000015e542b9480 Thread added: 0x0000015e55836b70
Event: 12.157 Thread 0x0000015e542b9480 Thread added: 0x0000015e558357c0
Event: 12.215 Thread 0x0000015e542b9480 Thread added: 0x0000015e542b9b10
Event: 12.371 Thread 0x0000015e542b9480 Thread added: 0x0000015e5485c0d0
Event: 12.433 Thread 0x0000015e542b9480 Thread added: 0x0000015e5485ad20
Event: 12.433 Thread 0x0000015e542b9480 Thread added: 0x0000015e5485cdf0
Event: 12.433 Thread 0x0000015e542b9480 Thread added: 0x0000015e5485a690
Event: 12.433 Thread 0x0000015e542b9480 Thread added: 0x0000015e5485d480
Event: 12.433 Thread 0x0000015e542b9480 Thread added: 0x0000015e5485a000
Event: 12.470 Thread 0x0000015e5485d480 Thread exited: 0x0000015e5485d480
Event: 12.470 Thread 0x0000015e5485cdf0 Thread exited: 0x0000015e5485cdf0
Event: 12.471 Thread 0x0000015e5485a690 Thread exited: 0x0000015e5485a690
Event: 12.471 Thread 0x0000015e5485ad20 Thread exited: 0x0000015e5485ad20
Event: 12.471 Thread 0x0000015e5485a000 Thread exited: 0x0000015e5485a000
Event: 14.572 Thread 0x0000015e561e4b80 Thread exited: 0x0000015e561e4b80
Event: 15.650 Thread 0x0000015e542baec0 Thread added: 0x0000015e5485c760


Dynamic libraries:
0x00007ff687e10000 - 0x00007ff687e1e000 	c:\Users\Liaaan\.vscode\extensions\redhat.java-1.42.0-win32-x64\jre\21.0.7-win32-x86_64\bin\java.exe
0x00007ffcf7ac0000 - 0x00007ffcf7d26000 	C:\WINDOWS\SYSTEM32\ntdll.dll
0x00007ffcf6af0000 - 0x00007ffcf6bb9000 	C:\WINDOWS\System32\KERNEL32.DLL
0x00007ffcf4fd0000 - 0x00007ffcf539c000 	C:\WINDOWS\System32\KERNELBASE.dll
0x00007ffcf53a0000 - 0x00007ffcf54eb000 	C:\WINDOWS\System32\ucrtbase.dll
0x00007ffce7500000 - 0x00007ffce7518000 	c:\Users\Liaaan\.vscode\extensions\redhat.java-1.42.0-win32-x64\jre\21.0.7-win32-x86_64\bin\jli.dll
0x00007ffcd1f40000 - 0x00007ffcd1f5e000 	c:\Users\Liaaan\.vscode\extensions\redhat.java-1.42.0-win32-x64\jre\21.0.7-win32-x86_64\bin\VCRUNTIME140.dll
0x00007ffcf6800000 - 0x00007ffcf69ca000 	C:\WINDOWS\System32\USER32.dll
0x00007ffcd5120000 - 0x00007ffcd53ba000 	C:\WINDOWS\WinSxS\amd64_microsoft.windows.common-controls_6595b64144ccf1df_6.0.26100.3912_none_3e07963ce335137e\COMCTL32.dll
0x00007ffcf76e0000 - 0x00007ffcf7789000 	C:\WINDOWS\System32\msvcrt.dll
0x00007ffcf4c50000 - 0x00007ffcf4c77000 	C:\WINDOWS\System32\win32u.dll
0x00007ffcf78f0000 - 0x00007ffcf791b000 	C:\WINDOWS\System32\GDI32.dll
0x00007ffcf4c80000 - 0x00007ffcf4db2000 	C:\WINDOWS\System32\gdi32full.dll
0x00007ffcf57d0000 - 0x00007ffcf5873000 	C:\WINDOWS\System32\msvcp_win.dll
0x00007ffcf59d0000 - 0x00007ffcf5a00000 	C:\WINDOWS\System32\IMM32.DLL
0x00007ffcef450000 - 0x00007ffcef45c000 	c:\Users\Liaaan\.vscode\extensions\redhat.java-1.42.0-win32-x64\jre\21.0.7-win32-x86_64\bin\vcruntime140_1.dll
0x00007ffcc5330000 - 0x00007ffcc53bd000 	c:\Users\Liaaan\.vscode\extensions\redhat.java-1.42.0-win32-x64\jre\21.0.7-win32-x86_64\bin\msvcp140.dll
0x00007ffc74ff0000 - 0x00007ffc75d80000 	c:\Users\Liaaan\.vscode\extensions\redhat.java-1.42.0-win32-x64\jre\21.0.7-win32-x86_64\bin\server\jvm.dll
0x00007ffcf7920000 - 0x00007ffcf79d2000 	C:\WINDOWS\System32\ADVAPI32.dll
0x00007ffcf7840000 - 0x00007ffcf78e6000 	C:\WINDOWS\System32\sechost.dll
0x00007ffcf69d0000 - 0x00007ffcf6ae6000 	C:\WINDOWS\System32\RPCRT4.dll
0x00007ffcf5a10000 - 0x00007ffcf5a84000 	C:\WINDOWS\System32\WS2_32.dll
0x00007ffce6f60000 - 0x00007ffce6f96000 	C:\WINDOWS\SYSTEM32\WINMM.dll
0x00007ffcf4620000 - 0x00007ffcf467e000 	C:\WINDOWS\SYSTEM32\POWRPROF.dll
0x00007ffced150000 - 0x00007ffced15b000 	C:\WINDOWS\SYSTEM32\VERSION.dll
0x00007ffcf4600000 - 0x00007ffcf4614000 	C:\WINDOWS\SYSTEM32\UMPDC.dll
0x00007ffcf39e0000 - 0x00007ffcf39fa000 	C:\WINDOWS\SYSTEM32\kernel.appcore.dll
0x00007ffcee5c0000 - 0x00007ffcee5ca000 	c:\Users\Liaaan\.vscode\extensions\redhat.java-1.42.0-win32-x64\jre\21.0.7-win32-x86_64\bin\jimage.dll
0x00007ffcf2130000 - 0x00007ffcf2371000 	C:\WINDOWS\SYSTEM32\DBGHELP.DLL
0x00007ffcf5a90000 - 0x00007ffcf5e14000 	C:\WINDOWS\System32\combase.dll
0x00007ffcf58e0000 - 0x00007ffcf59c0000 	C:\WINDOWS\System32\OLEAUT32.dll
0x00007ffcd3fb0000 - 0x00007ffcd3fe9000 	C:\WINDOWS\SYSTEM32\dbgcore.DLL
0x00007ffcf5730000 - 0x00007ffcf57c9000 	C:\WINDOWS\System32\bcryptPrimitives.dll
0x00007ffce7c10000 - 0x00007ffce7c1f000 	c:\Users\Liaaan\.vscode\extensions\redhat.java-1.42.0-win32-x64\jre\21.0.7-win32-x86_64\bin\instrument.dll
0x00007ffcd18f0000 - 0x00007ffcd190f000 	c:\Users\Liaaan\.vscode\extensions\redhat.java-1.42.0-win32-x64\jre\21.0.7-win32-x86_64\bin\java.dll
0x00007ffcf6d40000 - 0x00007ffcf746d000 	C:\WINDOWS\System32\SHELL32.dll
0x00007ffcf54f0000 - 0x00007ffcf5664000 	C:\WINDOWS\System32\wintypes.dll
0x00007ffcf28a0000 - 0x00007ffcf30f6000 	C:\WINDOWS\SYSTEM32\windows.storage.dll
0x00007ffcf7470000 - 0x00007ffcf755f000 	C:\WINDOWS\System32\SHCORE.dll
0x00007ffcf6bc0000 - 0x00007ffcf6c29000 	C:\WINDOWS\System32\shlwapi.dll
0x00007ffcf4b60000 - 0x00007ffcf4b8f000 	C:\WINDOWS\SYSTEM32\profapi.dll
0x00007ffcc8d10000 - 0x00007ffcc8d28000 	c:\Users\Liaaan\.vscode\extensions\redhat.java-1.42.0-win32-x64\jre\21.0.7-win32-x86_64\bin\zip.dll
0x00007ffcd1a20000 - 0x00007ffcd1a30000 	C:\Users\Liaaan\.vscode\extensions\redhat.java-1.42.0-win32-x64\jre\21.0.7-win32-x86_64\bin\net.dll
0x00007ffcec210000 - 0x00007ffcec32e000 	C:\WINDOWS\SYSTEM32\WINHTTP.dll
0x00007ffcf3f60000 - 0x00007ffcf3fca000 	C:\WINDOWS\system32\mswsock.dll
0x00007ffcc86d0000 - 0x00007ffcc86e6000 	C:\Users\Liaaan\.vscode\extensions\redhat.java-1.42.0-win32-x64\jre\21.0.7-win32-x86_64\bin\nio.dll
0x00007ffcd19b0000 - 0x00007ffcd19c0000 	c:\Users\Liaaan\.vscode\extensions\redhat.java-1.42.0-win32-x64\jre\21.0.7-win32-x86_64\bin\verify.dll
0x00007ffcc3280000 - 0x00007ffcc32c5000 	C:\Users\Liaaan\AppData\Roaming\Code\User\globalStorage\redhat.java\1.42.0\config_win\org.eclipse.equinox.launcher\org.eclipse.equinox.launcher.win32.win32.x86_64_1.2.1300.v20250331-1702\eclipse_11911.dll
0x00007ffcf6000000 - 0x00007ffcf619f000 	C:\WINDOWS\System32\ole32.dll
0x00007ffcc7ef0000 - 0x00007ffcc7efa000 	C:\Users\Liaaan\.vscode\extensions\redhat.java-1.42.0-win32-x64\jre\21.0.7-win32-x86_64\bin\management.dll
0x00007ffcc7ee0000 - 0x00007ffcc7eeb000 	C:\Users\Liaaan\.vscode\extensions\redhat.java-1.42.0-win32-x64\jre\21.0.7-win32-x86_64\bin\management_ext.dll
0x00007ffcf6350000 - 0x00007ffcf6358000 	C:\WINDOWS\System32\PSAPI.DLL
0x00007ffcf4220000 - 0x00007ffcf423c000 	C:\WINDOWS\SYSTEM32\CRYPTSP.dll
0x00007ffcf3940000 - 0x00007ffcf397a000 	C:\WINDOWS\system32\rsaenh.dll
0x00007ffcf4020000 - 0x00007ffcf404b000 	C:\WINDOWS\SYSTEM32\USERENV.dll
0x00007ffcf4b30000 - 0x00007ffcf4b56000 	C:\WINDOWS\SYSTEM32\bcrypt.dll
0x00007ffcf4240000 - 0x00007ffcf424c000 	C:\WINDOWS\SYSTEM32\CRYPTBASE.dll
0x00007ffcf33f0000 - 0x00007ffcf3423000 	C:\WINDOWS\SYSTEM32\IPHLPAPI.DLL
0x00007ffcf6360000 - 0x00007ffcf636a000 	C:\WINDOWS\System32\NSI.dll
0x00007ffcc7d90000 - 0x00007ffcc7dd9000 	C:\Users\Liaaan\AppData\Local\Temp\jna--2019196054\jna14541772927612304925.dll
0x00007ffcec5d0000 - 0x00007ffcec5ef000 	C:\WINDOWS\SYSTEM32\dhcpcsvc6.DLL
0x00007ffcec1e0000 - 0x00007ffcec205000 	C:\WINDOWS\SYSTEM32\dhcpcsvc.DLL
0x00007ffcd1850000 - 0x00007ffcd185e000 	C:\Users\Liaaan\.vscode\extensions\redhat.java-1.42.0-win32-x64\jre\21.0.7-win32-x86_64\bin\sunmscapi.dll
0x00007ffcf4e50000 - 0x00007ffcf4fc7000 	C:\WINDOWS\System32\CRYPT32.dll
0x00007ffcf44a0000 - 0x00007ffcf44d0000 	C:\WINDOWS\SYSTEM32\ncrypt.dll
0x00007ffcf4450000 - 0x00007ffcf448f000 	C:\WINDOWS\SYSTEM32\NTASN1.dll
0x00007ffcf3480000 - 0x00007ffcf35a7000 	C:\WINDOWS\SYSTEM32\DNSAPI.dll
0x00007ffced120000 - 0x00007ffced12b000 	C:\Windows\System32\rasadhlp.dll
0x00007ffce8170000 - 0x00007ffce81f6000 	C:\WINDOWS\System32\fwpuclnt.dll
0x00007ffcd1840000 - 0x00007ffcd1849000 	C:\Users\Liaaan\.vscode\extensions\redhat.java-1.42.0-win32-x64\jre\21.0.7-win32-x86_64\bin\extnet.dll

dbghelp: loaded successfully - version: 4.0.5 - missing functions: none
symbol engine: initialized successfully - sym options: 0x614 - pdb path: .;c:\Users\Liaaan\.vscode\extensions\redhat.java-1.42.0-win32-x64\jre\21.0.7-win32-x86_64\bin;C:\WINDOWS\SYSTEM32;C:\WINDOWS\WinSxS\amd64_microsoft.windows.common-controls_6595b64144ccf1df_6.0.26100.3912_none_3e07963ce335137e;c:\Users\Liaaan\.vscode\extensions\redhat.java-1.42.0-win32-x64\jre\21.0.7-win32-x86_64\bin\server;C:\Users\Liaaan\AppData\Roaming\Code\User\globalStorage\redhat.java\1.42.0\config_win\org.eclipse.equinox.launcher\org.eclipse.equinox.launcher.win32.win32.x86_64_1.2.1300.v20250331-1702;C:\Users\Liaaan\AppData\Local\Temp\jna--2019196054

VM Arguments:
jvm_args: --add-modules=ALL-SYSTEM --add-opens=java.base/java.util=ALL-UNNAMED --add-opens=java.base/java.lang=ALL-UNNAMED --add-opens=java.base/sun.nio.fs=ALL-UNNAMED -Declipse.application=org.eclipse.jdt.ls.core.id1 -Dosgi.bundles.defaultStartLevel=4 -Declipse.product=org.eclipse.jdt.ls.core.product -Djava.import.generatesMetadataFilesAtProjectRoot=false -DDetectVMInstallationsJob.disabled=true -Dfile.encoding=utf8 -XX:+UseParallelGC -XX:GCTimeRatio=4 -XX:AdaptiveSizePolicyWeight=90 -Dsun.zip.disableMemoryMapping=true -Xmx1G -Xms100m -Xlog:disable -javaagent:c:\Users\Liaaan\.vscode\extensions\redhat.java-1.42.0-win32-x64\lombok\lombok-1.18.36.jar -XX:+HeapDumpOnOutOfMemoryError -XX:HeapDumpPath=c:\Users\Liaaan\AppData\Roaming\Code\User\workspaceStorage\b0d88116b9ff8da6722e643e05ebe559\redhat.java -Daether.dependencyCollector.impl=bf 
java_command: c:\Users\Liaaan\.vscode\extensions\redhat.java-1.42.0-win32-x64\server\plugins\org.eclipse.equinox.launcher_1.7.0.v20250424-1814.jar -configuration c:\Users\Liaaan\AppData\Roaming\Code\User\globalStorage\redhat.java\1.42.0\config_win -data c:\Users\Liaaan\AppData\Roaming\Code\User\workspaceStorage\b0d88116b9ff8da6722e643e05ebe559\redhat.java\jdt_ws --pipe=\\.\pipe\lsp-c9dc71cf07722aa7edb29c2e6a617b05-sock
java_class_path (initial): c:\Users\Liaaan\.vscode\extensions\redhat.java-1.42.0-win32-x64\server\plugins\org.eclipse.equinox.launcher_1.7.0.v20250424-1814.jar
Launcher Type: SUN_STANDARD

[Global flags]
    uintx AdaptiveSizePolicyWeight                 = 90                                        {product} {command line}
     intx CICompilerCount                          = 4                                         {product} {ergonomic}
    uintx GCTimeRatio                              = 4                                         {product} {command line}
     bool HeapDumpOnOutOfMemoryError               = true                                   {manageable} {command line}
    ccstr HeapDumpPath                             = c:\Users\Liaaan\AppData\Roaming\Code\User\workspaceStorage\b0d88116b9ff8da6722e643e05ebe559\redhat.java         {manageable} {command line}
   size_t InitialHeapSize                          = 104857600                                 {product} {command line}
   size_t MaxHeapSize                              = 1073741824                                {product} {command line}
   size_t MaxNewSize                               = 357564416                                 {product} {ergonomic}
   size_t MinHeapDeltaBytes                        = 524288                                    {product} {ergonomic}
   size_t MinHeapSize                              = 104857600                                 {product} {command line}
   size_t NewSize                                  = 34603008                                  {product} {ergonomic}
    uintx NonNMethodCodeHeapSize                   = 5839372                                {pd product} {ergonomic}
    uintx NonProfiledCodeHeapSize                  = 122909434                              {pd product} {ergonomic}
   size_t OldSize                                  = 70254592                                  {product} {ergonomic}
    uintx ProfiledCodeHeapSize                     = 122909434                              {pd product} {ergonomic}
    uintx ReservedCodeCacheSize                    = 251658240                              {pd product} {ergonomic}
     bool SegmentedCodeCache                       = true                                      {product} {ergonomic}
   size_t SoftMaxHeapSize                          = 1073741824                             {manageable} {ergonomic}
     bool UseCompressedOops                        = true                           {product lp64_product} {ergonomic}
     bool UseLargePagesIndividualAllocation        = false                                  {pd product} {ergonomic}
     bool UseParallelGC                            = true                                      {product} {command line}

Logging:
Log output configuration:
 #0: stdout all=off uptime,level,tags foldmultilines=false
 #1: stderr all=off uptime,level,tags foldmultilines=false

Environment Variables:
PATH=D:\app\oracle\product\11.2.0\server\bin;C:\WINDOWS\system32;C:\WINDOWS;C:\WINDOWS\System32\Wbem;C:\WINDOWS\System32\WindowsPowerShell\v1.0\;C:\WINDOWS\System32\OpenSSH\;C:\Program Files\NVIDIA Corporation\NVIDIA app\NvDLISR;C:\Program Files (x86)\NVIDIA Corporation\PhysX\Common;C:\Program Files\Git\cmd;C:\Users\Liaaan\AppData\Local\Microsoft\WindowsApps;C:\Users\Liaaan\AppData\Local\GitHubDesktop\bin;C:\Users\Liaaan\AppData\Local\Programs\Microsoft VS Code\bin
USERNAME=Liaaan
OS=Windows_NT
PROCESSOR_IDENTIFIER=Intel64 Family 6 Model 186 Stepping 2, GenuineIntel
TMP=C:\Users\Liaaan\AppData\Local\Temp
TEMP=C:\Users\Liaaan\AppData\Local\Temp




Periodic native trim disabled

---------------  S Y S T E M  ---------------

OS:
 Windows 11 , 64 bit Build 26100 (10.0.26100.3912)
OS uptime: 0 days 8:56 hours
Hyper-V role detected

CPU: total 12 (initial active 12) (6 cores per cpu, 2 threads per core) family 6 model 186 stepping 2 microcode 0x4123, cx8, cmov, fxsr, ht, mmx, 3dnowpref, sse, sse2, sse3, ssse3, sse4.1, sse4.2, popcnt, lzcnt, tsc, tscinvbit, avx, avx2, aes, erms, clmul, bmi1, bmi2, adx, sha, fma, vzeroupper, clflush, clflushopt, clwb, hv, serialize, rdtscp, rdpid, fsrm, f16c, cet_ibt, cet_ss
Processor Information for processor 0
  Max Mhz: 2100, Current Mhz: 2100, Mhz Limit: 2100
Processor Information for processor 1
  Max Mhz: 2100, Current Mhz: 2100, Mhz Limit: 2100
Processor Information for processor 2
  Max Mhz: 2100, Current Mhz: 2100, Mhz Limit: 2100
Processor Information for processor 3
  Max Mhz: 2100, Current Mhz: 2100, Mhz Limit: 2100
Processor Information for processor 4
  Max Mhz: 2100, Current Mhz: 2100, Mhz Limit: 2100
Processor Information for processor 5
  Max Mhz: 2100, Current Mhz: 2100, Mhz Limit: 2100
Processor Information for processor 6
  Max Mhz: 2100, Current Mhz: 2100, Mhz Limit: 2100
Processor Information for processor 7
  Max Mhz: 2100, Current Mhz: 2100, Mhz Limit: 2100
Processor Information for processor 8
  Max Mhz: 2100, Current Mhz: 1500, Mhz Limit: 1491
Processor Information for processor 9
  Max Mhz: 2100, Current Mhz: 1500, Mhz Limit: 1491
Processor Information for processor 10
  Max Mhz: 2100, Current Mhz: 1500, Mhz Limit: 1491
Processor Information for processor 11
  Max Mhz: 2100, Current Mhz: 1500, Mhz Limit: 1491

Memory: 4k page, system-wide physical 7984M (37M free)
TotalPageFile size 32560M (AvailPageFile size 1M)
current process WorkingSet (physical memory assigned to process): 391M, peak: 415M
current process commit charge ("private bytes"): 410M, peak: 422M

vm_info: OpenJDK 64-Bit Server VM (21.0.7+6-LTS) for windows-amd64 JRE (21.0.7+6-LTS), built on 2025-04-15T00:00:00Z by "admin" with MS VC++ 17.7 (VS2022)

END.
