#
# There is insufficient memory for the Java Runtime Environment to continue.
# Native memory allocation (malloc) failed to allocate 951536 bytes. Error detail: Chunk::new
# Possible reasons:
#   The system is out of physical RAM or swap space
#   This process is running with CompressedOops enabled, and the Java Heap may be blocking the growth of the native heap
# Possible solutions:
#   Reduce memory load on the system
#   Increase physical memory or swap space
#   Check if swap backing store is full
#   Decrease Java heap size (-Xmx/-Xms)
#   Decrease number of Java threads
#   Decrease Java thread stack sizes (-Xss)
#   Set larger code cache with -XX:ReservedCodeCacheSize=
#   JVM is running with Unscaled Compressed Oops mode in which the Java heap is
#     placed in the first 4GB address space. The Java Heap base address is the
#     maximum limit for the native heap growth. Please use -XX:HeapBaseMinAddress
#     to set the Java Heap base and to place the Java Heap above 4GB virtual address.
# This output file may be truncated or incomplete.
#
#  Out of Memory Error (arena.cpp:168), pid=30192, tid=23248
#
# JRE version: OpenJDK Runtime Environment Temurin-21.0.7+6 (21.0.7+6) (build 21.0.7+6-LTS)
# Java VM: OpenJDK 64-Bit Server VM Temurin-21.0.7+6 (21.0.7+6-LTS, mixed mode, sharing, tiered, compressed oops, compressed class ptrs, parallel gc, windows-amd64)
# No core dump will be written. Minidumps are not enabled by default on client versions of Windows
#

---------------  S U M M A R Y ------------

Command Line: --add-modules=ALL-SYSTEM --add-opens=java.base/java.util=ALL-UNNAMED --add-opens=java.base/java.lang=ALL-UNNAMED --add-opens=java.base/sun.nio.fs=ALL-UNNAMED -Declipse.application=org.eclipse.jdt.ls.core.id1 -Dosgi.bundles.defaultStartLevel=4 -Declipse.product=org.eclipse.jdt.ls.core.product -Djava.import.generatesMetadataFilesAtProjectRoot=false -DDetectVMInstallationsJob.disabled=true -Dfile.encoding=utf8 -XX:+UseParallelGC -XX:GCTimeRatio=4 -XX:AdaptiveSizePolicyWeight=90 -Dsun.zip.disableMemoryMapping=true -Xmx1G -Xms100m -Xlog:disable -javaagent:c:\Users\Liaaan\.vscode\extensions\redhat.java-1.42.0-win32-x64\lombok\lombok-1.18.36.jar -XX:+HeapDumpOnOutOfMemoryError -XX:HeapDumpPath=c:\Users\Liaaan\AppData\Roaming\Code\User\workspaceStorage\b0d88116b9ff8da6722e643e05ebe559\redhat.java -Daether.dependencyCollector.impl=bf c:\Users\Liaaan\.vscode\extensions\redhat.java-1.42.0-win32-x64\server\plugins\org.eclipse.equinox.launcher_1.7.0.v20250424-1814.jar -configuration c:\Users\Liaaan\AppData\Roaming\Code\User\globalStorage\redhat.java\1.42.0\config_win -data c:\Users\Liaaan\AppData\Roaming\Code\User\workspaceStorage\b0d88116b9ff8da6722e643e05ebe559\redhat.java\jdt_ws --pipe=\\.\pipe\lsp-4a047c251dadbcdef789e77bac93510e-sock

Host: 13th Gen Intel(R) Core(TM) i5-13420H, 12 cores, 7G,  Windows 11 , 64 bit Build 26100 (10.0.26100.3912)
Time: Mon May 26 07:27:44 2025 Hora est. Sudamérica Pacífico elapsed time: 27.754199 seconds (0d 0h 0m 27s)

---------------  T H R E A D  ---------------

Current thread (0x0000027ad9fc8070):  JavaThread "C2 CompilerThread1" daemon [_thread_in_native, id=23248, stack(0x000000a6a8700000,0x000000a6a8800000) (1024K)]


Current CompileTask:
C2:27754 11696   !   4       org.eclipse.jdt.internal.core.JarPackageFragmentRoot::computeChildren (605 bytes)

Stack: [0x000000a6a8700000,0x000000a6a8800000]
Native frames: (J=compiled Java code, j=interpreted, Vv=VM code, C=native code)
V  [jvm.dll+0x6ce119]
V  [jvm.dll+0x8a84a1]
V  [jvm.dll+0x8aa9ce]
V  [jvm.dll+0x8ab0b3]
V  [jvm.dll+0x27f8a6]
V  [jvm.dll+0xc507d]
V  [jvm.dll+0xc55b3]
V  [jvm.dll+0x2f2c6d]
V  [jvm.dll+0x5f6bca]
V  [jvm.dll+0x250cb2]
V  [jvm.dll+0x25106f]
V  [jvm.dll+0x249934]
V  [jvm.dll+0x246fc4]
V  [jvm.dll+0x1c760e]
V  [jvm.dll+0x25695a]
V  [jvm.dll+0x254efa]
V  [jvm.dll+0x3f03f6]
V  [jvm.dll+0x851f6b]
V  [jvm.dll+0x6cc7dd]
C  [ucrtbase.dll+0x37b0]
C  [KERNEL32.DLL+0x2e8d7]
C  [ntdll.dll+0x9c5dc]


---------------  P R O C E S S  ---------------

Threads class SMR info:
_java_thread_list=0x0000027ada1dddc0, length=69, elements={
0x0000027afc68e280, 0x0000027afc72efd0, 0x0000027afc731110, 0x0000027afc734790,
0x0000027afc7358c0, 0x0000027afc738720, 0x0000027afc73a6d0, 0x0000027afc73d590,
0x0000027ad2f26e10, 0x0000027afc6f71e0, 0x0000027ad3234f40, 0x0000027ad83a42a0,
0x0000027ad88f9cc0, 0x0000027ad8ea9330, 0x0000027ad88fa320, 0x0000027ad90a2fb0,
0x0000027ad9127210, 0x0000027ad8acc040, 0x0000027ad8acb9b0, 0x0000027ad8accd60,
0x0000027ad8aca600, 0x0000027ad8acc6d0, 0x0000027ad8acda80, 0x0000027adcda2290,
0x0000027adcda01c0, 0x0000027adcda3640, 0x0000027adcda3cd0, 0x0000027adcda2920,
0x0000027adcda4360, 0x0000027adcda0ee0, 0x0000027adcda49f0, 0x0000027adcda1570,
0x0000027adcda6430, 0x0000027adcda5080, 0x0000027adcda5710, 0x0000027adcda5da0,
0x0000027adcda2fb0, 0x0000027adcda6ac0, 0x0000027adcda7150, 0x0000027ada848850,
0x0000027ada849570, 0x0000027ada846e10, 0x0000027ada847b30, 0x0000027ada8460f0,
0x0000027ada84a290, 0x0000027ada84a920, 0x0000027ada8474a0, 0x0000027ada84bcd0,
0x0000027ada84c360, 0x0000027ada84afb0, 0x0000027ada84d710, 0x0000027add098c10,
0x0000027add0992a0, 0x0000027add09c090, 0x0000027add099930, 0x0000027ad9fc8070,
0x0000027add09b370, 0x0000027add09ba00, 0x0000027add09dad0, 0x0000027add09a650,
0x0000027add09ee80, 0x0000027add09e7f0, 0x0000027add0a0230, 0x0000027add09f510,
0x0000027ad2f88640, 0x0000027add09fba0, 0x0000027ad8acac90, 0x0000027ae5ca7720,
0x0000027ae5ca6a00
}

Java Threads: ( => current thread )
  0x0000027afc68e280 JavaThread "main"                              [_thread_blocked, id=25932, stack(0x000000a6a6700000,0x000000a6a6800000) (1024K)]
  0x0000027afc72efd0 JavaThread "Reference Handler"          daemon [_thread_blocked, id=8764, stack(0x000000a6a6c00000,0x000000a6a6d00000) (1024K)]
  0x0000027afc731110 JavaThread "Finalizer"                  daemon [_thread_blocked, id=20140, stack(0x000000a6a6d00000,0x000000a6a6e00000) (1024K)]
  0x0000027afc734790 JavaThread "Signal Dispatcher"          daemon [_thread_blocked, id=28508, stack(0x000000a6a6e00000,0x000000a6a6f00000) (1024K)]
  0x0000027afc7358c0 JavaThread "Attach Listener"            daemon [_thread_blocked, id=20576, stack(0x000000a6a6f00000,0x000000a6a7000000) (1024K)]
  0x0000027afc738720 JavaThread "Service Thread"             daemon [_thread_blocked, id=20624, stack(0x000000a6a7000000,0x000000a6a7100000) (1024K)]
  0x0000027afc73a6d0 JavaThread "Monitor Deflation Thread"   daemon [_thread_blocked, id=30320, stack(0x000000a6a7100000,0x000000a6a7200000) (1024K)]
  0x0000027afc73d590 JavaThread "C2 CompilerThread0"         daemon [_thread_blocked, id=2520, stack(0x000000a6a7200000,0x000000a6a7300000) (1024K)]
  0x0000027ad2f26e10 JavaThread "C1 CompilerThread0"         daemon [_thread_blocked, id=15760, stack(0x000000a6a7300000,0x000000a6a7400000) (1024K)]
  0x0000027afc6f71e0 JavaThread "Common-Cleaner"             daemon [_thread_blocked, id=30036, stack(0x000000a6a7400000,0x000000a6a7500000) (1024K)]
  0x0000027ad3234f40 JavaThread "Notification Thread"        daemon [_thread_blocked, id=26216, stack(0x000000a6a7600000,0x000000a6a7700000) (1024K)]
  0x0000027ad83a42a0 JavaThread "Active Thread: Equinox Container: f61abc63-11d9-4bed-9306-d4b9fa8b903b"        [_thread_blocked, id=30132, stack(0x000000a6a7e00000,0x000000a6a7f00000) (1024K)]
  0x0000027ad88f9cc0 JavaThread "Refresh Thread: Equinox Container: f61abc63-11d9-4bed-9306-d4b9fa8b903b" daemon [_thread_blocked, id=23924, stack(0x000000a6a7f00000,0x000000a6a8000000) (1024K)]
  0x0000027ad8ea9330 JavaThread "Framework Event Dispatcher: Equinox Container: f61abc63-11d9-4bed-9306-d4b9fa8b903b" daemon [_thread_blocked, id=30508, stack(0x000000a6a8100000,0x000000a6a8200000) (1024K)]
  0x0000027ad88fa320 JavaThread "Start Level: Equinox Container: f61abc63-11d9-4bed-9306-d4b9fa8b903b" daemon [_thread_blocked, id=29256, stack(0x000000a6a8200000,0x000000a6a8300000) (1024K)]
  0x0000027ad90a2fb0 JavaThread "Bundle File Closer"         daemon [_thread_blocked, id=19784, stack(0x000000a6a8500000,0x000000a6a8600000) (1024K)]
  0x0000027ad9127210 JavaThread "SCR Component Actor"        daemon [_thread_blocked, id=20952, stack(0x000000a6a8600000,0x000000a6a8700000) (1024K)]
  0x0000027ad8acc040 JavaThread "Worker-JM"                         [_thread_blocked, id=20128, stack(0x000000a6a7700000,0x000000a6a7800000) (1024K)]
  0x0000027ad8acb9b0 JavaThread "JNA Cleaner"                daemon [_thread_blocked, id=23308, stack(0x000000a6a7500000,0x000000a6a7600000) (1024K)]
  0x0000027ad8accd60 JavaThread "Worker-0: Initialize workspace"        [_thread_blocked, id=30600, stack(0x000000a6a8800000,0x000000a6a8900000) (1024K)]
  0x0000027ad8aca600 JavaThread "Worker-1"                          [_thread_blocked, id=26776, stack(0x000000a6a8900000,0x000000a6a8a00000) (1024K)]
  0x0000027ad8acc6d0 JavaThread "Worker-2"                          [_thread_blocked, id=23912, stack(0x000000a6a8b00000,0x000000a6a8c00000) (1024K)]
  0x0000027ad8acda80 JavaThread "Java indexing"              daemon [_thread_blocked, id=27464, stack(0x000000a6a8d00000,0x000000a6a8e00000) (1024K)]
  0x0000027adcda2290 JavaThread "Worker-3"                          [_thread_blocked, id=21688, stack(0x000000a6a9000000,0x000000a6a9100000) (1024K)]
  0x0000027adcda01c0 JavaThread "Worker-4"                          [_thread_blocked, id=26688, stack(0x000000a6a9100000,0x000000a6a9200000) (1024K)]
  0x0000027adcda3640 JavaThread "Thread-2"                   daemon [_thread_in_native, id=27524, stack(0x000000a6a9200000,0x000000a6a9300000) (1024K)]
  0x0000027adcda3cd0 JavaThread "Thread-3"                   daemon [_thread_in_native, id=8872, stack(0x000000a6a9300000,0x000000a6a9400000) (1024K)]
  0x0000027adcda2920 JavaThread "Thread-4"                   daemon [_thread_in_native, id=27404, stack(0x000000a6a9400000,0x000000a6a9500000) (1024K)]
  0x0000027adcda4360 JavaThread "Thread-5"                   daemon [_thread_in_native, id=21480, stack(0x000000a6a9500000,0x000000a6a9600000) (1024K)]
  0x0000027adcda0ee0 JavaThread "Thread-6"                   daemon [_thread_in_native, id=5004, stack(0x000000a6a9600000,0x000000a6a9700000) (1024K)]
  0x0000027adcda49f0 JavaThread "Thread-7"                   daemon [_thread_in_native, id=24852, stack(0x000000a6a9700000,0x000000a6a9800000) (1024K)]
  0x0000027adcda1570 JavaThread "Thread-8"                   daemon [_thread_in_native, id=8992, stack(0x000000a6a9800000,0x000000a6a9900000) (1024K)]
  0x0000027adcda6430 JavaThread "Thread-9"                   daemon [_thread_in_native, id=28492, stack(0x000000a6a9900000,0x000000a6a9a00000) (1024K)]
  0x0000027adcda5080 JavaThread "Thread-10"                  daemon [_thread_in_native, id=27368, stack(0x000000a6a9a00000,0x000000a6a9b00000) (1024K)]
  0x0000027adcda5710 JavaThread "Thread-11"                  daemon [_thread_in_native, id=26784, stack(0x000000a6a9b00000,0x000000a6a9c00000) (1024K)]
  0x0000027adcda5da0 JavaThread "Thread-12"                  daemon [_thread_in_native, id=9804, stack(0x000000a6a9c00000,0x000000a6a9d00000) (1024K)]
  0x0000027adcda2fb0 JavaThread "Thread-13"                  daemon [_thread_in_native, id=21776, stack(0x000000a6a9d00000,0x000000a6a9e00000) (1024K)]
  0x0000027adcda6ac0 JavaThread "Thread-14"                  daemon [_thread_in_native, id=26820, stack(0x000000a6a9e00000,0x000000a6a9f00000) (1024K)]
  0x0000027adcda7150 JavaThread "pool-2-thread-1"                   [_thread_blocked, id=29748, stack(0x000000a6a9f00000,0x000000a6aa000000) (1024K)]
  0x0000027ada848850 JavaThread "WorkspaceEventsHandler"            [_thread_blocked, id=29212, stack(0x000000a6aa000000,0x000000a6aa100000) (1024K)]
  0x0000027ada849570 JavaThread "pool-1-thread-1"                   [_thread_blocked, id=21920, stack(0x000000a6aa100000,0x000000a6aa200000) (1024K)]
  0x0000027ada846e10 JavaThread "Worker-5: Building"                [_thread_blocked, id=25920, stack(0x000000a6aa200000,0x000000a6aa300000) (1024K)]
  0x0000027ada847b30 JavaThread "Worker-6"                          [_thread_blocked, id=23684, stack(0x000000a6aa300000,0x000000a6aa400000) (1024K)]
  0x0000027ada8460f0 JavaThread "Worker-7: Publish Diagnostics"        [_thread_blocked, id=15084, stack(0x000000a6aa400000,0x000000a6aa500000) (1024K)]
  0x0000027ada84a290 JavaThread "LocalFile Deleter"          daemon [_thread_blocked, id=29740, stack(0x000000a6aa500000,0x000000a6aa600000) (1024K)]
  0x0000027ada84a920 JavaThread "LocalFile Deleter"          daemon [_thread_blocked, id=23440, stack(0x000000a6aa600000,0x000000a6aa700000) (1024K)]
  0x0000027ada8474a0 JavaThread "LocalFile Deleter"          daemon [_thread_blocked, id=24936, stack(0x000000a6aa700000,0x000000a6aa800000) (1024K)]
  0x0000027ada84bcd0 JavaThread "LocalFile Deleter"          daemon [_thread_blocked, id=28596, stack(0x000000a6aa800000,0x000000a6aa900000) (1024K)]
  0x0000027ada84c360 JavaThread "Compiler Source File Reader" daemon [_thread_blocked, id=29652, stack(0x000000a6aa900000,0x000000a6aaa00000) (1024K)]
  0x0000027ada84afb0 JavaThread "Compiler Source File Reader" daemon [_thread_blocked, id=22208, stack(0x000000a6aaa00000,0x000000a6aab00000) (1024K)]
  0x0000027ada84d710 JavaThread "Compiler Processing Task"   daemon [_thread_blocked, id=30188, stack(0x000000a6aab00000,0x000000a6aac00000) (1024K)]
  0x0000027add098c10 JavaThread "Compiler Class File Writer" daemon [_thread_blocked, id=30476, stack(0x000000a6aac00000,0x000000a6aad00000) (1024K)]
  0x0000027add0992a0 JavaThread "Compiler Class File Writer" daemon [_thread_blocked, id=22400, stack(0x000000a6aad00000,0x000000a6aae00000) (1024K)]
  0x0000027add09c090 JavaThread "Compiler Source File Reader" daemon [_thread_blocked, id=24460, stack(0x000000a6aae00000,0x000000a6aaf00000) (1024K)]
  0x0000027add099930 JavaThread "Compiler Class File Writer" daemon [_thread_blocked, id=21612, stack(0x000000a6aaf00000,0x000000a6ab000000) (1024K)]
=>0x0000027ad9fc8070 JavaThread "C2 CompilerThread1"         daemon [_thread_in_native, id=23248, stack(0x000000a6a8700000,0x000000a6a8800000) (1024K)]
  0x0000027add09b370 JavaThread "ForkJoinPool.commonPool-worker-1" daemon [_thread_blocked, id=30228, stack(0x000000a6a8a00000,0x000000a6a8b00000) (1024K)]
  0x0000027add09ba00 JavaThread "ForkJoinPool.commonPool-worker-2" daemon [_thread_blocked, id=10840, stack(0x000000a6a8c00000,0x000000a6a8d00000) (1024K)]
  0x0000027add09dad0 JavaThread "ForkJoinPool.commonPool-worker-3" daemon [_thread_blocked, id=20628, stack(0x000000a6ab000000,0x000000a6ab100000) (1024K)]
  0x0000027add09a650 JavaThread "ForkJoinPool.commonPool-worker-4" daemon [_thread_blocked, id=30096, stack(0x000000a6ab100000,0x000000a6ab200000) (1024K)]
  0x0000027add09ee80 JavaThread "ForkJoinPool.commonPool-worker-5" daemon [_thread_blocked, id=18700, stack(0x000000a6ab200000,0x000000a6ab300000) (1024K)]
  0x0000027add09e7f0 JavaThread "ForkJoinPool.commonPool-worker-6" daemon [_thread_blocked, id=2580, stack(0x000000a6ab300000,0x000000a6ab400000) (1024K)]
  0x0000027add0a0230 JavaThread "ForkJoinPool.commonPool-worker-7" daemon [_thread_blocked, id=26724, stack(0x000000a6ab400000,0x000000a6ab500000) (1024K)]
  0x0000027add09f510 JavaThread "ForkJoinPool.commonPool-worker-8" daemon [_thread_blocked, id=12120, stack(0x000000a6ab500000,0x000000a6ab600000) (1024K)]
  0x0000027ad2f88640 JavaThread "C2 CompilerThread2"         daemon [_thread_blocked, id=28892, stack(0x000000a6ab600000,0x000000a6ab700000) (1024K)]
  0x0000027add09fba0 JavaThread "ForkJoinPool.commonPool-worker-9" daemon [_thread_blocked, id=21976, stack(0x000000a6ab700000,0x000000a6ab800000) (1024K)]
  0x0000027ad8acac90 JavaThread "ForkJoinPool.commonPool-worker-10" daemon [_thread_blocked, id=21292, stack(0x000000a6ab800000,0x000000a6ab900000) (1024K)]
  0x0000027ae5ca7720 JavaThread "ForkJoinPool.commonPool-worker-11" daemon [_thread_blocked, id=15752, stack(0x000000a6ab900000,0x000000a6aba00000) (1024K)]
  0x0000027ae5ca6a00 JavaThread "Compiler Source File Reader" daemon [_thread_blocked, id=27940, stack(0x000000a6aba00000,0x000000a6abb00000) (1024K)]
Total: 69

Other Threads:
  0x0000027affa64600 VMThread "VM Thread"                           [id=13864, stack(0x000000a6a6b00000,0x000000a6a6c00000) (1024K)]
  0x0000027aff95ca00 WatcherThread "VM Periodic Task Thread"        [id=6152, stack(0x000000a6a6a00000,0x000000a6a6b00000) (1024K)]
  0x0000027afc6a92a0 WorkerThread "GC Thread#0"                     [id=22736, stack(0x000000a6a6900000,0x000000a6a6a00000) (1024K)]
  0x0000027ad801fad0 WorkerThread "GC Thread#1"                     [id=30176, stack(0x000000a6a7800000,0x000000a6a7900000) (1024K)]
  0x0000027ad882a0d0 WorkerThread "GC Thread#2"                     [id=17956, stack(0x000000a6a7900000,0x000000a6a7a00000) (1024K)]
  0x0000027ad882a470 WorkerThread "GC Thread#3"                     [id=21216, stack(0x000000a6a7a00000,0x000000a6a7b00000) (1024K)]
  0x0000027ad882a810 WorkerThread "GC Thread#4"                     [id=21784, stack(0x000000a6a7b00000,0x000000a6a7c00000) (1024K)]
  0x0000027ad82784e0 WorkerThread "GC Thread#5"                     [id=29728, stack(0x000000a6a7c00000,0x000000a6a7d00000) (1024K)]
  0x0000027ad8278e90 WorkerThread "GC Thread#6"                     [id=10140, stack(0x000000a6a7d00000,0x000000a6a7e00000) (1024K)]
  0x0000027ad8037760 WorkerThread "GC Thread#7"                     [id=22396, stack(0x000000a6a8000000,0x000000a6a8100000) (1024K)]
  0x0000027ad87e38c0 WorkerThread "GC Thread#8"                     [id=10948, stack(0x000000a6a8300000,0x000000a6a8400000) (1024K)]
  0x0000027ad87e3180 WorkerThread "GC Thread#9"                     [id=29656, stack(0x000000a6a8400000,0x000000a6a8500000) (1024K)]
Total: 12

Threads with active compile tasks:
C2 CompilerThread0  27768 11753       4       java.io.DataInputStream::readLong (20 bytes)
C1 CompilerThread0  27768 11796       3       java.nio.Bits::pageSize (20 bytes)
C2 CompilerThread1  27768 11696   !   4       org.eclipse.jdt.internal.core.JarPackageFragmentRoot::computeChildren (605 bytes)
C2 CompilerThread2  27768 11776       4       java.util.TimSort::sort (229 bytes)
Total: 4

VM state: at safepoint (normal execution)

VM Mutex/Monitor currently owned by a thread:  ([mutex/lock_event])
[0x00007ffc75c9e308] Threads_lock - owner thread: 0x0000027affa64600
[0x00007ffc75c9e408] Heap_lock - owner thread: 0x0000027add09fba0

Heap address: 0x00000000c0000000, size: 1024 MB, Compressed Oops mode: 32-bit

CDS archive(s) mapped at: [0x0000027a91000000-0x0000027a91ba0000-0x0000027a91ba0000), size 12189696, SharedBaseAddress: 0x0000027a91000000, ArchiveRelocationMode: 1.
Compressed class space mapped at: 0x0000027a92000000-0x0000027ad2000000, reserved size: 1073741824
Narrow klass base: 0x0000027a91000000, Narrow klass shift: 0, Narrow klass range: 0x100000000

GC Precious Log:
 CardTable entry size: 512
 CPUs: 12 total, 12 available
 Memory: 7984M
 Large Page Support: Disabled
 NUMA Support: Disabled
 Compressed Oops: Enabled (32-bit)
 Alignments: Space 512K, Generation 512K, Heap 2M
 Heap Min Capacity: 100M
 Heap Initial Capacity: 100M
 Heap Max Capacity: 1G
 Pre-touch: Disabled
 Parallel Workers: 10

Heap:
 PSYoungGen      total 35328K, used 34608K [0x00000000eab00000, 0x00000000ede80000, 0x0000000100000000)
  eden space 33792K, 100% used [0x00000000eab00000,0x00000000ecc00000,0x00000000ecc00000)
  from space 1536K, 53% used [0x00000000edc00000,0x00000000edccc148,0x00000000edd80000)
  to   space 1024K, 0% used [0x00000000edd80000,0x00000000edd80000,0x00000000ede80000)
 ParOldGen       total 699392K, used 699392K [0x00000000c0000000, 0x00000000eab00000, 0x00000000eab00000)
  object space 699392K, 100% used [0x00000000c0000000,0x00000000eab00000,0x00000000eab00000)
 Metaspace       used 64671K, committed 66304K, reserved 1114112K
  class space    used 6756K, committed 7488K, reserved 1048576K

Card table byte_map: [0x0000027afc050000,0x0000027afc260000] _byte_map_base: 0x0000027afba50000

Marking Bits: (ParMarkBitMap*) 0x00007ffc75ca31f0
 Begin Bits: [0x0000027a8f000000, 0x0000027a90000000)
 End Bits:   [0x0000027a90000000, 0x0000027a91000000)

Polling page: 0x0000027afbd00000

Metaspace:

Usage:
  Non-class:     56.56 MB used.
      Class:      6.60 MB used.
       Both:     63.16 MB used.

Virtual space:
  Non-class space:       64.00 MB reserved,      57.44 MB ( 90%) committed,  1 nodes.
      Class space:        1.00 GB reserved,       7.31 MB ( <1%) committed,  1 nodes.
             Both:        1.06 GB reserved,      64.75 MB (  6%) committed. 

Chunk freelists:
   Non-Class:  6.50 MB
       Class:  8.51 MB
        Both:  15.01 MB

MaxMetaspaceSize: unlimited
CompressedClassSpaceSize: 1.00 GB
Initial GC threshold: 21.00 MB
Current GC threshold: 97.31 MB
CDS: on
 - commit_granule_bytes: 65536.
 - commit_granule_words: 8192.
 - virtual_space_node_default_size: 8388608.
 - enlarge_chunks_in_place: 1.
 - use_allocation_guard: 0.


Internal statistics:

num_allocs_failed_limit: 9.
num_arena_births: 1294.
num_arena_deaths: 20.
num_vsnodes_births: 2.
num_vsnodes_deaths: 0.
num_space_committed: 1036.
num_space_uncommitted: 0.
num_chunks_returned_to_freelist: 32.
num_chunks_taken_from_freelist: 4450.
num_chunk_merges: 16.
num_chunk_splits: 2708.
num_chunks_enlarged: 1467.
num_inconsistent_stats: 0.

CodeHeap 'non-profiled nmethods': size=120000Kb used=9733Kb max_used=9733Kb free=110266Kb
 bounds [0x0000027a87ad0000, 0x0000027a88460000, 0x0000027a8f000000]
CodeHeap 'profiled nmethods': size=120000Kb used=24425Kb max_used=24425Kb free=95574Kb
 bounds [0x0000027a80000000, 0x0000027a817e0000, 0x0000027a87530000]
CodeHeap 'non-nmethods': size=5760Kb used=1454Kb max_used=1506Kb free=4305Kb
 bounds [0x0000027a87530000, 0x0000027a877a0000, 0x0000027a87ad0000]
 total_blobs=11729 nmethods=10965 adapters=669
 compilation: enabled
              stopped_count=0, restarted_count=0
 full_count=0

Compilation events (20 events):
Event: 25.740 Thread 0x0000027afc73d590 11791       4       java.io.WinNTFileSystem::prefixLength (91 bytes)
Event: 25.743 Thread 0x0000027afc73d590 nmethod 11791 0x0000027a8844e990 code [0x0000027a8844eb60, 0x0000027a8844eec8]
Event: 25.743 Thread 0x0000027afc73d590 11761       4       jdk.internal.ref.PhantomCleanable::clean (16 bytes)
Event: 25.745 Thread 0x0000027afc73d590 nmethod 11761 0x0000027a8844f290 code [0x0000027a8844f440, 0x0000027a8844f7b8]
Event: 25.746 Thread 0x0000027afc73d590 11784       4       lombok.eclipse.EclipseNode::calculateIsStructurallySignificant (62 bytes)
Event: 25.747 Thread 0x0000027afc73d590 nmethod 11784 0x0000027a8844fa10 code [0x0000027a8844fba0, 0x0000027a8844fcb0]
Event: 25.747 Thread 0x0000027afc73d590 11765       4       java.net.URI::percentNormalizedComparison (215 bytes)
Event: 25.749 Thread 0x0000027afc73d590 nmethod 11765 0x0000027a8844fd90 code [0x0000027a8844ff40, 0x0000027a88450380]
Event: 25.749 Thread 0x0000027afc73d590 11766       4       java.net.URI::equal (19 bytes)
Event: 25.750 Thread 0x0000027ad2f26e10 11793       1       org.eclipse.lsp4j.jsonrpc.messages.Either::getLeft (5 bytes)
Event: 25.751 Thread 0x0000027ad2f26e10 nmethod 11793 0x0000027a88450690 code [0x0000027a88450820, 0x0000027a884508e8]
Event: 25.751 Thread 0x0000027ad2f26e10 11794  s    3       jdk.internal.ref.Cleaner::add (26 bytes)
Event: 25.751 Thread 0x0000027ad2f26e10 nmethod 11794 0x0000027a817d9d90 code [0x0000027a817d9f40, 0x0000027a817da190]
Event: 25.752 Thread 0x0000027afc73d590 nmethod 11766 0x0000027a88450990 code [0x0000027a88450b60, 0x0000027a88450fd0]
Event: 25.752 Thread 0x0000027ad2f26e10 11795       3       jdk.internal.misc.VM::isDirectMemoryPageAligned (4 bytes)
Event: 25.752 Thread 0x0000027afc73d590 11752       4       jdk.internal.misc.Unsafe::getLongUnaligned (12 bytes)
Event: 25.752 Thread 0x0000027ad2f26e10 nmethod 11795 0x0000027a817da290 code [0x0000027a817da420, 0x0000027a817da520]
Event: 25.752 Thread 0x0000027afc73d590 nmethod 11752 0x0000027a88451310 code [0x0000027a884514a0, 0x0000027a88451558]
Event: 25.752 Thread 0x0000027afc73d590 11753       4       java.io.DataInputStream::readLong (20 bytes)
Event: 25.753 Thread 0x0000027ad2f26e10 11796       3       java.nio.Bits::pageSize (20 bytes)

GC Heap History (20 events):
Event: 25.605 GC heap before
{Heap before GC invocations=1171 (full 3):
 PSYoungGen      total 54272K, used 45448K [0x00000000eab00000, 0x00000000ee880000, 0x0000000100000000)
  eden space 43008K, 100% used [0x00000000eab00000,0x00000000ed500000,0x00000000ed500000)
  from space 11264K, 21% used [0x00000000ed500000,0x00000000ed7622c0,0x00000000ee000000)
  to   space 5632K, 0% used [0x00000000ee300000,0x00000000ee300000,0x00000000ee880000)
 ParOldGen       total 699392K, used 672837K [0x00000000c0000000, 0x00000000eab00000, 0x00000000eab00000)
  object space 699392K, 96% used [0x00000000c0000000,0x00000000e9111578,0x00000000eab00000)
 Metaspace       used 64604K, committed 66240K, reserved 1114112K
  class space    used 6752K, committed 7488K, reserved 1048576K
}
Event: 25.607 GC heap after
{Heap after GC invocations=1171 (full 3):
 PSYoungGen      total 44544K, used 2256K [0x00000000eab00000, 0x00000000ee580000, 0x0000000100000000)
  eden space 41984K, 0% used [0x00000000eab00000,0x00000000eab00000,0x00000000ed400000)
  from space 2560K, 88% used [0x00000000ee300000,0x00000000ee534030,0x00000000ee580000)
  to   space 3072K, 0% used [0x00000000edf80000,0x00000000edf80000,0x00000000ee280000)
 ParOldGen       total 699392K, used 675074K [0x00000000c0000000, 0x00000000eab00000, 0x00000000eab00000)
  object space 699392K, 96% used [0x00000000c0000000,0x00000000e9340b28,0x00000000eab00000)
 Metaspace       used 64604K, committed 66240K, reserved 1114112K
  class space    used 6752K, committed 7488K, reserved 1048576K
}
Event: 25.630 GC heap before
{Heap before GC invocations=1172 (full 3):
 PSYoungGen      total 44544K, used 44240K [0x00000000eab00000, 0x00000000ee580000, 0x0000000100000000)
  eden space 41984K, 100% used [0x00000000eab00000,0x00000000ed400000,0x00000000ed400000)
  from space 2560K, 88% used [0x00000000ee300000,0x00000000ee534030,0x00000000ee580000)
  to   space 3072K, 0% used [0x00000000edf80000,0x00000000edf80000,0x00000000ee280000)
 ParOldGen       total 699392K, used 675074K [0x00000000c0000000, 0x00000000eab00000, 0x00000000eab00000)
  object space 699392K, 96% used [0x00000000c0000000,0x00000000e9340b28,0x00000000eab00000)
 Metaspace       used 64604K, committed 66240K, reserved 1114112K
  class space    used 6752K, committed 7488K, reserved 1048576K
}
Event: 25.633 GC heap after
{Heap after GC invocations=1172 (full 3):
 PSYoungGen      total 43520K, used 2403K [0x00000000eab00000, 0x00000000ee380000, 0x0000000100000000)
  eden space 40960K, 0% used [0x00000000eab00000,0x00000000eab00000,0x00000000ed300000)
  from space 2560K, 93% used [0x00000000edf80000,0x00000000ee1d8f50,0x00000000ee200000)
  to   space 1536K, 0% used [0x00000000ee200000,0x00000000ee200000,0x00000000ee380000)
 ParOldGen       total 699392K, used 677221K [0x00000000c0000000, 0x00000000eab00000, 0x00000000eab00000)
  object space 699392K, 96% used [0x00000000c0000000,0x00000000e9559428,0x00000000eab00000)
 Metaspace       used 64604K, committed 66240K, reserved 1114112K
  class space    used 6752K, committed 7488K, reserved 1048576K
}
Event: 25.644 GC heap before
{Heap before GC invocations=1173 (full 3):
 PSYoungGen      total 43520K, used 43363K [0x00000000eab00000, 0x00000000ee380000, 0x0000000100000000)
  eden space 40960K, 100% used [0x00000000eab00000,0x00000000ed300000,0x00000000ed300000)
  from space 2560K, 93% used [0x00000000edf80000,0x00000000ee1d8f50,0x00000000ee200000)
  to   space 1536K, 0% used [0x00000000ee200000,0x00000000ee200000,0x00000000ee380000)
 ParOldGen       total 699392K, used 677221K [0x00000000c0000000, 0x00000000eab00000, 0x00000000eab00000)
  object space 699392K, 96% used [0x00000000c0000000,0x00000000e9559428,0x00000000eab00000)
 Metaspace       used 64607K, committed 66240K, reserved 1114112K
  class space    used 6753K, committed 7488K, reserved 1048576K
}
Event: 25.647 GC heap after
{Heap after GC invocations=1173 (full 3):
 PSYoungGen      total 41472K, used 1504K [0x00000000eab00000, 0x00000000ee380000, 0x0000000100000000)
  eden space 39936K, 0% used [0x00000000eab00000,0x00000000eab00000,0x00000000ed200000)
  from space 1536K, 97% used [0x00000000ee200000,0x00000000ee378020,0x00000000ee380000)
  to   space 4608K, 0% used [0x00000000eda80000,0x00000000eda80000,0x00000000edf00000)
 ParOldGen       total 699392K, used 679754K [0x00000000c0000000, 0x00000000eab00000, 0x00000000eab00000)
  object space 699392K, 97% used [0x00000000c0000000,0x00000000e97d2a40,0x00000000eab00000)
 Metaspace       used 64607K, committed 66240K, reserved 1114112K
  class space    used 6753K, committed 7488K, reserved 1048576K
}
Event: 25.658 GC heap before
{Heap before GC invocations=1174 (full 3):
 PSYoungGen      total 41472K, used 41440K [0x00000000eab00000, 0x00000000ee380000, 0x0000000100000000)
  eden space 39936K, 100% used [0x00000000eab00000,0x00000000ed200000,0x00000000ed200000)
  from space 1536K, 97% used [0x00000000ee200000,0x00000000ee378020,0x00000000ee380000)
  to   space 4608K, 0% used [0x00000000eda80000,0x00000000eda80000,0x00000000edf00000)
 ParOldGen       total 699392K, used 679754K [0x00000000c0000000, 0x00000000eab00000, 0x00000000eab00000)
  object space 699392K, 97% used [0x00000000c0000000,0x00000000e97d2a40,0x00000000eab00000)
 Metaspace       used 64620K, committed 66240K, reserved 1114112K
  class space    used 6754K, committed 7488K, reserved 1048576K
}
Event: 25.661 GC heap after
{Heap after GC invocations=1174 (full 3):
 PSYoungGen      total 43520K, used 1632K [0x00000000eab00000, 0x00000000ee280000, 0x0000000100000000)
  eden space 38912K, 0% used [0x00000000eab00000,0x00000000eab00000,0x00000000ed100000)
  from space 4608K, 35% used [0x00000000eda80000,0x00000000edc18000,0x00000000edf00000)
  to   space 2560K, 0% used [0x00000000ee000000,0x00000000ee000000,0x00000000ee280000)
 ParOldGen       total 699392K, used 681247K [0x00000000c0000000, 0x00000000eab00000, 0x00000000eab00000)
  object space 699392K, 97% used [0x00000000c0000000,0x00000000e9947db8,0x00000000eab00000)
 Metaspace       used 64620K, committed 66240K, reserved 1114112K
  class space    used 6754K, committed 7488K, reserved 1048576K
}
Event: 25.671 GC heap before
{Heap before GC invocations=1175 (full 3):
 PSYoungGen      total 43520K, used 40544K [0x00000000eab00000, 0x00000000ee280000, 0x0000000100000000)
  eden space 38912K, 100% used [0x00000000eab00000,0x00000000ed100000,0x00000000ed100000)
  from space 4608K, 35% used [0x00000000eda80000,0x00000000edc18000,0x00000000edf00000)
  to   space 2560K, 0% used [0x00000000ee000000,0x00000000ee000000,0x00000000ee280000)
 ParOldGen       total 699392K, used 681247K [0x00000000c0000000, 0x00000000eab00000, 0x00000000eab00000)
  object space 699392K, 97% used [0x00000000c0000000,0x00000000e9947db8,0x00000000eab00000)
 Metaspace       used 64631K, committed 66240K, reserved 1114112K
  class space    used 6754K, committed 7488K, reserved 1048576K
}
Event: 25.674 GC heap after
{Heap after GC invocations=1175 (full 3):
 PSYoungGen      total 39936K, used 1700K [0x00000000eab00000, 0x00000000ee200000, 0x0000000100000000)
  eden space 37888K, 0% used [0x00000000eab00000,0x00000000eab00000,0x00000000ed000000)
  from space 2048K, 83% used [0x00000000ee000000,0x00000000ee1a9178,0x00000000ee200000)
  to   space 2048K, 0% used [0x00000000ede00000,0x00000000ede00000,0x00000000ee000000)
 ParOldGen       total 699392K, used 682722K [0x00000000c0000000, 0x00000000eab00000, 0x00000000eab00000)
  object space 699392K, 97% used [0x00000000c0000000,0x00000000e9ab8988,0x00000000eab00000)
 Metaspace       used 64631K, committed 66240K, reserved 1114112K
  class space    used 6754K, committed 7488K, reserved 1048576K
}
Event: 25.694 GC heap before
{Heap before GC invocations=1176 (full 3):
 PSYoungGen      total 39936K, used 39588K [0x00000000eab00000, 0x00000000ee200000, 0x0000000100000000)
  eden space 37888K, 100% used [0x00000000eab00000,0x00000000ed000000,0x00000000ed000000)
  from space 2048K, 83% used [0x00000000ee000000,0x00000000ee1a9178,0x00000000ee200000)
  to   space 2048K, 0% used [0x00000000ede00000,0x00000000ede00000,0x00000000ee000000)
 ParOldGen       total 699392K, used 682722K [0x00000000c0000000, 0x00000000eab00000, 0x00000000eab00000)
  object space 699392K, 97% used [0x00000000c0000000,0x00000000e9ab8988,0x00000000eab00000)
 Metaspace       used 64631K, committed 66240K, reserved 1114112K
  class space    used 6754K, committed 7488K, reserved 1048576K
}
Event: 25.696 GC heap after
{Heap after GC invocations=1176 (full 3):
 PSYoungGen      total 38400K, used 1168K [0x00000000eab00000, 0x00000000ee080000, 0x0000000100000000)
  eden space 36864K, 0% used [0x00000000eab00000,0x00000000eab00000,0x00000000ecf00000)
  from space 1536K, 76% used [0x00000000ede00000,0x00000000edf24030,0x00000000edf80000)
  to   space 1024K, 0% used [0x00000000edf80000,0x00000000edf80000,0x00000000ee080000)
 ParOldGen       total 699392K, used 684152K [0x00000000c0000000, 0x00000000eab00000, 0x00000000eab00000)
  object space 699392K, 97% used [0x00000000c0000000,0x00000000e9c1e370,0x00000000eab00000)
 Metaspace       used 64631K, committed 66240K, reserved 1114112K
  class space    used 6754K, committed 7488K, reserved 1048576K
}
Event: 25.712 GC heap before
{Heap before GC invocations=1177 (full 3):
 PSYoungGen      total 38400K, used 38032K [0x00000000eab00000, 0x00000000ee080000, 0x0000000100000000)
  eden space 36864K, 100% used [0x00000000eab00000,0x00000000ecf00000,0x00000000ecf00000)
  from space 1536K, 76% used [0x00000000ede00000,0x00000000edf24030,0x00000000edf80000)
  to   space 1024K, 0% used [0x00000000edf80000,0x00000000edf80000,0x00000000ee080000)
 ParOldGen       total 699392K, used 684152K [0x00000000c0000000, 0x00000000eab00000, 0x00000000eab00000)
  object space 699392K, 97% used [0x00000000c0000000,0x00000000e9c1e370,0x00000000eab00000)
 Metaspace       used 64637K, committed 66240K, reserved 1114112K
  class space    used 6754K, committed 7488K, reserved 1048576K
}
Event: 25.714 GC heap after
{Heap after GC invocations=1177 (full 3):
 PSYoungGen      total 36864K, used 1024K [0x00000000eab00000, 0x00000000ee080000, 0x0000000100000000)
  eden space 35840K, 0% used [0x00000000eab00000,0x00000000eab00000,0x00000000ece00000)
  from space 1024K, 100% used [0x00000000edf80000,0x00000000ee080000,0x00000000ee080000)
  to   space 2560K, 0% used [0x00000000edb80000,0x00000000edb80000,0x00000000ede00000)
 ParOldGen       total 699392K, used 685194K [0x00000000c0000000, 0x00000000eab00000, 0x00000000eab00000)
  object space 699392K, 97% used [0x00000000c0000000,0x00000000e9d22a50,0x00000000eab00000)
 Metaspace       used 64637K, committed 66240K, reserved 1114112K
  class space    used 6754K, committed 7488K, reserved 1048576K
}
Event: 25.726 GC heap before
{Heap before GC invocations=1178 (full 3):
 PSYoungGen      total 36864K, used 36864K [0x00000000eab00000, 0x00000000ee080000, 0x0000000100000000)
  eden space 35840K, 100% used [0x00000000eab00000,0x00000000ece00000,0x00000000ece00000)
  from space 1024K, 100% used [0x00000000edf80000,0x00000000ee080000,0x00000000ee080000)
  to   space 2560K, 0% used [0x00000000edb80000,0x00000000edb80000,0x00000000ede00000)
 ParOldGen       total 699392K, used 685194K [0x00000000c0000000, 0x00000000eab00000, 0x00000000eab00000)
  object space 699392K, 97% used [0x00000000c0000000,0x00000000e9d22a50,0x00000000eab00000)
 Metaspace       used 64663K, committed 66240K, reserved 1114112K
  class space    used 6756K, committed 7488K, reserved 1048576K
}
Event: 25.728 GC heap after
{Heap after GC invocations=1178 (full 3):
 PSYoungGen      total 37376K, used 1424K [0x00000000eab00000, 0x00000000ee000000, 0x0000000100000000)
  eden space 34816K, 0% used [0x00000000eab00000,0x00000000eab00000,0x00000000ecd00000)
  from space 2560K, 55% used [0x00000000edb80000,0x00000000edce42b0,0x00000000ede00000)
  to   space 2048K, 0% used [0x00000000ede00000,0x00000000ede00000,0x00000000ee000000)
 ParOldGen       total 699392K, used 686125K [0x00000000c0000000, 0x00000000eab00000, 0x00000000eab00000)
  object space 699392K, 98% used [0x00000000c0000000,0x00000000e9e0b5f8,0x00000000eab00000)
 Metaspace       used 64663K, committed 66240K, reserved 1114112K
  class space    used 6756K, committed 7488K, reserved 1048576K
}
Event: 25.736 GC heap before
{Heap before GC invocations=1179 (full 3):
 PSYoungGen      total 37376K, used 36240K [0x00000000eab00000, 0x00000000ee000000, 0x0000000100000000)
  eden space 34816K, 100% used [0x00000000eab00000,0x00000000ecd00000,0x00000000ecd00000)
  from space 2560K, 55% used [0x00000000edb80000,0x00000000edce42b0,0x00000000ede00000)
  to   space 2048K, 0% used [0x00000000ede00000,0x00000000ede00000,0x00000000ee000000)
 ParOldGen       total 699392K, used 686125K [0x00000000c0000000, 0x00000000eab00000, 0x00000000eab00000)
  object space 699392K, 98% used [0x00000000c0000000,0x00000000e9e0b5f8,0x00000000eab00000)
 Metaspace       used 64668K, committed 66304K, reserved 1114112K
  class space    used 6756K, committed 7488K, reserved 1048576K
}
Event: 25.738 GC heap after
{Heap after GC invocations=1179 (full 3):
 PSYoungGen      total 35328K, used 800K [0x00000000eab00000, 0x00000000edf00000, 0x0000000100000000)
  eden space 34304K, 0% used [0x00000000eab00000,0x00000000eab00000,0x00000000ecc80000)
  from space 1024K, 78% used [0x00000000ede00000,0x00000000edec8000,0x00000000edf00000)
  to   space 1536K, 0% used [0x00000000edc00000,0x00000000edc00000,0x00000000edd80000)
 ParOldGen       total 699392K, used 687247K [0x00000000c0000000, 0x00000000eab00000, 0x00000000eab00000)
  object space 699392K, 98% used [0x00000000c0000000,0x00000000e9f23fe0,0x00000000eab00000)
 Metaspace       used 64668K, committed 66304K, reserved 1114112K
  class space    used 6756K, committed 7488K, reserved 1048576K
}
Event: 25.745 GC heap before
{Heap before GC invocations=1180 (full 3):
 PSYoungGen      total 35328K, used 35104K [0x00000000eab00000, 0x00000000edf00000, 0x0000000100000000)
  eden space 34304K, 100% used [0x00000000eab00000,0x00000000ecc80000,0x00000000ecc80000)
  from space 1024K, 78% used [0x00000000ede00000,0x00000000edec8000,0x00000000edf00000)
  to   space 1536K, 0% used [0x00000000edc00000,0x00000000edc00000,0x00000000edd80000)
 ParOldGen       total 699392K, used 687247K [0x00000000c0000000, 0x00000000eab00000, 0x00000000eab00000)
  object space 699392K, 98% used [0x00000000c0000000,0x00000000e9f23fe0,0x00000000eab00000)
 Metaspace       used 64668K, committed 66304K, reserved 1114112K
  class space    used 6756K, committed 7488K, reserved 1048576K
}
Event: 25.746 GC heap after
{Heap after GC invocations=1180 (full 3):
 PSYoungGen      total 35328K, used 816K [0x00000000eab00000, 0x00000000ede80000, 0x0000000100000000)
  eden space 33792K, 0% used [0x00000000eab00000,0x00000000eab00000,0x00000000ecc00000)
  from space 1536K, 53% used [0x00000000edc00000,0x00000000edccc148,0x00000000edd80000)
  to   space 1024K, 0% used [0x00000000edd80000,0x00000000edd80000,0x00000000ede80000)
 ParOldGen       total 699392K, used 687879K [0x00000000c0000000, 0x00000000eab00000, 0x00000000eab00000)
  object space 699392K, 98% used [0x00000000c0000000,0x00000000e9fc1ff0,0x00000000eab00000)
 Metaspace       used 64668K, committed 66304K, reserved 1114112K
  class space    used 6756K, committed 7488K, reserved 1048576K
}

Dll operation events (10 events):
Event: 0.018 Loaded shared library c:\Users\Liaaan\.vscode\extensions\redhat.java-1.42.0-win32-x64\jre\21.0.7-win32-x86_64\bin\java.dll
Event: 0.086 Loaded shared library c:\Users\Liaaan\.vscode\extensions\redhat.java-1.42.0-win32-x64\jre\21.0.7-win32-x86_64\bin\zip.dll
Event: 0.103 Loaded shared library C:\Users\Liaaan\.vscode\extensions\redhat.java-1.42.0-win32-x64\jre\21.0.7-win32-x86_64\bin\instrument.dll
Event: 0.107 Loaded shared library C:\Users\Liaaan\.vscode\extensions\redhat.java-1.42.0-win32-x64\jre\21.0.7-win32-x86_64\bin\net.dll
Event: 0.109 Loaded shared library C:\Users\Liaaan\.vscode\extensions\redhat.java-1.42.0-win32-x64\jre\21.0.7-win32-x86_64\bin\nio.dll
Event: 0.113 Loaded shared library C:\Users\Liaaan\.vscode\extensions\redhat.java-1.42.0-win32-x64\jre\21.0.7-win32-x86_64\bin\zip.dll
Event: 0.129 Loaded shared library C:\Users\Liaaan\.vscode\extensions\redhat.java-1.42.0-win32-x64\jre\21.0.7-win32-x86_64\bin\jimage.dll
Event: 0.201 Loaded shared library c:\Users\Liaaan\.vscode\extensions\redhat.java-1.42.0-win32-x64\jre\21.0.7-win32-x86_64\bin\verify.dll
Event: 1.127 Loaded shared library C:\Users\Liaaan\AppData\Roaming\Code\User\globalStorage\redhat.java\1.42.0\config_win\org.eclipse.equinox.launcher\org.eclipse.equinox.launcher.win32.win32.x86_64_1.2.1300.v20250331-1702\eclipse_11911.dll
Event: 2.910 Loaded shared library C:\Users\Liaaan\AppData\Local\Temp\jna--2019196054\jna13160865356417816880.dll

Deoptimization events (20 events):
Event: 25.661 Thread 0x0000027ad8acda80 Uncommon trap: trap_request=0xffffff66 fr.pc=0x0000027a882aa5ac relative=0x000000000000014c
Event: 25.661 Thread 0x0000027ad8acda80 Uncommon trap: reason=speculate_class_check action=maybe_recompile pc=0x0000027a882aa5ac method=org.eclipse.jdt.internal.core.search.indexing.AbstractIndexer.addFieldDeclaration([C[C)V @ 13 c2
Event: 25.661 Thread 0x0000027ad8acda80 DEOPT PACKING pc=0x0000027a882aa5ac sp=0x000000a6a8dfe940
Event: 25.661 Thread 0x0000027ad8acda80 DEOPT UNPACKING pc=0x0000027a87583aa2 sp=0x000000a6a8dfe8e8 mode 2
Event: 25.661 Thread 0x0000027ad8acda80 Uncommon trap: trap_request=0xffffff66 fr.pc=0x0000027a882aa5ac relative=0x000000000000014c
Event: 25.661 Thread 0x0000027ad8acda80 Uncommon trap: reason=speculate_class_check action=maybe_recompile pc=0x0000027a882aa5ac method=org.eclipse.jdt.internal.core.search.indexing.AbstractIndexer.addFieldDeclaration([C[C)V @ 13 c2
Event: 25.661 Thread 0x0000027ad8acda80 DEOPT PACKING pc=0x0000027a882aa5ac sp=0x000000a6a8dfe940
Event: 25.661 Thread 0x0000027ad8acda80 DEOPT UNPACKING pc=0x0000027a87583aa2 sp=0x000000a6a8dfe8e8 mode 2
Event: 25.700 Thread 0x0000027ada849570 Uncommon trap: trap_request=0xffffffbe fr.pc=0x0000027a883cd744 relative=0x0000000000000844
Event: 25.700 Thread 0x0000027ada849570 Uncommon trap: reason=profile_predicate action=maybe_recompile pc=0x0000027a883cd744 method=java.io.InputStream.read([BII)I @ 40 c2
Event: 25.700 Thread 0x0000027ada849570 DEOPT PACKING pc=0x0000027a883cd744 sp=0x000000a6aa1fe4a0
Event: 25.700 Thread 0x0000027ada849570 DEOPT UNPACKING pc=0x0000027a87583aa2 sp=0x000000a6aa1fe450 mode 2
Event: 25.730 Thread 0x0000027ada849570 Uncommon trap: trap_request=0xffffffbe fr.pc=0x0000027a883cd744 relative=0x0000000000000844
Event: 25.730 Thread 0x0000027ada849570 Uncommon trap: reason=profile_predicate action=maybe_recompile pc=0x0000027a883cd744 method=java.io.InputStream.read([BII)I @ 40 c2
Event: 25.730 Thread 0x0000027ada849570 DEOPT PACKING pc=0x0000027a883cd744 sp=0x000000a6aa1fe4a0
Event: 25.730 Thread 0x0000027ada849570 DEOPT UNPACKING pc=0x0000027a87583aa2 sp=0x000000a6aa1fe450 mode 2
Event: 25.730 Thread 0x0000027ada849570 Uncommon trap: trap_request=0xffffffbe fr.pc=0x0000027a883b5dec relative=0x000000000000058c
Event: 25.730 Thread 0x0000027ada849570 Uncommon trap: reason=profile_predicate action=maybe_recompile pc=0x0000027a883b5dec method=java.io.InputStream.read([BII)I @ 37 c2
Event: 25.730 Thread 0x0000027ada849570 DEOPT PACKING pc=0x0000027a883b5dec sp=0x000000a6aa1fe480
Event: 25.730 Thread 0x0000027ada849570 DEOPT UNPACKING pc=0x0000027a87583aa2 sp=0x000000a6aa1fe460 mode 2

Classes loaded (20 events):
Event: 17.113 Loading class java/util/concurrent/CompletableFuture$UniExceptionally
Event: 17.113 Loading class java/util/concurrent/CompletableFuture$UniExceptionally done
Event: 17.257 Loading class java/nio/charset/CharacterCodingException
Event: 17.257 Loading class java/nio/charset/CharacterCodingException done
Event: 17.257 Loading class java/io/SequenceInputStream
Event: 17.257 Loading class java/io/SequenceInputStream done
Event: 17.408 Loading class java/util/Hashtable$KeySet
Event: 17.410 Loading class java/util/Hashtable$KeySet done
Event: 25.321 Loading class java/lang/UnsupportedClassVersionError
Event: 25.329 Loading class java/lang/UnsupportedClassVersionError done
Event: 25.356 Loading class org/xml/sax/SAXNotRecognizedException
Event: 25.362 Loading class org/xml/sax/SAXNotRecognizedException done
Event: 25.362 Loading class org/xml/sax/SAXNotSupportedException
Event: 25.363 Loading class org/xml/sax/SAXNotSupportedException done
Event: 25.367 Loading class com/sun/org/apache/xerces/internal/util/URI
Event: 25.369 Loading class com/sun/org/apache/xerces/internal/util/URI done
Event: 25.374 Loading class com/sun/org/apache/xerces/internal/xni/XNIException
Event: 25.379 Loading class com/sun/org/apache/xerces/internal/xni/XNIException done
Event: 25.384 Loading class com/sun/org/apache/xerces/internal/xni/parser/XMLParseException
Event: 25.385 Loading class com/sun/org/apache/xerces/internal/xni/parser/XMLParseException done

Classes unloaded (10 events):
Event: 3.458 Thread 0x0000027affa64600 Unloading class 0x0000027a921a4c00 'java/lang/invoke/LambdaForm$MH+0x0000027a921a4c00'
Event: 3.458 Thread 0x0000027affa64600 Unloading class 0x0000027a921a4800 'java/lang/invoke/LambdaForm$MH+0x0000027a921a4800'
Event: 3.458 Thread 0x0000027affa64600 Unloading class 0x0000027a921a4400 'java/lang/invoke/LambdaForm$MH+0x0000027a921a4400'
Event: 3.458 Thread 0x0000027affa64600 Unloading class 0x0000027a921a4000 'java/lang/invoke/LambdaForm$MH+0x0000027a921a4000'
Event: 3.458 Thread 0x0000027affa64600 Unloading class 0x0000027a921a3c00 'java/lang/invoke/LambdaForm$BMH+0x0000027a921a3c00'
Event: 3.458 Thread 0x0000027affa64600 Unloading class 0x0000027a921a3800 'java/lang/invoke/LambdaForm$DMH+0x0000027a921a3800'
Event: 3.458 Thread 0x0000027affa64600 Unloading class 0x0000027a921a2400 'java/lang/invoke/LambdaForm$DMH+0x0000027a921a2400'
Event: 9.953 Thread 0x0000027affa64600 Unloading class 0x0000027a9265cc00 'java/lang/invoke/LambdaForm$DMH+0x0000027a9265cc00'
Event: 9.953 Thread 0x0000027affa64600 Unloading class 0x0000027a9265c800 'java/lang/invoke/LambdaForm$DMH+0x0000027a9265c800'
Event: 9.953 Thread 0x0000027affa64600 Unloading class 0x0000027a9265c400 'java/lang/invoke/LambdaForm$DMH+0x0000027a9265c400'

Classes redefined (0 events):
No events

Internal exceptions (20 events):
Event: 17.492 Thread 0x0000027ad8accd60 Exception <a 'sun/nio/fs/WindowsException'{0x00000000eaecfe10}> (0x00000000eaecfe10) 
thrown [s\src\hotspot\share\prims\jni.cpp, line 520]
Event: 17.492 Thread 0x0000027ad8accd60 Exception <a 'sun/nio/fs/WindowsException'{0x00000000eaf61e90}> (0x00000000eaf61e90) 
thrown [s\src\hotspot\share\prims\jni.cpp, line 520]
Event: 17.495 Thread 0x0000027add09fba0 Implicit null exception at 0x0000027a8838be86 to 0x0000027a8838bf60
Event: 17.531 Thread 0x0000027ad8accd60 Exception <a 'sun/nio/fs/WindowsException'{0x00000000eb3c7cb8}> (0x00000000eb3c7cb8) 
thrown [s\src\hotspot\share\prims\jni.cpp, line 520]
Event: 17.531 Thread 0x0000027ad8accd60 Exception <a 'sun/nio/fs/WindowsException'{0x00000000eb448c38}> (0x00000000eb448c38) 
thrown [s\src\hotspot\share\prims\jni.cpp, line 520]
Event: 24.699 Thread 0x0000027ada849570 Exception <a 'java/lang/IncompatibleClassChangeError'{0x00000000ebe43d90}: Found class java.lang.Object, but interface was expected> (0x00000000ebe43d90) 
thrown [s\src\hotspot\share\interpreter\linkResolver.cpp, line 840]
Event: 24.700 Thread 0x0000027ada849570 Exception <a 'java/lang/IncompatibleClassChangeError'{0x00000000ec30de98}: Found class java.lang.Object, but interface was expected> (0x00000000ec30de98) 
thrown [s\src\hotspot\share\interpreter\linkResolver.cpp, line 840]
Event: 24.715 Thread 0x0000027add09fba0 Implicit null exception at 0x0000027a87b26c21 to 0x0000027a87b26f34
Event: 24.716 Thread 0x0000027add09fba0 Implicit null exception at 0x0000027a883b2d72 to 0x0000027a883b3180
Event: 24.865 Thread 0x0000027ada8460f0 Exception <a 'java/lang/NoSuchMethodError'{0x00000000ec614ea8}: 'java.lang.Object java.lang.invoke.DirectMethodHandle$Holder.invokeStatic(java.lang.Object, java.lang.Object, int, int)'> (0x00000000ec614ea8) 
thrown [s\src\hotspot\share\interpreter\linkResolver.cpp, line 773]
Event: 24.866 Thread 0x0000027ada8460f0 Exception <a 'java/lang/NoSuchMethodError'{0x00000000ec6622e0}: 'java.lang.Object java.lang.invoke.DirectMethodHandle$Holder.invokeSpecial(java.lang.Object, java.lang.Object, java.lang.Object, int, int)'> (0x00000000ec6622e0) 
thrown [s\src\hotspot\share\interpreter\linkResolver.cpp, line 773]
Event: 24.902 Thread 0x0000027ada8460f0 Exception <a 'java/lang/LinkageError'{0x00000000ecae0658}: loader lombok.launch.ShadowClassLoader @6b41e738 attempted duplicate class definition for lombok.launch.PatchFixesHider$FieldInitializer. (lombok.launch.PatchFixesHider$FieldInitializer is in unnamed module of loader lombok.launch.ShadowClassLoader @6b41e738, parent loader org.eclipse.osgi.internal.loader.EquinoxClassLoader @7972767f)> (0x00000000ecae0658) 
thrown [s\src\hotspot\share\classfile\systemDictionary.cpp, line 1682]
Event: 24.913 Thread 0x0000027ada8460f0 Exception <a 'java/lang/NoSuchMethodError'{0x00000000ebee64c0}: 'java.lang.Object java.lang.invoke.DirectMethodHandle$Holder.invokeSpecial(java.lang.Object, java.lang.Object, int, long)'> (0x00000000ebee64c0) 
thrown [s\src\hotspot\share\interpreter\linkResolver.cpp, line 773]
Event: 25.220 Thread 0x0000027add09b370 Exception <a 'java/lang/IncompatibleClassChangeError'{0x00000000eab63f08}: Found class java.lang.Object, but interface was expected> (0x00000000eab63f08) 
thrown [s\src\hotspot\share\interpreter\linkResolver.cpp, line 840]
Event: 25.220 Thread 0x0000027add09e7f0 Exception <a 'java/lang/IncompatibleClassChangeError'{0x00000000eab084d0}: Found class java.lang.Object, but interface was expected> (0x00000000eab084d0) 
thrown [s\src\hotspot\share\interpreter\linkResolver.cpp, line 840]
Event: 25.224 Thread 0x0000027add09ee80 Exception <a 'java/lang/IncompatibleClassChangeError'{0x00000000eab266e0}: Found class java.lang.Object, but interface was expected> (0x00000000eab266e0) 
thrown [s\src\hotspot\share\interpreter\linkResolver.cpp, line 840]
Event: 25.226 Thread 0x0000027add09a650 Exception <a 'java/lang/IncompatibleClassChangeError'{0x00000000eab44958}: Found class java.lang.Object, but interface was expected> (0x00000000eab44958) 
thrown [s\src\hotspot\share\interpreter\linkResolver.cpp, line 840]
Event: 25.263 Thread 0x0000027ad8accd60 Exception <a 'java/lang/NoSuchMethodError'{0x00000000eca4f008}: 'java.lang.Object java.lang.invoke.DirectMethodHandle$Holder.invokeStatic(java.lang.Object, java.lang.Object, int, java.lang.Object)'> (0x00000000eca4f008) 
thrown [s\src\hotspot\share\interpreter\linkResolver.cpp, line 773]
Event: 25.378 Thread 0x0000027add09dad0 Exception <a 'java/lang/NoSuchMethodError'{0x00000000eb184610}: 'int java.lang.invoke.Invokers$Holder.invokeExact_MT(java.lang.Object, java.lang.Object)'> (0x00000000eb184610) 
thrown [s\src\hotspot\share\interpreter\linkResolver.cpp, line 773]
Event: 25.650 Thread 0x0000027ad8acda80 Exception <a 'sun/nio/fs/WindowsException'{0x00000000ead1cbb8}> (0x00000000ead1cbb8) 
thrown [s\src\hotspot\share\prims\jni.cpp, line 520]

ZGC Phase Switch (0 events):
No events

VM Operations (20 events):
Event: 25.633 Executing VM operation: ParallelGCFailedAllocation (Allocation Failure) done
Event: 25.644 Executing VM operation: ParallelGCFailedAllocation (Allocation Failure)
Event: 25.647 Executing VM operation: ParallelGCFailedAllocation (Allocation Failure) done
Event: 25.658 Executing VM operation: ParallelGCFailedAllocation (Allocation Failure)
Event: 25.661 Executing VM operation: ParallelGCFailedAllocation (Allocation Failure) done
Event: 25.671 Executing VM operation: ParallelGCFailedAllocation (Allocation Failure)
Event: 25.674 Executing VM operation: ParallelGCFailedAllocation (Allocation Failure) done
Event: 25.681 Executing VM operation: ParallelGCFailedAllocation (Allocation Failure)
Event: 25.696 Executing VM operation: ParallelGCFailedAllocation (Allocation Failure) done
Event: 25.711 Executing VM operation: ParallelGCFailedAllocation (Allocation Failure)
Event: 25.714 Executing VM operation: ParallelGCFailedAllocation (Allocation Failure) done
Event: 25.726 Executing VM operation: ParallelGCFailedAllocation (Allocation Failure)
Event: 25.729 Executing VM operation: ParallelGCFailedAllocation (Allocation Failure) done
Event: 25.736 Executing VM operation: ParallelGCFailedAllocation (Allocation Failure)
Event: 25.738 Executing VM operation: ParallelGCFailedAllocation (Allocation Failure) done
Event: 25.745 Executing VM operation: ParallelGCFailedAllocation (Allocation Failure)
Event: 25.746 Executing VM operation: ParallelGCFailedAllocation (Allocation Failure) done
Event: 25.754 Executing VM operation: ParallelGCFailedAllocation (Allocation Failure)
Event: 25.754 Executing VM operation: ParallelGCFailedAllocation (Allocation Failure) done
Event: 26.755 Executing VM operation: Cleanup

Memory protections (0 events):
No events

Nmethod flushes (20 events):
Event: 9.972 Thread 0x0000027affa64600 flushing  nmethod 0x0000027a80932490
Event: 9.972 Thread 0x0000027affa64600 flushing  nmethod 0x0000027a80932b90
Event: 9.972 Thread 0x0000027affa64600 flushing  nmethod 0x0000027a80933a90
Event: 9.972 Thread 0x0000027affa64600 flushing  nmethod 0x0000027a80935e10
Event: 9.972 Thread 0x0000027affa64600 flushing  nmethod 0x0000027a8095a590
Event: 9.972 Thread 0x0000027affa64600 flushing  nmethod 0x0000027a80962210
Event: 9.972 Thread 0x0000027affa64600 flushing  nmethod 0x0000027a809b6310
Event: 9.972 Thread 0x0000027affa64600 flushing  nmethod 0x0000027a809d7790
Event: 9.972 Thread 0x0000027affa64600 flushing  nmethod 0x0000027a809d9290
Event: 9.972 Thread 0x0000027affa64600 flushing  nmethod 0x0000027a809e1f10
Event: 9.972 Thread 0x0000027affa64600 flushing  nmethod 0x0000027a809e3f90
Event: 9.972 Thread 0x0000027affa64600 flushing  nmethod 0x0000027a809e4710
Event: 9.972 Thread 0x0000027affa64600 flushing  nmethod 0x0000027a809e4a90
Event: 9.972 Thread 0x0000027affa64600 flushing  nmethod 0x0000027a809e4e10
Event: 9.972 Thread 0x0000027affa64600 flushing  nmethod 0x0000027a809e6a10
Event: 9.972 Thread 0x0000027affa64600 flushing  nmethod 0x0000027a809f3590
Event: 9.972 Thread 0x0000027affa64600 flushing  nmethod 0x0000027a809f4010
Event: 9.972 Thread 0x0000027affa64600 flushing  nmethod 0x0000027a809f4810
Event: 9.972 Thread 0x0000027affa64600 flushing  nmethod 0x0000027a809fa910
Event: 9.972 Thread 0x0000027affa64600 flushing  nmethod 0x0000027a809fbb90

Events (20 events):
Event: 9.748 Thread 0x0000027add09a650 Thread exited: 0x0000027add09a650
Event: 9.748 Thread 0x0000027add09ee80 Thread exited: 0x0000027add09ee80
Event: 12.098 Thread 0x0000027ad927e050 Thread exited: 0x0000027ad927e050
Event: 12.519 Thread 0x0000027ad9fc8070 Thread exited: 0x0000027ad9fc8070
Event: 16.851 Thread 0x0000027afc73d590 Thread added: 0x0000027ad9fc8070
Event: 17.113 Thread 0x0000027ada849570 Thread added: 0x0000027add09b370
Event: 17.116 Thread 0x0000027ada849570 Thread added: 0x0000027add09ba00
Event: 17.116 Thread 0x0000027add09ba00 Thread added: 0x0000027add09dad0
Event: 17.121 Thread 0x0000027ada849570 Thread added: 0x0000027add09a650
Event: 17.122 Thread 0x0000027add09a650 Thread added: 0x0000027add09ee80
Event: 17.122 Thread 0x0000027add09ee80 Thread added: 0x0000027add09e7f0
Event: 17.123 Thread 0x0000027add09e7f0 Thread added: 0x0000027add0a0230
Event: 17.123 Thread 0x0000027add0a0230 Thread added: 0x0000027add09f510
Event: 17.138 Thread 0x0000027ad9fc8070 Thread added: 0x0000027ad2f88640
Event: 17.332 Thread 0x0000027ada849570 Thread added: 0x0000027add09fba0
Event: 17.338 Thread 0x0000027add09b370 Thread added: 0x0000027ad8acac90
Event: 17.343 Thread 0x0000027ada849570 Thread added: 0x0000027ae5ca7720
Event: 17.516 Thread 0x0000027ad8accd60 Thread added: 0x0000027ae5ca8440
Event: 24.694 Thread 0x0000027ae5ca8440 Thread exited: 0x0000027ae5ca8440
Event: 25.675 Thread 0x0000027ada846e10 Thread added: 0x0000027ae5ca6a00


Dynamic libraries:
0x00007ff687e10000 - 0x00007ff687e1e000 	c:\Users\Liaaan\.vscode\extensions\redhat.java-1.42.0-win32-x64\jre\21.0.7-win32-x86_64\bin\java.exe
0x00007ffcf7ac0000 - 0x00007ffcf7d26000 	C:\WINDOWS\SYSTEM32\ntdll.dll
0x00007ffcf6af0000 - 0x00007ffcf6bb9000 	C:\WINDOWS\System32\KERNEL32.DLL
0x00007ffcf4fd0000 - 0x00007ffcf539c000 	C:\WINDOWS\System32\KERNELBASE.dll
0x00007ffcf53a0000 - 0x00007ffcf54eb000 	C:\WINDOWS\System32\ucrtbase.dll
0x00007ffce7500000 - 0x00007ffce7518000 	c:\Users\Liaaan\.vscode\extensions\redhat.java-1.42.0-win32-x64\jre\21.0.7-win32-x86_64\bin\jli.dll
0x00007ffcf6800000 - 0x00007ffcf69ca000 	C:\WINDOWS\System32\USER32.dll
0x00007ffcf4c50000 - 0x00007ffcf4c77000 	C:\WINDOWS\System32\win32u.dll
0x00007ffcf78f0000 - 0x00007ffcf791b000 	C:\WINDOWS\System32\GDI32.dll
0x00007ffcf4c80000 - 0x00007ffcf4db2000 	C:\WINDOWS\System32\gdi32full.dll
0x00007ffcd1f40000 - 0x00007ffcd1f5e000 	c:\Users\Liaaan\.vscode\extensions\redhat.java-1.42.0-win32-x64\jre\21.0.7-win32-x86_64\bin\VCRUNTIME140.dll
0x00007ffcf57d0000 - 0x00007ffcf5873000 	C:\WINDOWS\System32\msvcp_win.dll
0x00007ffcd5120000 - 0x00007ffcd53ba000 	C:\WINDOWS\WinSxS\amd64_microsoft.windows.common-controls_6595b64144ccf1df_6.0.26100.3912_none_3e07963ce335137e\COMCTL32.dll
0x00007ffcf76e0000 - 0x00007ffcf7789000 	C:\WINDOWS\System32\msvcrt.dll
0x00007ffcf59d0000 - 0x00007ffcf5a00000 	C:\WINDOWS\System32\IMM32.DLL
0x00007ffcef450000 - 0x00007ffcef45c000 	c:\Users\Liaaan\.vscode\extensions\redhat.java-1.42.0-win32-x64\jre\21.0.7-win32-x86_64\bin\vcruntime140_1.dll
0x00007ffcc5330000 - 0x00007ffcc53bd000 	c:\Users\Liaaan\.vscode\extensions\redhat.java-1.42.0-win32-x64\jre\21.0.7-win32-x86_64\bin\msvcp140.dll
0x00007ffc74ff0000 - 0x00007ffc75d80000 	c:\Users\Liaaan\.vscode\extensions\redhat.java-1.42.0-win32-x64\jre\21.0.7-win32-x86_64\bin\server\jvm.dll
0x00007ffcf7920000 - 0x00007ffcf79d2000 	C:\WINDOWS\System32\ADVAPI32.dll
0x00007ffcf7840000 - 0x00007ffcf78e6000 	C:\WINDOWS\System32\sechost.dll
0x00007ffcf69d0000 - 0x00007ffcf6ae6000 	C:\WINDOWS\System32\RPCRT4.dll
0x00007ffcf5a10000 - 0x00007ffcf5a84000 	C:\WINDOWS\System32\WS2_32.dll
0x00007ffcf4620000 - 0x00007ffcf467e000 	C:\WINDOWS\SYSTEM32\POWRPROF.dll
0x00007ffced150000 - 0x00007ffced15b000 	C:\WINDOWS\SYSTEM32\VERSION.dll
0x00007ffce6f60000 - 0x00007ffce6f96000 	C:\WINDOWS\SYSTEM32\WINMM.dll
0x00007ffcf4600000 - 0x00007ffcf4614000 	C:\WINDOWS\SYSTEM32\UMPDC.dll
0x00007ffcf39e0000 - 0x00007ffcf39fa000 	C:\WINDOWS\SYSTEM32\kernel.appcore.dll
0x00007ffcee5c0000 - 0x00007ffcee5ca000 	c:\Users\Liaaan\.vscode\extensions\redhat.java-1.42.0-win32-x64\jre\21.0.7-win32-x86_64\bin\jimage.dll
0x00007ffcf2130000 - 0x00007ffcf2371000 	C:\WINDOWS\SYSTEM32\DBGHELP.DLL
0x00007ffcf5a90000 - 0x00007ffcf5e14000 	C:\WINDOWS\System32\combase.dll
0x00007ffcf58e0000 - 0x00007ffcf59c0000 	C:\WINDOWS\System32\OLEAUT32.dll
0x00007ffcd3fb0000 - 0x00007ffcd3fe9000 	C:\WINDOWS\SYSTEM32\dbgcore.DLL
0x00007ffcf5730000 - 0x00007ffcf57c9000 	C:\WINDOWS\System32\bcryptPrimitives.dll
0x00007ffce7c10000 - 0x00007ffce7c1f000 	c:\Users\Liaaan\.vscode\extensions\redhat.java-1.42.0-win32-x64\jre\21.0.7-win32-x86_64\bin\instrument.dll
0x00007ffcd18f0000 - 0x00007ffcd190f000 	c:\Users\Liaaan\.vscode\extensions\redhat.java-1.42.0-win32-x64\jre\21.0.7-win32-x86_64\bin\java.dll
0x00007ffcf6d40000 - 0x00007ffcf746d000 	C:\WINDOWS\System32\SHELL32.dll
0x00007ffcf54f0000 - 0x00007ffcf5664000 	C:\WINDOWS\System32\wintypes.dll
0x00007ffcf28a0000 - 0x00007ffcf30f6000 	C:\WINDOWS\SYSTEM32\windows.storage.dll
0x00007ffcf7470000 - 0x00007ffcf755f000 	C:\WINDOWS\System32\SHCORE.dll
0x00007ffcf6bc0000 - 0x00007ffcf6c29000 	C:\WINDOWS\System32\shlwapi.dll
0x00007ffcf4b60000 - 0x00007ffcf4b8f000 	C:\WINDOWS\SYSTEM32\profapi.dll
0x00007ffcc8d10000 - 0x00007ffcc8d28000 	c:\Users\Liaaan\.vscode\extensions\redhat.java-1.42.0-win32-x64\jre\21.0.7-win32-x86_64\bin\zip.dll
0x00007ffcd1a20000 - 0x00007ffcd1a30000 	C:\Users\Liaaan\.vscode\extensions\redhat.java-1.42.0-win32-x64\jre\21.0.7-win32-x86_64\bin\net.dll
0x00007ffcec210000 - 0x00007ffcec32e000 	C:\WINDOWS\SYSTEM32\WINHTTP.dll
0x00007ffcf3f60000 - 0x00007ffcf3fca000 	C:\WINDOWS\system32\mswsock.dll
0x00007ffcc86d0000 - 0x00007ffcc86e6000 	C:\Users\Liaaan\.vscode\extensions\redhat.java-1.42.0-win32-x64\jre\21.0.7-win32-x86_64\bin\nio.dll
0x00007ffcd19b0000 - 0x00007ffcd19c0000 	c:\Users\Liaaan\.vscode\extensions\redhat.java-1.42.0-win32-x64\jre\21.0.7-win32-x86_64\bin\verify.dll
0x00007ffcc3280000 - 0x00007ffcc32c5000 	C:\Users\Liaaan\AppData\Roaming\Code\User\globalStorage\redhat.java\1.42.0\config_win\org.eclipse.equinox.launcher\org.eclipse.equinox.launcher.win32.win32.x86_64_1.2.1300.v20250331-1702\eclipse_11911.dll
0x00007ffcf6000000 - 0x00007ffcf619f000 	C:\WINDOWS\System32\ole32.dll
0x00007ffcf4220000 - 0x00007ffcf423c000 	C:\WINDOWS\SYSTEM32\CRYPTSP.dll
0x00007ffcf3940000 - 0x00007ffcf397a000 	C:\WINDOWS\system32\rsaenh.dll
0x00007ffcf4020000 - 0x00007ffcf404b000 	C:\WINDOWS\SYSTEM32\USERENV.dll
0x00007ffcf4b30000 - 0x00007ffcf4b56000 	C:\WINDOWS\SYSTEM32\bcrypt.dll
0x00007ffcf4240000 - 0x00007ffcf424c000 	C:\WINDOWS\SYSTEM32\CRYPTBASE.dll
0x00007ffcf33f0000 - 0x00007ffcf3423000 	C:\WINDOWS\SYSTEM32\IPHLPAPI.DLL
0x00007ffcf6360000 - 0x00007ffcf636a000 	C:\WINDOWS\System32\NSI.dll
0x00007ffccadb0000 - 0x00007ffccadf9000 	C:\Users\Liaaan\AppData\Local\Temp\jna--2019196054\jna13160865356417816880.dll
0x00007ffcf6350000 - 0x00007ffcf6358000 	C:\WINDOWS\System32\PSAPI.DLL
0x00007ffcec5d0000 - 0x00007ffcec5ef000 	C:\WINDOWS\SYSTEM32\dhcpcsvc6.DLL
0x00007ffcec1e0000 - 0x00007ffcec205000 	C:\WINDOWS\SYSTEM32\dhcpcsvc.DLL

dbghelp: loaded successfully - version: 4.0.5 - missing functions: none
symbol engine: initialized successfully - sym options: 0x614 - pdb path: .;c:\Users\Liaaan\.vscode\extensions\redhat.java-1.42.0-win32-x64\jre\21.0.7-win32-x86_64\bin;C:\WINDOWS\SYSTEM32;C:\WINDOWS\WinSxS\amd64_microsoft.windows.common-controls_6595b64144ccf1df_6.0.26100.3912_none_3e07963ce335137e;c:\Users\Liaaan\.vscode\extensions\redhat.java-1.42.0-win32-x64\jre\21.0.7-win32-x86_64\bin\server;C:\Users\Liaaan\AppData\Roaming\Code\User\globalStorage\redhat.java\1.42.0\config_win\org.eclipse.equinox.launcher\org.eclipse.equinox.launcher.win32.win32.x86_64_1.2.1300.v20250331-1702;C:\Users\Liaaan\AppData\Local\Temp\jna--2019196054

VM Arguments:
jvm_args: --add-modules=ALL-SYSTEM --add-opens=java.base/java.util=ALL-UNNAMED --add-opens=java.base/java.lang=ALL-UNNAMED --add-opens=java.base/sun.nio.fs=ALL-UNNAMED -Declipse.application=org.eclipse.jdt.ls.core.id1 -Dosgi.bundles.defaultStartLevel=4 -Declipse.product=org.eclipse.jdt.ls.core.product -Djava.import.generatesMetadataFilesAtProjectRoot=false -DDetectVMInstallationsJob.disabled=true -Dfile.encoding=utf8 -XX:+UseParallelGC -XX:GCTimeRatio=4 -XX:AdaptiveSizePolicyWeight=90 -Dsun.zip.disableMemoryMapping=true -Xmx1G -Xms100m -Xlog:disable -javaagent:c:\Users\Liaaan\.vscode\extensions\redhat.java-1.42.0-win32-x64\lombok\lombok-1.18.36.jar -XX:+HeapDumpOnOutOfMemoryError -XX:HeapDumpPath=c:\Users\Liaaan\AppData\Roaming\Code\User\workspaceStorage\b0d88116b9ff8da6722e643e05ebe559\redhat.java -Daether.dependencyCollector.impl=bf 
java_command: c:\Users\Liaaan\.vscode\extensions\redhat.java-1.42.0-win32-x64\server\plugins\org.eclipse.equinox.launcher_1.7.0.v20250424-1814.jar -configuration c:\Users\Liaaan\AppData\Roaming\Code\User\globalStorage\redhat.java\1.42.0\config_win -data c:\Users\Liaaan\AppData\Roaming\Code\User\workspaceStorage\b0d88116b9ff8da6722e643e05ebe559\redhat.java\jdt_ws --pipe=\\.\pipe\lsp-4a047c251dadbcdef789e77bac93510e-sock
java_class_path (initial): c:\Users\Liaaan\.vscode\extensions\redhat.java-1.42.0-win32-x64\server\plugins\org.eclipse.equinox.launcher_1.7.0.v20250424-1814.jar
Launcher Type: SUN_STANDARD

[Global flags]
    uintx AdaptiveSizePolicyWeight                 = 90                                        {product} {command line}
     intx CICompilerCount                          = 4                                         {product} {ergonomic}
    uintx GCTimeRatio                              = 4                                         {product} {command line}
     bool HeapDumpOnOutOfMemoryError               = true                                   {manageable} {command line}
    ccstr HeapDumpPath                             = c:\Users\Liaaan\AppData\Roaming\Code\User\workspaceStorage\b0d88116b9ff8da6722e643e05ebe559\redhat.java         {manageable} {command line}
   size_t InitialHeapSize                          = 104857600                                 {product} {command line}
   size_t MaxHeapSize                              = 1073741824                                {product} {command line}
   size_t MaxNewSize                               = 357564416                                 {product} {ergonomic}
   size_t MinHeapDeltaBytes                        = 524288                                    {product} {ergonomic}
   size_t MinHeapSize                              = 104857600                                 {product} {command line}
   size_t NewSize                                  = 34603008                                  {product} {ergonomic}
    uintx NonNMethodCodeHeapSize                   = 5839372                                {pd product} {ergonomic}
    uintx NonProfiledCodeHeapSize                  = 122909434                              {pd product} {ergonomic}
   size_t OldSize                                  = 70254592                                  {product} {ergonomic}
    uintx ProfiledCodeHeapSize                     = 122909434                              {pd product} {ergonomic}
    uintx ReservedCodeCacheSize                    = 251658240                              {pd product} {ergonomic}
     bool SegmentedCodeCache                       = true                                      {product} {ergonomic}
   size_t SoftMaxHeapSize                          = 1073741824                             {manageable} {ergonomic}
     bool UseCompressedOops                        = true                           {product lp64_product} {ergonomic}
     bool UseLargePagesIndividualAllocation        = false                                  {pd product} {ergonomic}
     bool UseParallelGC                            = true                                      {product} {command line}

Logging:
Log output configuration:
 #0: stdout all=off uptime,level,tags foldmultilines=false
 #1: stderr all=off uptime,level,tags foldmultilines=false

Environment Variables:
PATH=D:\app\oracle\product\11.2.0\server\bin;C:\WINDOWS\system32;C:\WINDOWS;C:\WINDOWS\System32\Wbem;C:\WINDOWS\System32\WindowsPowerShell\v1.0\;C:\WINDOWS\System32\OpenSSH\;C:\Program Files\NVIDIA Corporation\NVIDIA app\NvDLISR;C:\Program Files (x86)\NVIDIA Corporation\PhysX\Common;C:\Program Files\Git\cmd;C:\Users\Liaaan\AppData\Local\Microsoft\WindowsApps;C:\Users\Liaaan\AppData\Local\GitHubDesktop\bin;C:\Users\Liaaan\AppData\Local\Programs\Microsoft VS Code\bin
USERNAME=Liaaan
OS=Windows_NT
PROCESSOR_IDENTIFIER=Intel64 Family 6 Model 186 Stepping 2, GenuineIntel
TMP=C:\Users\Liaaan\AppData\Local\Temp
TEMP=C:\Users\Liaaan\AppData\Local\Temp




Periodic native trim disabled

---------------  S Y S T E M  ---------------

OS:
 Windows 11 , 64 bit Build 26100 (10.0.26100.3912)
OS uptime: 0 days 8:58 hours
Hyper-V role detected

CPU: total 12 (initial active 12) (6 cores per cpu, 2 threads per core) family 6 model 186 stepping 2 microcode 0x4123, cx8, cmov, fxsr, ht, mmx, 3dnowpref, sse, sse2, sse3, ssse3, sse4.1, sse4.2, popcnt, lzcnt, tsc, tscinvbit, avx, avx2, aes, erms, clmul, bmi1, bmi2, adx, sha, fma, vzeroupper, clflush, clflushopt, clwb, hv, serialize, rdtscp, rdpid, fsrm, f16c, cet_ibt, cet_ss
Processor Information for processor 0
  Max Mhz: 2100, Current Mhz: 2100, Mhz Limit: 2100
Processor Information for processor 1
  Max Mhz: 2100, Current Mhz: 2100, Mhz Limit: 2100
Processor Information for processor 2
  Max Mhz: 2100, Current Mhz: 2100, Mhz Limit: 2100
Processor Information for processor 3
  Max Mhz: 2100, Current Mhz: 2100, Mhz Limit: 2100
Processor Information for processor 4
  Max Mhz: 2100, Current Mhz: 2100, Mhz Limit: 2100
Processor Information for processor 5
  Max Mhz: 2100, Current Mhz: 2100, Mhz Limit: 2100
Processor Information for processor 6
  Max Mhz: 2100, Current Mhz: 2100, Mhz Limit: 2100
Processor Information for processor 7
  Max Mhz: 2100, Current Mhz: 2100, Mhz Limit: 2100
Processor Information for processor 8
  Max Mhz: 2100, Current Mhz: 1500, Mhz Limit: 1491
Processor Information for processor 9
  Max Mhz: 2100, Current Mhz: 1500, Mhz Limit: 1491
Processor Information for processor 10
  Max Mhz: 2100, Current Mhz: 1500, Mhz Limit: 1491
Processor Information for processor 11
  Max Mhz: 2100, Current Mhz: 1500, Mhz Limit: 1491

Memory: 4k page, system-wide physical 7984M (567M free)
TotalPageFile size 32560M (AvailPageFile size 24M)
current process WorkingSet (physical memory assigned to process): 935M, peak: 988M
current process commit charge ("private bytes"): 1009M, peak: 1033M

vm_info: OpenJDK 64-Bit Server VM (21.0.7+6-LTS) for windows-amd64 JRE (21.0.7+6-LTS), built on 2025-04-15T00:00:00Z by "admin" with MS VC++ 17.7 (VS2022)

END.
