#
# There is insufficient memory for the Java Runtime Environment to continue.
# Native memory allocation (malloc) failed to allocate 1205088 bytes. Error detail: Chunk::new
# Possible reasons:
#   The system is out of physical RAM or swap space
#   This process is running with CompressedOops enabled, and the Java Heap may be blocking the growth of the native heap
# Possible solutions:
#   Reduce memory load on the system
#   Increase physical memory or swap space
#   Check if swap backing store is full
#   Decrease Java heap size (-Xmx/-Xms)
#   Decrease number of Java threads
#   Decrease Java thread stack sizes (-Xss)
#   Set larger code cache with -XX:ReservedCodeCacheSize=
#   JVM is running with Unscaled Compressed Oops mode in which the Java heap is
#     placed in the first 4GB address space. The Java Heap base address is the
#     maximum limit for the native heap growth. Please use -XX:HeapBaseMinAddress
#     to set the Java Heap base and to place the Java Heap above 4GB virtual address.
# This output file may be truncated or incomplete.
#
#  Out of Memory Error (arena.cpp:168), pid=30624, tid=25616
#
# JRE version: OpenJDK Runtime Environment Temurin-21.0.7+6 (21.0.7+6) (build 21.0.7+6-LTS)
# Java VM: OpenJDK 64-Bit Server VM Temurin-21.0.7+6 (21.0.7+6-LTS, mixed mode, sharing, tiered, compressed oops, compressed class ptrs, parallel gc, windows-amd64)
# No core dump will be written. Minidumps are not enabled by default on client versions of Windows
#

---------------  S U M M A R Y ------------

Command Line: --add-modules=ALL-SYSTEM --add-opens=java.base/java.util=ALL-UNNAMED --add-opens=java.base/java.lang=ALL-UNNAMED --add-opens=java.base/sun.nio.fs=ALL-UNNAMED -Declipse.application=org.eclipse.jdt.ls.core.id1 -Dosgi.bundles.defaultStartLevel=4 -Declipse.product=org.eclipse.jdt.ls.core.product -Djava.import.generatesMetadataFilesAtProjectRoot=false -DDetectVMInstallationsJob.disabled=true -Dfile.encoding=utf8 -XX:+UseParallelGC -XX:GCTimeRatio=4 -XX:AdaptiveSizePolicyWeight=90 -Dsun.zip.disableMemoryMapping=true -Xmx1G -Xms100m -Xlog:disable -javaagent:c:\Users\Liaaan\.vscode\extensions\redhat.java-1.42.0-win32-x64\lombok\lombok-1.18.36.jar -XX:+HeapDumpOnOutOfMemoryError -XX:HeapDumpPath=c:\Users\Liaaan\AppData\Roaming\Code\User\workspaceStorage\b0d88116b9ff8da6722e643e05ebe559\redhat.java -Daether.dependencyCollector.impl=bf c:\Users\Liaaan\.vscode\extensions\redhat.java-1.42.0-win32-x64\server\plugins\org.eclipse.equinox.launcher_1.7.0.v20250424-1814.jar -configuration c:\Users\Liaaan\AppData\Roaming\Code\User\globalStorage\redhat.java\1.42.0\config_win -data c:\Users\Liaaan\AppData\Roaming\Code\User\workspaceStorage\b0d88116b9ff8da6722e643e05ebe559\redhat.java\jdt_ws --pipe=\\.\pipe\lsp-2c96bdfec5cd588a194da999a23a68d8-sock

Host: 13th Gen Intel(R) Core(TM) i5-13420H, 12 cores, 7G,  Windows 11 , 64 bit Build 26100 (10.0.26100.3912)
Time: Mon May 26 07:27:15 2025 Hora est. Sudamérica Pacífico elapsed time: 98.491270 seconds (0d 0h 1m 38s)

---------------  T H R E A D  ---------------

Current thread (0x0000023a786053f0):  JavaThread "C2 CompilerThread1" daemon [_thread_in_native, id=25616, stack(0x0000006efb200000,0x0000006efb300000) (1024K)]


Current CompileTask:
C2:98491 15269       4       org.eclipse.jdt.internal.compiler.lookup.LookupEnvironment::getAnalysisAnnotationBit (323 bytes)

Stack: [0x0000006efb200000,0x0000006efb300000]
Native frames: (J=compiled Java code, j=interpreted, Vv=VM code, C=native code)
V  [jvm.dll+0x6ce119]
V  [jvm.dll+0x8a84a1]
V  [jvm.dll+0x8aa9ce]
V  [jvm.dll+0x8ab0b3]
V  [jvm.dll+0x27f8a6]
V  [jvm.dll+0xc507d]
V  [jvm.dll+0xc55b3]
V  [jvm.dll+0x3b692c]
V  [jvm.dll+0x382aa5]
V  [jvm.dll+0x381f0a]
V  [jvm.dll+0x247af0]
V  [jvm.dll+0x2470cf]
V  [jvm.dll+0x1c760e]
V  [jvm.dll+0x25695a]
V  [jvm.dll+0x254efa]
V  [jvm.dll+0x3f03f6]
V  [jvm.dll+0x851f6b]
V  [jvm.dll+0x6cc7dd]
C  [ucrtbase.dll+0x37b0]
C  [KERNEL32.DLL+0x2e8d7]
C  [ntdll.dll+0x9c5dc]


---------------  P R O C E S S  ---------------

Threads class SMR info:
_java_thread_list=0x0000023a77cac590, length=76, elements={
0x0000023a1a5cdad0, 0x0000023a1a673340, 0x0000023a2f26dfb0, 0x0000023a1a676d20,
0x0000023a1a677bf0, 0x0000023a1a681ff0, 0x0000023a1a688c90, 0x0000023a1a68df60,
0x0000023a717ac4a0, 0x0000023a1a688600, 0x0000023a1a68a040, 0x0000023a1a689320,
0x0000023a1a6899b0, 0x0000023a1a68a6d0, 0x0000023a1a687250, 0x0000023a1a687f70,
0x0000023a7732eeb0, 0x0000023a7732f540, 0x0000023a7732e820, 0x0000023a7732db00,
0x0000023a7732c750, 0x0000023a7732e190, 0x0000023a7732cde0, 0x0000023a77e4e280,
0x0000023a77e4e910, 0x0000023a77e4bb20, 0x0000023a77e4c1b0, 0x0000023a77e4efa0,
0x0000023a77e4c840, 0x0000023a77e4ced0, 0x0000023a77e4d560, 0x0000023a77e4dbf0,
0x0000023a77ac58c0, 0x0000023a77ac4ba0, 0x0000023a77ac3e80, 0x0000023a77ac65e0,
0x0000023a77ac5f50, 0x0000023a77ac6c70, 0x0000023a77ac7300, 0x0000023a77ac5230,
0x0000023a77ac4510, 0x0000023a77ac8d40, 0x0000023a77acb4a0, 0x0000023a77acae10,
0x0000023a77ac8020, 0x0000023a79448c40, 0x0000023a79447890, 0x0000023a794457c0,
0x0000023a794492d0, 0x0000023a79445e50, 0x0000023a79449960, 0x0000023a79449ff0,
0x0000023a79446b70, 0x0000023a7cef59a0, 0x0000023a7cef5310, 0x0000023a7cef6030,
0x0000023a7cef66c0, 0x0000023a7944ad10, 0x0000023a7944ba30, 0x0000023a77aca0f0,
0x0000023a7898bb00, 0x0000023a7898a0c0, 0x0000023a7898c190, 0x0000023a78989a30,
0x0000023a789893a0, 0x0000023a7898ceb0, 0x0000023a7898d540, 0x0000023a7898e260,
0x0000023a7898ade0, 0x0000023a7898a750, 0x0000023a7898ef80, 0x0000023a7898f610,
0x0000023a7898fca0, 0x0000023a78990330, 0x0000023a786053f0, 0x0000023a79a3bba0
}

Java Threads: ( => current thread )
  0x0000023a1a5cdad0 JavaThread "main"                              [_thread_blocked, id=21476, stack(0x0000006ef7400000,0x0000006ef7500000) (1024K)]
  0x0000023a1a673340 JavaThread "Reference Handler"          daemon [_thread_blocked, id=4752, stack(0x0000006ef7800000,0x0000006ef7900000) (1024K)]
  0x0000023a2f26dfb0 JavaThread "Finalizer"                  daemon [_thread_blocked, id=30100, stack(0x0000006ef7900000,0x0000006ef7a00000) (1024K)]
  0x0000023a1a676d20 JavaThread "Signal Dispatcher"          daemon [_thread_blocked, id=18364, stack(0x0000006ef7a00000,0x0000006ef7b00000) (1024K)]
  0x0000023a1a677bf0 JavaThread "Attach Listener"            daemon [_thread_blocked, id=29772, stack(0x0000006ef7b00000,0x0000006ef7c00000) (1024K)]
  0x0000023a1a681ff0 JavaThread "Service Thread"             daemon [_thread_blocked, id=30708, stack(0x0000006ef7c00000,0x0000006ef7d00000) (1024K)]
  0x0000023a1a688c90 JavaThread "Monitor Deflation Thread"   daemon [_thread_blocked, id=13296, stack(0x0000006ef7d00000,0x0000006ef7e00000) (1024K)]
  0x0000023a1a68df60 JavaThread "C2 CompilerThread0"         daemon [_thread_in_native, id=30368, stack(0x0000006ef7e00000,0x0000006ef7f00000) (1024K)]
  0x0000023a717ac4a0 JavaThread "C1 CompilerThread0"         daemon [_thread_in_native, id=8984, stack(0x0000006ef7f00000,0x0000006ef8000000) (1024K)]
  0x0000023a1a688600 JavaThread "Common-Cleaner"             daemon [_thread_blocked, id=30000, stack(0x0000006ef8000000,0x0000006ef8100000) (1024K)]
  0x0000023a1a68a040 JavaThread "Notification Thread"        daemon [_thread_blocked, id=29872, stack(0x0000006ef8100000,0x0000006ef8200000) (1024K)]
  0x0000023a1a689320 JavaThread "Active Thread: Equinox Container: 854c003e-1357-4913-8ad9-b54c0bb469e7"        [_thread_blocked, id=23444, stack(0x0000006ef8900000,0x0000006ef8a00000) (1024K)]
  0x0000023a1a6899b0 JavaThread "Refresh Thread: Equinox Container: 854c003e-1357-4913-8ad9-b54c0bb469e7" daemon [_thread_blocked, id=11820, stack(0x0000006ef8a00000,0x0000006ef8b00000) (1024K)]
  0x0000023a1a68a6d0 JavaThread "Framework Event Dispatcher: Equinox Container: 854c003e-1357-4913-8ad9-b54c0bb469e7" daemon [_thread_blocked, id=27884, stack(0x0000006ef8c00000,0x0000006ef8d00000) (1024K)]
  0x0000023a1a687250 JavaThread "Start Level: Equinox Container: 854c003e-1357-4913-8ad9-b54c0bb469e7" daemon [_thread_blocked, id=30328, stack(0x0000006ef8d00000,0x0000006ef8e00000) (1024K)]
  0x0000023a1a687f70 JavaThread "Bundle File Closer"         daemon [_thread_blocked, id=29744, stack(0x0000006ef9000000,0x0000006ef9100000) (1024K)]
  0x0000023a7732eeb0 JavaThread "SCR Component Actor"        daemon [_thread_blocked, id=26728, stack(0x0000006ef9100000,0x0000006ef9200000) (1024K)]
  0x0000023a7732f540 JavaThread "Worker-JM"                         [_thread_blocked, id=30520, stack(0x0000006ef9300000,0x0000006ef9400000) (1024K)]
  0x0000023a7732e820 JavaThread "JNA Cleaner"                daemon [_thread_blocked, id=4660, stack(0x0000006ef8200000,0x0000006ef8300000) (1024K)]
  0x0000023a7732db00 JavaThread "Worker-0"                          [_thread_blocked, id=15776, stack(0x0000006ef9400000,0x0000006ef9500000) (1024K)]
  0x0000023a7732c750 JavaThread "Worker-1"                          [_thread_blocked, id=17900, stack(0x0000006ef9500000,0x0000006ef9600000) (1024K)]
  0x0000023a7732e190 JavaThread "Worker-2"                          [_thread_blocked, id=24184, stack(0x0000006ef9700000,0x0000006ef9800000) (1024K)]
  0x0000023a7732cde0 JavaThread "Java indexing"              daemon [_thread_blocked, id=30268, stack(0x0000006ef9900000,0x0000006ef9a00000) (1024K)]
  0x0000023a77e4e280 JavaThread "Worker-3"                          [_thread_blocked, id=2660, stack(0x0000006ef9c00000,0x0000006ef9d00000) (1024K)]
  0x0000023a77e4e910 JavaThread "Worker-4"                          [_thread_blocked, id=26064, stack(0x0000006ef9d00000,0x0000006ef9e00000) (1024K)]
  0x0000023a77e4bb20 JavaThread "Worker-5"                          [_thread_blocked, id=21360, stack(0x0000006ef9e00000,0x0000006ef9f00000) (1024K)]
  0x0000023a77e4c1b0 JavaThread "Thread-2"                   daemon [_thread_in_native, id=29212, stack(0x0000006ef9f00000,0x0000006efa000000) (1024K)]
  0x0000023a77e4efa0 JavaThread "Thread-3"                   daemon [_thread_in_native, id=20716, stack(0x0000006efa000000,0x0000006efa100000) (1024K)]
  0x0000023a77e4c840 JavaThread "Thread-4"                   daemon [_thread_in_native, id=27128, stack(0x0000006efa100000,0x0000006efa200000) (1024K)]
  0x0000023a77e4ced0 JavaThread "Thread-5"                   daemon [_thread_in_native, id=29832, stack(0x0000006efa200000,0x0000006efa300000) (1024K)]
  0x0000023a77e4d560 JavaThread "Thread-6"                   daemon [_thread_in_native, id=29824, stack(0x0000006efa300000,0x0000006efa400000) (1024K)]
  0x0000023a77e4dbf0 JavaThread "Thread-7"                   daemon [_thread_in_native, id=7520, stack(0x0000006efa400000,0x0000006efa500000) (1024K)]
  0x0000023a77ac58c0 JavaThread "Thread-8"                   daemon [_thread_in_native, id=21852, stack(0x0000006efa500000,0x0000006efa600000) (1024K)]
  0x0000023a77ac4ba0 JavaThread "Thread-9"                   daemon [_thread_in_native, id=11908, stack(0x0000006efa600000,0x0000006efa700000) (1024K)]
  0x0000023a77ac3e80 JavaThread "Thread-10"                  daemon [_thread_in_native, id=29104, stack(0x0000006efa700000,0x0000006efa800000) (1024K)]
  0x0000023a77ac65e0 JavaThread "Thread-11"                  daemon [_thread_in_native, id=25140, stack(0x0000006efa800000,0x0000006efa900000) (1024K)]
  0x0000023a77ac5f50 JavaThread "Thread-12"                  daemon [_thread_in_native, id=12580, stack(0x0000006efa900000,0x0000006efaa00000) (1024K)]
  0x0000023a77ac6c70 JavaThread "Thread-13"                  daemon [_thread_in_native, id=30564, stack(0x0000006efaa00000,0x0000006efab00000) (1024K)]
  0x0000023a77ac7300 JavaThread "Thread-14"                  daemon [_thread_in_native, id=24244, stack(0x0000006efab00000,0x0000006efac00000) (1024K)]
  0x0000023a77ac5230 JavaThread "Worker-6"                          [_thread_blocked, id=29932, stack(0x0000006efac00000,0x0000006efad00000) (1024K)]
  0x0000023a77ac4510 JavaThread "pool-2-thread-1"                   [_thread_blocked, id=28900, stack(0x0000006efad00000,0x0000006efae00000) (1024K)]
  0x0000023a77ac8d40 JavaThread "Worker-7"                          [_thread_blocked, id=26028, stack(0x0000006efae00000,0x0000006efaf00000) (1024K)]
  0x0000023a77acb4a0 JavaThread "Worker-8"                          [_thread_blocked, id=15084, stack(0x0000006efaf00000,0x0000006efb000000) (1024K)]
  0x0000023a77acae10 JavaThread "WorkspaceEventsHandler"            [_thread_blocked, id=30548, stack(0x0000006efb000000,0x0000006efb100000) (1024K)]
  0x0000023a77ac8020 JavaThread "pool-1-thread-1"                   [_thread_blocked, id=10388, stack(0x0000006efb100000,0x0000006efb200000) (1024K)]
  0x0000023a79448c40 JavaThread "LocalFile Deleter"          daemon [_thread_blocked, id=26452, stack(0x0000006efb300000,0x0000006efb400000) (1024K)]
  0x0000023a79447890 JavaThread "LocalFile Deleter"          daemon [_thread_blocked, id=25048, stack(0x0000006efb400000,0x0000006efb500000) (1024K)]
  0x0000023a794457c0 JavaThread "LocalFile Deleter"          daemon [_thread_blocked, id=22544, stack(0x0000006efb500000,0x0000006efb600000) (1024K)]
  0x0000023a794492d0 JavaThread "Compiler Source File Reader" daemon [_thread_blocked, id=22496, stack(0x0000006efb600000,0x0000006efb700000) (1024K)]
  0x0000023a79445e50 JavaThread "Compiler Processing Task"   daemon [_thread_blocked, id=29700, stack(0x0000006efb700000,0x0000006efb800000) (1024K)]
  0x0000023a79449960 JavaThread "Compiler Class File Writer" daemon [_thread_blocked, id=24356, stack(0x0000006efb800000,0x0000006efb900000) (1024K)]
  0x0000023a79449ff0 JavaThread "Compiler Source File Reader" daemon [_thread_blocked, id=11308, stack(0x0000006efb900000,0x0000006efba00000) (1024K)]
  0x0000023a79446b70 JavaThread "Compiler Class File Writer" daemon [_thread_blocked, id=29740, stack(0x0000006efba00000,0x0000006efbb00000) (1024K)]
  0x0000023a7cef59a0 JavaThread "ForkJoinPool.commonPool-worker-1" daemon [_thread_blocked, id=24936, stack(0x0000006ef9800000,0x0000006ef9900000) (1024K)]
  0x0000023a7cef5310 JavaThread "ForkJoinPool.commonPool-worker-2" daemon [_thread_blocked, id=23440, stack(0x0000006efbb00000,0x0000006efbc00000) (1024K)]
  0x0000023a7cef6030 JavaThread "ForkJoinPool.commonPool-worker-3" daemon [_thread_blocked, id=22512, stack(0x0000006efbc00000,0x0000006efbd00000) (1024K)]
  0x0000023a7cef66c0 JavaThread "ForkJoinPool.commonPool-worker-4" daemon [_thread_blocked, id=29652, stack(0x0000006efbd00000,0x0000006efbe00000) (1024K)]
  0x0000023a7944ad10 JavaThread "ForkJoinPool.commonPool-worker-5" daemon [_thread_blocked, id=8456, stack(0x0000006efbe00000,0x0000006efbf00000) (1024K)]
  0x0000023a7944ba30 JavaThread "ForkJoinPool.commonPool-worker-6" daemon [_thread_blocked, id=12576, stack(0x0000006efbf00000,0x0000006efc000000) (1024K)]
  0x0000023a77aca0f0 JavaThread "ForkJoinPool.commonPool-worker-7" daemon [_thread_blocked, id=29204, stack(0x0000006efc000000,0x0000006efc100000) (1024K)]
  0x0000023a7898bb00 JavaThread "ForkJoinPool.commonPool-worker-8" daemon [_thread_in_Java, id=29412, stack(0x0000006efc100000,0x0000006efc200000) (1024K)]
  0x0000023a7898a0c0 JavaThread "ForkJoinPool.commonPool-worker-9" daemon [_thread_blocked, id=28596, stack(0x0000006efc200000,0x0000006efc300000) (1024K)]
  0x0000023a7898c190 JavaThread "ForkJoinPool.commonPool-worker-11" daemon [_thread_blocked, id=7252, stack(0x0000006efc300000,0x0000006efc400000) (1024K)]
  0x0000023a78989a30 JavaThread "ForkJoinPool.commonPool-worker-10" daemon [_thread_blocked, id=7688, stack(0x0000006efc400000,0x0000006efc500000) (1024K)]
  0x0000023a789893a0 JavaThread "Compiler Source File Reader" daemon [_thread_blocked, id=30388, stack(0x0000006efc600000,0x0000006efc700000) (1024K)]
  0x0000023a7898ceb0 JavaThread "Compiler Class File Writer" daemon [_thread_blocked, id=30344, stack(0x0000006efc700000,0x0000006efc800000) (1024K)]
  0x0000023a7898d540 JavaThread "Compiler Source File Reader" daemon [_thread_blocked, id=28860, stack(0x0000006efc800000,0x0000006efc900000) (1024K)]
  0x0000023a7898e260 JavaThread "Compiler Class File Writer" daemon [_thread_blocked, id=29160, stack(0x0000006efc900000,0x0000006efca00000) (1024K)]
  0x0000023a7898ade0 JavaThread "Compiler Source File Reader" daemon [_thread_blocked, id=30556, stack(0x0000006efca00000,0x0000006efcb00000) (1024K)]
  0x0000023a7898a750 JavaThread "Compiler Source File Reader" daemon [_thread_blocked, id=20868, stack(0x0000006ef9200000,0x0000006ef9300000) (1024K)]
  0x0000023a7898ef80 JavaThread "Compiler Source File Reader" daemon [_thread_blocked, id=15784, stack(0x0000006ef7200000,0x0000006ef7300000) (1024K)]
  0x0000023a7898f610 JavaThread "Worker-9"                          [_thread_blocked, id=29032, stack(0x0000006ef7300000,0x0000006ef7400000) (1024K)]
  0x0000023a7898fca0 JavaThread "Cleaner-0"                  daemon [_thread_blocked, id=7892, stack(0x0000006ef9600000,0x0000006ef9700000) (1024K)]
  0x0000023a78990330 JavaThread "Compiler Source File Reader" daemon [_thread_blocked, id=11448, stack(0x0000006ef7100000,0x0000006ef7200000) (1024K)]
=>0x0000023a786053f0 JavaThread "C2 CompilerThread1"         daemon [_thread_in_native, id=25616, stack(0x0000006efb200000,0x0000006efb300000) (1024K)]
  0x0000023a79a3bba0 JavaThread "C2 CompilerThread2"         daemon [_thread_in_native, id=1696, stack(0x0000006efc500000,0x0000006efc600000) (1024K)]
Total: 76

Other Threads:
  0x0000023a1a66e860 VMThread "VM Thread"                           [id=30420, stack(0x0000006ef7700000,0x0000006ef7800000) (1024K)]
  0x0000023a2f14ca00 WatcherThread "VM Periodic Task Thread"        [id=20052, stack(0x0000006ef7600000,0x0000006ef7700000) (1024K)]
  0x0000023a1a5ed440 WorkerThread "GC Thread#0"                     [id=29748, stack(0x0000006ef7500000,0x0000006ef7600000) (1024K)]
  0x0000023a72a85400 WorkerThread "GC Thread#1"                     [id=29976, stack(0x0000006ef8300000,0x0000006ef8400000) (1024K)]
  0x0000023a72c4cb50 WorkerThread "GC Thread#2"                     [id=29968, stack(0x0000006ef8400000,0x0000006ef8500000) (1024K)]
  0x0000023a72c4cef0 WorkerThread "GC Thread#3"                     [id=4860, stack(0x0000006ef8500000,0x0000006ef8600000) (1024K)]
  0x0000023a72c4d290 WorkerThread "GC Thread#4"                     [id=12620, stack(0x0000006ef8600000,0x0000006ef8700000) (1024K)]
  0x0000023a72a83e00 WorkerThread "GC Thread#5"                     [id=25336, stack(0x0000006ef8700000,0x0000006ef8800000) (1024K)]
  0x0000023a729ac570 WorkerThread "GC Thread#6"                     [id=29736, stack(0x0000006ef8800000,0x0000006ef8900000) (1024K)]
  0x0000023a77337e60 WorkerThread "GC Thread#7"                     [id=23500, stack(0x0000006ef8b00000,0x0000006ef8c00000) (1024K)]
  0x0000023a771c2430 WorkerThread "GC Thread#8"                     [id=29332, stack(0x0000006ef8e00000,0x0000006ef8f00000) (1024K)]
  0x0000023a771c27d0 WorkerThread "GC Thread#9"                     [id=29776, stack(0x0000006ef8f00000,0x0000006ef9000000) (1024K)]
Total: 12

Threads with active compile tasks:
C2 CompilerThread0  99526 15286   !   4       com.google.gson.internal.bind.ReflectiveTypeAdapterFactory$2::write (140 bytes)
C1 CompilerThread0  99527 15356       1       org.eclipse.jface.text.templates.Template::isAutoInsertable (5 bytes)
C2 CompilerThread1  99527 15269       4       org.eclipse.jdt.internal.compiler.lookup.LookupEnvironment::getAnalysisAnnotationBit (323 bytes)
C2 CompilerThread2  99527 15310 %     4       org.eclipse.jdt.internal.compiler.parser.Scanner::checkTaskTag @ 127 (937 bytes)
Total: 4

VM state: not at safepoint (normal execution)

VM Mutex/Monitor currently owned by a thread:  ([mutex/lock_event])
[0x00007ffc75c9e988] SystemDictionary_lock - owner thread: 0x0000000000000000

Heap address: 0x00000000c0000000, size: 1024 MB, Compressed Oops mode: 32-bit

CDS archive(s) mapped at: [0x0000023a30000000-0x0000023a30ba0000-0x0000023a30ba0000), size 12189696, SharedBaseAddress: 0x0000023a30000000, ArchiveRelocationMode: 1.
Compressed class space mapped at: 0x0000023a31000000-0x0000023a71000000, reserved size: 1073741824
Narrow klass base: 0x0000023a30000000, Narrow klass shift: 0, Narrow klass range: 0x100000000

GC Precious Log:
 CardTable entry size: 512
 CPUs: 12 total, 12 available
 Memory: 7984M
 Large Page Support: Disabled
 NUMA Support: Disabled
 Compressed Oops: Enabled (32-bit)
 Alignments: Space 512K, Generation 512K, Heap 2M
 Heap Min Capacity: 100M
 Heap Initial Capacity: 100M
 Heap Max Capacity: 1G
 Pre-touch: Disabled
 Parallel Workers: 10

Heap:
 PSYoungGen      total 6656K, used 4694K [0x00000000eab00000, 0x00000000eb580000, 0x0000000100000000)
  eden space 5120K, 77% used [0x00000000eab00000,0x00000000eaee2078,0x00000000eb000000)
  from space 1536K, 49% used [0x00000000eb280000,0x00000000eb33e920,0x00000000eb400000)
  to   space 1024K, 0% used [0x00000000eb480000,0x00000000eb480000,0x00000000eb580000)
 ParOldGen       total 509440K, used 509054K [0x00000000c0000000, 0x00000000df180000, 0x00000000eab00000)
  object space 509440K, 99% used [0x00000000c0000000,0x00000000df11fb00,0x00000000df180000)
 Metaspace       used 75227K, committed 76928K, reserved 1179648K
  class space    used 7675K, committed 8448K, reserved 1048576K

Card table byte_map: [0x0000023a2cae0000,0x0000023a2ccf0000] _byte_map_base: 0x0000023a2c4e0000

Marking Bits: (ParMarkBitMap*) 0x00007ffc75ca31f0
 Begin Bits: [0x0000023a2ce50000, 0x0000023a2de50000)
 End Bits:   [0x0000023a2de50000, 0x0000023a2ee50000)

Polling page: 0x0000023a18b60000

Metaspace:

Usage:
  Non-class:     65.97 MB used.
      Class:      7.50 MB used.
       Both:     73.46 MB used.

Virtual space:
  Non-class space:      128.00 MB reserved,      66.88 MB ( 52%) committed,  2 nodes.
      Class space:        1.00 GB reserved,       8.25 MB ( <1%) committed,  1 nodes.
             Both:        1.12 GB reserved,      75.12 MB (  7%) committed. 

Chunk freelists:
   Non-Class:  13.11 MB
       Class:  7.57 MB
        Both:  20.68 MB

MaxMetaspaceSize: unlimited
CompressedClassSpaceSize: 1.00 GB
Initial GC threshold: 21.00 MB
Current GC threshold: 103.88 MB
CDS: on
 - commit_granule_bytes: 65536.
 - commit_granule_words: 8192.
 - virtual_space_node_default_size: 8388608.
 - enlarge_chunks_in_place: 1.
 - use_allocation_guard: 0.


Internal statistics:

num_allocs_failed_limit: 9.
num_arena_births: 1554.
num_arena_deaths: 60.
num_vsnodes_births: 3.
num_vsnodes_deaths: 0.
num_space_committed: 1202.
num_space_uncommitted: 0.
num_chunks_returned_to_freelist: 87.
num_chunks_taken_from_freelist: 5287.
num_chunk_merges: 19.
num_chunk_splits: 3172.
num_chunks_enlarged: 1711.
num_inconsistent_stats: 0.

CodeHeap 'non-profiled nmethods': size=120000Kb used=13182Kb max_used=13182Kb free=106817Kb
 bounds [0x0000023a253d0000, 0x0000023a260b0000, 0x0000023a2c900000]
CodeHeap 'profiled nmethods': size=120000Kb used=31443Kb max_used=31443Kb free=88556Kb
 bounds [0x0000023a1d900000, 0x0000023a1f7c0000, 0x0000023a24e30000]
CodeHeap 'non-nmethods': size=5760Kb used=1484Kb max_used=1553Kb free=4275Kb
 bounds [0x0000023a24e30000, 0x0000023a250a0000, 0x0000023a253d0000]
 total_blobs=14057 nmethods=13247 adapters=713
 compilation: enabled
              stopped_count=0, restarted_count=0
 full_count=0

Compilation events (20 events):
Event: 97.412 Thread 0x0000023a717ac4a0 nmethod 15276 0x0000023a1f77e090 code [0x0000023a1f77e2e0, 0x0000023a1f77eb88]
Event: 97.412 Thread 0x0000023a717ac4a0 15261       3       org.eclipse.jdt.internal.compiler.lookup.SourceTypeBinding::hasNonNullDefaultForType (92 bytes)
Event: 97.412 Thread 0x0000023a717ac4a0 nmethod 15261 0x0000023a1f77ef10 code [0x0000023a1f77f140, 0x0000023a1f77f8a8]
Event: 97.412 Thread 0x0000023a717ac4a0 15263       3       org.eclipse.jdt.internal.compiler.lookup.ClassScope::hasDefaultNullnessFor (67 bytes)
Event: 97.413 Thread 0x0000023a717ac4a0 nmethod 15263 0x0000023a1f77fb10 code [0x0000023a1f77fd20, 0x0000023a1f7802c0]
Event: 97.413 Thread 0x0000023a717ac4a0 15264       3       org.eclipse.jdt.internal.compiler.lookup.CompilationUnitScope::hasDefaultNullnessFor (45 bytes)
Event: 97.413 Thread 0x0000023a717ac4a0 nmethod 15264 0x0000023a1f780510 code [0x0000023a1f780720, 0x0000023a1f780e10]
Event: 97.413 Thread 0x0000023a717ac4a0 15283       1       org.eclipse.jdt.internal.compiler.ast.LocalDeclaration::getBinding (5 bytes)
Event: 97.413 Thread 0x0000023a717ac4a0 nmethod 15283 0x0000023a260a6690 code [0x0000023a260a6820, 0x0000023a260a68e8]
Event: 97.413 Thread 0x0000023a717ac4a0 15270       1       org.eclipse.jdt.internal.compiler.ast.QualifiedNameReference::setFieldIndex (6 bytes)
Event: 97.413 Thread 0x0000023a717ac4a0 nmethod 15270 0x0000023a260a6990 code [0x0000023a260a6b20, 0x0000023a260a6be8]
Event: 97.413 Thread 0x0000023a717ac4a0 15284       1       java.util.Calendar::setLenient (6 bytes)
Event: 97.413 Thread 0x0000023a717ac4a0 nmethod 15284 0x0000023a260a6c90 code [0x0000023a260a6e20, 0x0000023a260a6ef0]
Event: 97.440 Thread 0x0000023a7a2c9c20 nmethod 15267 0x0000023a260a6f90 code [0x0000023a260a7340, 0x0000023a260a8e20]
Event: 97.441 Thread 0x0000023a7a2c9c20 15285       4       com.google.gson.stream.JsonWriter::beforeName (49 bytes)
Event: 97.449 Thread 0x0000023a7a2c9c20 nmethod 15285 0x0000023a260aa510 code [0x0000023a260aa720, 0x0000023a260ab1f0]
Event: 97.449 Thread 0x0000023a7a2c9c20 15273       4       org.eclipse.jdt.internal.core.JavaElementRequestor::<init> (45 bytes)
Event: 97.450 Thread 0x0000023a7a2c9c20 nmethod 15273 0x0000023a260ab890 code [0x0000023a260aba20, 0x0000023a260abac8]
Event: 97.450 Thread 0x0000023a7a2c9c20 15287       4       java.util.concurrent.locks.AbstractQueuedSynchronizer$Node::setPrevRelaxed (12 bytes)
Event: 97.450 Thread 0x0000023a7a2c9c20 nmethod 15287 0x0000023a260abb90 code [0x0000023a260abd20, 0x0000023a260abdc8]

GC Heap History (20 events):
Event: 93.548 GC heap before
{Heap before GC invocations=1495 (full 4):
 PSYoungGen      total 7680K, used 5786K [0x00000000eab00000, 0x00000000eb680000, 0x0000000100000000)
  eden space 5120K, 100% used [0x00000000eab00000,0x00000000eb000000,0x00000000eb000000)
  from space 2560K, 26% used [0x00000000eb200000,0x00000000eb2a6920,0x00000000eb480000)
  to   space 1024K, 0% used [0x00000000eb580000,0x00000000eb580000,0x00000000eb680000)
 ParOldGen       total 504832K, used 504737K [0x00000000c0000000, 0x00000000ded00000, 0x00000000eab00000)
  object space 504832K, 99% used [0x00000000c0000000,0x00000000dece87d0,0x00000000ded00000)
 Metaspace       used 74562K, committed 76288K, reserved 1179648K
  class space    used 7659K, committed 8448K, reserved 1048576K
}
Event: 93.549 GC heap after
{Heap after GC invocations=1495 (full 4):
 PSYoungGen      total 5632K, used 288K [0x00000000eab00000, 0x00000000eb600000, 0x0000000100000000)
  eden space 5120K, 0% used [0x00000000eab00000,0x00000000eab00000,0x00000000eb000000)
  from space 512K, 56% used [0x00000000eb580000,0x00000000eb5c8000,0x00000000eb600000)
  to   space 512K, 0% used [0x00000000eb500000,0x00000000eb500000,0x00000000eb580000)
 ParOldGen       total 505344K, used 505137K [0x00000000c0000000, 0x00000000ded80000, 0x00000000eab00000)
  object space 505344K, 99% used [0x00000000c0000000,0x00000000ded4c7f0,0x00000000ded80000)
 Metaspace       used 74562K, committed 76288K, reserved 1179648K
  class space    used 7659K, committed 8448K, reserved 1048576K
}
Event: 94.637 GC heap before
{Heap before GC invocations=1496 (full 4):
 PSYoungGen      total 5632K, used 5408K [0x00000000eab00000, 0x00000000eb600000, 0x0000000100000000)
  eden space 5120K, 100% used [0x00000000eab00000,0x00000000eb000000,0x00000000eb000000)
  from space 512K, 56% used [0x00000000eb580000,0x00000000eb5c8000,0x00000000eb600000)
  to   space 512K, 0% used [0x00000000eb500000,0x00000000eb500000,0x00000000eb580000)
 ParOldGen       total 505344K, used 505137K [0x00000000c0000000, 0x00000000ded80000, 0x00000000eab00000)
  object space 505344K, 99% used [0x00000000c0000000,0x00000000ded4c7f0,0x00000000ded80000)
 Metaspace       used 74573K, committed 76288K, reserved 1179648K
  class space    used 7659K, committed 8448K, reserved 1048576K
}
Event: 94.638 GC heap after
{Heap after GC invocations=1496 (full 4):
 PSYoungGen      total 5632K, used 314K [0x00000000eab00000, 0x00000000eb600000, 0x0000000100000000)
  eden space 5120K, 0% used [0x00000000eab00000,0x00000000eab00000,0x00000000eb000000)
  from space 512K, 61% used [0x00000000eb500000,0x00000000eb54e900,0x00000000eb580000)
  to   space 512K, 0% used [0x00000000eb580000,0x00000000eb580000,0x00000000eb600000)
 ParOldGen       total 505344K, used 505161K [0x00000000c0000000, 0x00000000ded80000, 0x00000000eab00000)
  object space 505344K, 99% used [0x00000000c0000000,0x00000000ded527f0,0x00000000ded80000)
 Metaspace       used 74573K, committed 76288K, reserved 1179648K
  class space    used 7659K, committed 8448K, reserved 1048576K
}
Event: 95.938 GC heap before
{Heap before GC invocations=1497 (full 4):
 PSYoungGen      total 5632K, used 5410K [0x00000000eab00000, 0x00000000eb600000, 0x0000000100000000)
  eden space 5120K, 99% used [0x00000000eab00000,0x00000000eaffa258,0x00000000eb000000)
  from space 512K, 61% used [0x00000000eb500000,0x00000000eb54e900,0x00000000eb580000)
  to   space 512K, 0% used [0x00000000eb580000,0x00000000eb580000,0x00000000eb600000)
 ParOldGen       total 505344K, used 505161K [0x00000000c0000000, 0x00000000ded80000, 0x00000000eab00000)
  object space 505344K, 99% used [0x00000000c0000000,0x00000000ded527f0,0x00000000ded80000)
 Metaspace       used 74584K, committed 76288K, reserved 1179648K
  class space    used 7659K, committed 8448K, reserved 1048576K
}
Event: 95.939 GC heap after
{Heap after GC invocations=1497 (full 4):
 PSYoungGen      total 5632K, used 500K [0x00000000eab00000, 0x00000000eb600000, 0x0000000100000000)
  eden space 5120K, 0% used [0x00000000eab00000,0x00000000eab00000,0x00000000eb000000)
  from space 512K, 97% used [0x00000000eb580000,0x00000000eb5fd200,0x00000000eb600000)
  to   space 1024K, 0% used [0x00000000eb400000,0x00000000eb400000,0x00000000eb500000)
 ParOldGen       total 505344K, used 505236K [0x00000000c0000000, 0x00000000ded80000, 0x00000000eab00000)
  object space 505344K, 99% used [0x00000000c0000000,0x00000000ded650f0,0x00000000ded80000)
 Metaspace       used 74584K, committed 76288K, reserved 1179648K
  class space    used 7659K, committed 8448K, reserved 1048576K
}
Event: 96.885 GC heap before
{Heap before GC invocations=1498 (full 4):
 PSYoungGen      total 5632K, used 5598K [0x00000000eab00000, 0x00000000eb600000, 0x0000000100000000)
  eden space 5120K, 99% used [0x00000000eab00000,0x00000000eaffa908,0x00000000eb000000)
  from space 512K, 97% used [0x00000000eb580000,0x00000000eb5fd200,0x00000000eb600000)
  to   space 1024K, 0% used [0x00000000eb400000,0x00000000eb400000,0x00000000eb500000)
 ParOldGen       total 505344K, used 505236K [0x00000000c0000000, 0x00000000ded80000, 0x00000000eab00000)
  object space 505344K, 99% used [0x00000000c0000000,0x00000000ded650f0,0x00000000ded80000)
 Metaspace       used 74608K, committed 76352K, reserved 1179648K
  class space    used 7661K, committed 8448K, reserved 1048576K
}
Event: 96.886 GC heap after
{Heap after GC invocations=1498 (full 4):
 PSYoungGen      total 6144K, used 416K [0x00000000eab00000, 0x00000000eb600000, 0x0000000100000000)
  eden space 5120K, 0% used [0x00000000eab00000,0x00000000eab00000,0x00000000eb000000)
  from space 1024K, 40% used [0x00000000eb400000,0x00000000eb468020,0x00000000eb500000)
  to   space 512K, 0% used [0x00000000eb580000,0x00000000eb580000,0x00000000eb600000)
 ParOldGen       total 505344K, used 505300K [0x00000000c0000000, 0x00000000ded80000, 0x00000000eab00000)
  object space 505344K, 99% used [0x00000000c0000000,0x00000000ded750f0,0x00000000ded80000)
 Metaspace       used 74608K, committed 76352K, reserved 1179648K
  class space    used 7661K, committed 8448K, reserved 1048576K
}
Event: 96.935 GC heap before
{Heap before GC invocations=1499 (full 4):
 PSYoungGen      total 6144K, used 5536K [0x00000000eab00000, 0x00000000eb600000, 0x0000000100000000)
  eden space 5120K, 100% used [0x00000000eab00000,0x00000000eb000000,0x00000000eb000000)
  from space 1024K, 40% used [0x00000000eb400000,0x00000000eb468020,0x00000000eb500000)
  to   space 512K, 0% used [0x00000000eb580000,0x00000000eb580000,0x00000000eb600000)
 ParOldGen       total 505344K, used 505300K [0x00000000c0000000, 0x00000000ded80000, 0x00000000eab00000)
  object space 505344K, 99% used [0x00000000c0000000,0x00000000ded750f0,0x00000000ded80000)
 Metaspace       used 74783K, committed 76480K, reserved 1179648K
  class space    used 7673K, committed 8448K, reserved 1048576K
}
Event: 96.936 GC heap after
{Heap after GC invocations=1499 (full 4):
 PSYoungGen      total 5632K, used 378K [0x00000000eab00000, 0x00000000eb600000, 0x0000000100000000)
  eden space 5120K, 0% used [0x00000000eab00000,0x00000000eab00000,0x00000000eb000000)
  from space 512K, 73% used [0x00000000eb580000,0x00000000eb5de900,0x00000000eb600000)
  to   space 512K, 0% used [0x00000000eb500000,0x00000000eb500000,0x00000000eb580000)
 ParOldGen       total 505856K, used 505428K [0x00000000c0000000, 0x00000000dee00000, 0x00000000eab00000)
  object space 505856K, 99% used [0x00000000c0000000,0x00000000ded95110,0x00000000dee00000)
 Metaspace       used 74783K, committed 76480K, reserved 1179648K
  class space    used 7673K, committed 8448K, reserved 1048576K
}
Event: 96.991 GC heap before
{Heap before GC invocations=1500 (full 4):
 PSYoungGen      total 5632K, used 5498K [0x00000000eab00000, 0x00000000eb600000, 0x0000000100000000)
  eden space 5120K, 100% used [0x00000000eab00000,0x00000000eb000000,0x00000000eb000000)
  from space 512K, 73% used [0x00000000eb580000,0x00000000eb5de900,0x00000000eb600000)
  to   space 512K, 0% used [0x00000000eb500000,0x00000000eb500000,0x00000000eb580000)
 ParOldGen       total 505856K, used 505428K [0x00000000c0000000, 0x00000000dee00000, 0x00000000eab00000)
  object space 505856K, 99% used [0x00000000c0000000,0x00000000ded95110,0x00000000dee00000)
 Metaspace       used 74858K, committed 76544K, reserved 1179648K
  class space    used 7675K, committed 8448K, reserved 1048576K
}
Event: 96.992 GC heap after
{Heap after GC invocations=1500 (full 4):
 PSYoungGen      total 5632K, used 512K [0x00000000eab00000, 0x00000000eb600000, 0x0000000100000000)
  eden space 5120K, 0% used [0x00000000eab00000,0x00000000eab00000,0x00000000eb000000)
  from space 512K, 100% used [0x00000000eb500000,0x00000000eb580000,0x00000000eb580000)
  to   space 512K, 0% used [0x00000000eb580000,0x00000000eb580000,0x00000000eb600000)
 ParOldGen       total 506368K, used 505920K [0x00000000c0000000, 0x00000000dee80000, 0x00000000eab00000)
  object space 506368K, 99% used [0x00000000c0000000,0x00000000dee10350,0x00000000dee80000)
 Metaspace       used 74858K, committed 76544K, reserved 1179648K
  class space    used 7675K, committed 8448K, reserved 1048576K
}
Event: 97.117 GC heap before
{Heap before GC invocations=1501 (full 4):
 PSYoungGen      total 5632K, used 5632K [0x00000000eab00000, 0x00000000eb600000, 0x0000000100000000)
  eden space 5120K, 100% used [0x00000000eab00000,0x00000000eb000000,0x00000000eb000000)
  from space 512K, 100% used [0x00000000eb500000,0x00000000eb580000,0x00000000eb580000)
  to   space 512K, 0% used [0x00000000eb580000,0x00000000eb580000,0x00000000eb600000)
 ParOldGen       total 506368K, used 505920K [0x00000000c0000000, 0x00000000dee80000, 0x00000000eab00000)
  object space 506368K, 99% used [0x00000000c0000000,0x00000000dee10350,0x00000000dee80000)
 Metaspace       used 74893K, committed 76608K, reserved 1179648K
  class space    used 7675K, committed 8448K, reserved 1048576K
}
Event: 97.119 GC heap after
{Heap after GC invocations=1501 (full 4):
 PSYoungGen      total 5632K, used 490K [0x00000000eab00000, 0x00000000eb600000, 0x0000000100000000)
  eden space 5120K, 0% used [0x00000000eab00000,0x00000000eab00000,0x00000000eb000000)
  from space 512K, 95% used [0x00000000eb580000,0x00000000eb5fa910,0x00000000eb600000)
  to   space 1536K, 0% used [0x00000000eb300000,0x00000000eb300000,0x00000000eb480000)
 ParOldGen       total 506880K, used 506492K [0x00000000c0000000, 0x00000000def00000, 0x00000000eab00000)
  object space 506880K, 99% used [0x00000000c0000000,0x00000000dee9f358,0x00000000def00000)
 Metaspace       used 74893K, committed 76608K, reserved 1179648K
  class space    used 7675K, committed 8448K, reserved 1048576K
}
Event: 97.313 GC heap before
{Heap before GC invocations=1502 (full 4):
 PSYoungGen      total 5632K, used 5610K [0x00000000eab00000, 0x00000000eb600000, 0x0000000100000000)
  eden space 5120K, 100% used [0x00000000eab00000,0x00000000eb000000,0x00000000eb000000)
  from space 512K, 95% used [0x00000000eb580000,0x00000000eb5fa910,0x00000000eb600000)
  to   space 1536K, 0% used [0x00000000eb300000,0x00000000eb300000,0x00000000eb480000)
 ParOldGen       total 506880K, used 506492K [0x00000000c0000000, 0x00000000def00000, 0x00000000eab00000)
  object space 506880K, 99% used [0x00000000c0000000,0x00000000dee9f358,0x00000000def00000)
 Metaspace       used 74978K, committed 76672K, reserved 1179648K
  class space    used 7675K, committed 8448K, reserved 1048576K
}
Event: 97.315 GC heap after
{Heap after GC invocations=1502 (full 4):
 PSYoungGen      total 6656K, used 544K [0x00000000eab00000, 0x00000000eb600000, 0x0000000100000000)
  eden space 5120K, 0% used [0x00000000eab00000,0x00000000eab00000,0x00000000eb000000)
  from space 1536K, 35% used [0x00000000eb300000,0x00000000eb388000,0x00000000eb480000)
  to   space 1024K, 0% used [0x00000000eb500000,0x00000000eb500000,0x00000000eb600000)
 ParOldGen       total 507392K, used 506937K [0x00000000c0000000, 0x00000000def80000, 0x00000000eab00000)
  object space 507392K, 99% used [0x00000000c0000000,0x00000000def0e578,0x00000000def80000)
 Metaspace       used 74978K, committed 76672K, reserved 1179648K
  class space    used 7675K, committed 8448K, reserved 1048576K
}
Event: 97.357 GC heap before
{Heap before GC invocations=1503 (full 4):
 PSYoungGen      total 6656K, used 5664K [0x00000000eab00000, 0x00000000eb600000, 0x0000000100000000)
  eden space 5120K, 100% used [0x00000000eab00000,0x00000000eb000000,0x00000000eb000000)
  from space 1536K, 35% used [0x00000000eb300000,0x00000000eb388000,0x00000000eb480000)
  to   space 1024K, 0% used [0x00000000eb500000,0x00000000eb500000,0x00000000eb600000)
 ParOldGen       total 507392K, used 506937K [0x00000000c0000000, 0x00000000def80000, 0x00000000eab00000)
  object space 507392K, 99% used [0x00000000c0000000,0x00000000def0e578,0x00000000def80000)
 Metaspace       used 75023K, committed 76736K, reserved 1179648K
  class space    used 7675K, committed 8448K, reserved 1048576K
}
Event: 97.358 GC heap after
{Heap after GC invocations=1503 (full 4):
 PSYoungGen      total 6144K, used 698K [0x00000000eab00000, 0x00000000eb600000, 0x0000000100000000)
  eden space 5120K, 0% used [0x00000000eab00000,0x00000000eab00000,0x00000000eb000000)
  from space 1024K, 68% used [0x00000000eb500000,0x00000000eb5ae920,0x00000000eb600000)
  to   space 1024K, 0% used [0x00000000eb400000,0x00000000eb400000,0x00000000eb500000)
 ParOldGen       total 507392K, used 507327K [0x00000000c0000000, 0x00000000def80000, 0x00000000eab00000)
  object space 507392K, 99% used [0x00000000c0000000,0x00000000def6fcf8,0x00000000def80000)
 Metaspace       used 75023K, committed 76736K, reserved 1179648K
  class space    used 7675K, committed 8448K, reserved 1048576K
}
Event: 97.386 GC heap before
{Heap before GC invocations=1504 (full 4):
 PSYoungGen      total 6144K, used 5818K [0x00000000eab00000, 0x00000000eb600000, 0x0000000100000000)
  eden space 5120K, 100% used [0x00000000eab00000,0x00000000eb000000,0x00000000eb000000)
  from space 1024K, 68% used [0x00000000eb500000,0x00000000eb5ae920,0x00000000eb600000)
  to   space 1024K, 0% used [0x00000000eb400000,0x00000000eb400000,0x00000000eb500000)
 ParOldGen       total 507392K, used 507327K [0x00000000c0000000, 0x00000000def80000, 0x00000000eab00000)
  object space 507392K, 99% used [0x00000000c0000000,0x00000000def6fcf8,0x00000000def80000)
 Metaspace       used 75037K, committed 76736K, reserved 1179648K
  class space    used 7675K, committed 8448K, reserved 1048576K
}
Event: 97.387 GC heap after
{Heap after GC invocations=1504 (full 4):
 PSYoungGen      total 6144K, used 730K [0x00000000eab00000, 0x00000000eb580000, 0x0000000100000000)
  eden space 5120K, 0% used [0x00000000eab00000,0x00000000eab00000,0x00000000eb000000)
  from space 1024K, 71% used [0x00000000eb400000,0x00000000eb4b6900,0x00000000eb500000)
  to   space 512K, 0% used [0x00000000eb500000,0x00000000eb500000,0x00000000eb580000)
 ParOldGen       total 507904K, used 507891K [0x00000000c0000000, 0x00000000df000000, 0x00000000eab00000)
  object space 507904K, 99% used [0x00000000c0000000,0x00000000deffcf48,0x00000000df000000)
 Metaspace       used 75037K, committed 76736K, reserved 1179648K
  class space    used 7675K, committed 8448K, reserved 1048576K
}

Dll operation events (10 events):
Event: 0.009 Loaded shared library c:\Users\Liaaan\.vscode\extensions\redhat.java-1.42.0-win32-x64\jre\21.0.7-win32-x86_64\bin\java.dll
Event: 0.089 Loaded shared library c:\Users\Liaaan\.vscode\extensions\redhat.java-1.42.0-win32-x64\jre\21.0.7-win32-x86_64\bin\zip.dll
Event: 0.108 Loaded shared library C:\Users\Liaaan\.vscode\extensions\redhat.java-1.42.0-win32-x64\jre\21.0.7-win32-x86_64\bin\instrument.dll
Event: 0.113 Loaded shared library C:\Users\Liaaan\.vscode\extensions\redhat.java-1.42.0-win32-x64\jre\21.0.7-win32-x86_64\bin\net.dll
Event: 0.115 Loaded shared library C:\Users\Liaaan\.vscode\extensions\redhat.java-1.42.0-win32-x64\jre\21.0.7-win32-x86_64\bin\nio.dll
Event: 0.119 Loaded shared library C:\Users\Liaaan\.vscode\extensions\redhat.java-1.42.0-win32-x64\jre\21.0.7-win32-x86_64\bin\zip.dll
Event: 0.134 Loaded shared library C:\Users\Liaaan\.vscode\extensions\redhat.java-1.42.0-win32-x64\jre\21.0.7-win32-x86_64\bin\jimage.dll
Event: 0.201 Loaded shared library c:\Users\Liaaan\.vscode\extensions\redhat.java-1.42.0-win32-x64\jre\21.0.7-win32-x86_64\bin\verify.dll
Event: 1.500 Loaded shared library C:\Users\Liaaan\AppData\Roaming\Code\User\globalStorage\redhat.java\1.42.0\config_win\org.eclipse.equinox.launcher\org.eclipse.equinox.launcher.win32.win32.x86_64_1.2.1300.v20250331-1702\eclipse_11911.dll
Event: 4.225 Loaded shared library C:\Users\Liaaan\AppData\Local\Temp\jna--2019196054\jna15986014853860281745.dll

Deoptimization events (20 events):
Event: 97.102 Thread 0x0000023a7898bb00 Uncommon trap: trap_request=0xffffffbe fr.pc=0x0000023a26058e10 relative=0x0000000000000f70
Event: 97.102 Thread 0x0000023a7898bb00 Uncommon trap: reason=profile_predicate action=maybe_recompile pc=0x0000023a26058e10 method=org.eclipse.jdt.internal.compiler.parser.diagnose.DiagnoseParser.misspell(II)I @ 475 c2
Event: 97.102 Thread 0x0000023a7898bb00 DEOPT PACKING pc=0x0000023a26058e10 sp=0x0000006efc1fdad0
Event: 97.102 Thread 0x0000023a7898bb00 DEOPT UNPACKING pc=0x0000023a24e83aa2 sp=0x0000006efc1fda20 mode 2
Event: 97.102 Thread 0x0000023a7898bb00 Uncommon trap: trap_request=0xffffffbe fr.pc=0x0000023a26058e10 relative=0x0000000000000f70
Event: 97.102 Thread 0x0000023a7898bb00 Uncommon trap: reason=profile_predicate action=maybe_recompile pc=0x0000023a26058e10 method=org.eclipse.jdt.internal.compiler.parser.diagnose.DiagnoseParser.misspell(II)I @ 475 c2
Event: 97.102 Thread 0x0000023a7898bb00 DEOPT PACKING pc=0x0000023a26058e10 sp=0x0000006efc1fdad0
Event: 97.102 Thread 0x0000023a7898bb00 DEOPT UNPACKING pc=0x0000023a24e83aa2 sp=0x0000006efc1fda20 mode 2
Event: 97.102 Thread 0x0000023a7898bb00 Uncommon trap: trap_request=0xffffffbe fr.pc=0x0000023a26058e10 relative=0x0000000000000f70
Event: 97.102 Thread 0x0000023a7898bb00 Uncommon trap: reason=profile_predicate action=maybe_recompile pc=0x0000023a26058e10 method=org.eclipse.jdt.internal.compiler.parser.diagnose.DiagnoseParser.misspell(II)I @ 475 c2
Event: 97.102 Thread 0x0000023a7898bb00 DEOPT PACKING pc=0x0000023a26058e10 sp=0x0000006efc1fdad0
Event: 97.102 Thread 0x0000023a7898bb00 DEOPT UNPACKING pc=0x0000023a24e83aa2 sp=0x0000006efc1fda20 mode 2
Event: 97.104 Thread 0x0000023a7898bb00 DEOPT PACKING pc=0x0000023a1f6501e0 sp=0x0000006efc1fd920
Event: 97.104 Thread 0x0000023a7898bb00 DEOPT UNPACKING pc=0x0000023a24e84242 sp=0x0000006efc1fcdd0 mode 0
Event: 97.106 Thread 0x0000023a7898bb00 DEOPT PACKING pc=0x0000023a1f6501e0 sp=0x0000006efc1fd8d0
Event: 97.106 Thread 0x0000023a7898bb00 DEOPT UNPACKING pc=0x0000023a24e84242 sp=0x0000006efc1fcd80 mode 0
Event: 97.106 Thread 0x0000023a7898bb00 Uncommon trap: trap_request=0xffffff6e fr.pc=0x0000023a26050304 relative=0x00000000000014a4
Event: 97.106 Thread 0x0000023a7898bb00 Uncommon trap: reason=loop_limit_check action=maybe_recompile pc=0x0000023a26050304 method=org.eclipse.jdt.internal.compiler.parser.diagnose.DiagnoseParser.scopeTrialCheck([IILorg/eclipse/jdt/internal/compiler/parser/diagnose/DiagnoseParser$PrimaryRepairI
Event: 97.106 Thread 0x0000023a7898bb00 DEOPT PACKING pc=0x0000023a26050304 sp=0x0000006efc1fd920
Event: 97.106 Thread 0x0000023a7898bb00 DEOPT UNPACKING pc=0x0000023a24e83aa2 sp=0x0000006efc1fd890 mode 2

Classes loaded (20 events):
Event: 30.761 Loading class javax/crypto/NullCipher
Event: 30.761 Loading class javax/crypto/NullCipher done
Event: 30.761 Loading class sun/security/util/ArrayUtil
Event: 30.761 Loading class sun/security/util/ArrayUtil done
Event: 30.771 Loading class java/util/zip/CheckedInputStream
Event: 30.771 Loading class java/util/zip/CheckedInputStream done
Event: 30.804 Loading class java/util/zip/GZIPInputStream$1
Event: 30.804 Loading class java/util/zip/GZIPInputStream$1 done
Event: 31.048 Loading class jdk/internal/module/IllegalAccessLogger
Event: 31.048 Loading class jdk/internal/module/IllegalAccessLogger done
Event: 31.140 Loading class jdk/internal/module/IllegalAccessLogger
Event: 31.140 Loading class jdk/internal/module/IllegalAccessLogger done
Event: 31.195 Loading class java/nio/BufferMismatch
Event: 31.195 Loading class java/nio/BufferMismatch done
Event: 63.702 Loading class jdk/internal/module/IllegalAccessLogger
Event: 63.702 Loading class jdk/internal/module/IllegalAccessLogger done
Event: 64.810 Loading class jdk/internal/ref/CleanerImpl$InnocuousThreadFactory
Event: 64.811 Loading class jdk/internal/ref/CleanerImpl$InnocuousThreadFactory done
Event: 65.670 Loading class jdk/internal/module/IllegalAccessLogger
Event: 65.670 Loading class jdk/internal/module/IllegalAccessLogger done

Classes unloaded (20 events):
Event: 11.723 Thread 0x0000023a1a66e860 Unloading class 0x0000023a3165cc00 'java/lang/invoke/LambdaForm$DMH+0x0000023a3165cc00'
Event: 22.146 Thread 0x0000023a1a66e860 Unloading class 0x0000023a316d1c00 'com/google/gson/internal/reflect/ReflectionHelper$RecordSupportedHelper$$InjectedInvoker+0x0000023a316d1c00'
Event: 22.146 Thread 0x0000023a1a66e860 Unloading class 0x0000023a316d0800 'java/lang/invoke/LambdaForm$MH+0x0000023a316d0800'
Event: 22.146 Thread 0x0000023a1a66e860 Unloading class 0x0000023a316d0400 'java/lang/invoke/LambdaForm$DMH+0x0000023a316d0400'
Event: 22.146 Thread 0x0000023a1a66e860 Unloading class 0x0000023a316cdc00 'java/lang/invoke/LambdaForm$MH+0x0000023a316cdc00'
Event: 22.146 Thread 0x0000023a1a66e860 Unloading class 0x0000023a316cd000 'java/lang/invoke/LambdaForm$MH+0x0000023a316cd000'
Event: 22.146 Thread 0x0000023a1a66e860 Unloading class 0x0000023a316ccc00 'java/lang/invoke/LambdaForm$DMH+0x0000023a316ccc00'
Event: 22.146 Thread 0x0000023a1a66e860 Unloading class 0x0000023a316cc000 'java/lang/invoke/LambdaForm$MH+0x0000023a316cc000'
Event: 22.146 Thread 0x0000023a1a66e860 Unloading class 0x0000023a316cb800 'java/lang/invoke/LambdaForm$MH+0x0000023a316cb800'
Event: 22.146 Thread 0x0000023a1a66e860 Unloading class 0x0000023a316cb000 'java/lang/invoke/LambdaForm$DMH+0x0000023a316cb000'
Event: 22.146 Thread 0x0000023a1a66e860 Unloading class 0x0000023a316ca800 'java/lang/invoke/LambdaForm$MH+0x0000023a316ca800'
Event: 22.146 Thread 0x0000023a1a66e860 Unloading class 0x0000023a316ca000 'java/lang/invoke/LambdaForm$MH+0x0000023a316ca000'
Event: 22.146 Thread 0x0000023a1a66e860 Unloading class 0x0000023a316c9800 'java/lang/invoke/LambdaForm$MH+0x0000023a316c9800'
Event: 22.146 Thread 0x0000023a1a66e860 Unloading class 0x0000023a316c9400 'java/lang/invoke/LambdaForm$DMH+0x0000023a316c9400'
Event: 22.146 Thread 0x0000023a1a66e860 Unloading class 0x0000023a316c0800 'java/lang/invoke/LambdaForm$MH+0x0000023a316c0800'
Event: 22.146 Thread 0x0000023a1a66e860 Unloading class 0x0000023a316c0000 'java/lang/invoke/LambdaForm$MH+0x0000023a316c0000'
Event: 22.146 Thread 0x0000023a1a66e860 Unloading class 0x0000023a316bf800 'java/lang/invoke/LambdaForm$MH+0x0000023a316bf800'
Event: 22.146 Thread 0x0000023a1a66e860 Unloading class 0x0000023a316bf400 'java/lang/invoke/LambdaForm$MH+0x0000023a316bf400'
Event: 22.146 Thread 0x0000023a1a66e860 Unloading class 0x0000023a316be800 'java/lang/invoke/LambdaForm$MH+0x0000023a316be800'
Event: 22.146 Thread 0x0000023a1a66e860 Unloading class 0x0000023a316be000 'java/lang/invoke/LambdaForm$MH+0x0000023a316be000'

Classes redefined (0 events):
No events

Internal exceptions (20 events):
Event: 31.035 Thread 0x0000023a7732c750 Exception <a 'java/lang/NoSuchMethodError'{0x00000000eab48a88}: 'java.lang.Object java.lang.invoke.DirectMethodHandle$Holder.invokeSpecial(java.lang.Object, java.lang.Object, int, long)'> (0x00000000eab48a88) 
thrown [s\src\hotspot\share\interpreter\linkResolver.cpp, line 773]
Event: 31.279 Thread 0x0000023a1a689320 Implicit null exception at 0x0000023a25878cf6 to 0x0000023a25878f86
Event: 63.518 Thread 0x0000023a7732cde0 Implicit null exception at 0x0000023a25b4f459 to 0x0000023a25b5104c
Event: 63.555 Thread 0x0000023a7732cde0 Exception <a 'sun/nio/fs/WindowsException'{0x00000000eac452c0}> (0x00000000eac452c0) 
thrown [s\src\hotspot\share\prims\jni.cpp, line 520]
Event: 63.855 Thread 0x0000023a7732cde0 Exception <a 'sun/nio/fs/WindowsException'{0x00000000eade6b20}> (0x00000000eade6b20) 
thrown [s\src\hotspot\share\prims\jni.cpp, line 520]
Event: 63.867 Thread 0x0000023a77ac8020 Exception <a 'java/lang/IncompatibleClassChangeError'{0x00000000eab09a90}: Found class java.lang.Object, but interface was expected> (0x00000000eab09a90) 
thrown [s\src\hotspot\share\interpreter\linkResolver.cpp, line 840]
Event: 63.873 Thread 0x0000023a77ac8020 Exception <a 'java/lang/IncompatibleClassChangeError'{0x00000000eab50620}: Found class java.lang.Object, but interface was expected> (0x00000000eab50620) 
thrown [s\src\hotspot\share\interpreter\linkResolver.cpp, line 840]
Event: 63.875 Thread 0x0000023a77ac8020 Exception <a 'java/lang/IncompatibleClassChangeError'{0x00000000eab7b928}: Found class java.lang.Object, but interface was expected> (0x00000000eab7b928) 
thrown [s\src\hotspot\share\interpreter\linkResolver.cpp, line 840]
Event: 63.877 Thread 0x0000023a7cef5310 Exception <a 'java/lang/NoSuchMethodError'{0x00000000eababc08}: 'java.lang.Object java.lang.invoke.DirectMethodHandle$Holder.invokeSpecial(java.lang.Object, java.lang.Object, java.lang.Object, java.lang.Object, int, java.lang.Object, java.lang.Object)'> (0x00000000eababc08) 
thrown [s\src\hotspot\share\interpreter\linkResolver.cpp, line 773]
Event: 64.024 Thread 0x0000023a77ac8020 Exception <a 'java/lang/IncompatibleClassChangeError'{0x00000000eab00628}: Found class java.lang.Object, but interface was expected> (0x00000000eab00628) 
thrown [s\src\hotspot\share\interpreter\linkResolver.cpp, line 840]
Event: 64.569 Thread 0x0000023a77ac8020 Exception <a 'java/lang/IncompatibleClassChangeError'{0x00000000eac102a8}: Found class java.lang.Object, but interface was expected> (0x00000000eac102a8) 
thrown [s\src\hotspot\share\interpreter\linkResolver.cpp, line 840]
Event: 64.898 Thread 0x0000023a7944ba30 Exception <a 'java/lang/NoSuchMethodError'{0x00000000eac708c8}: 'java.lang.Object java.lang.invoke.DirectMethodHandle$Holder.newInvokeSpecial(java.lang.Object, int, java.lang.Object, java.lang.Object, java.lang.Object)'> (0x00000000eac708c8) 
thrown [s\src\hotspot\share\interpreter\linkResolver.cpp, line 773]
Event: 65.439 Thread 0x0000023a77ac8020 Exception <a 'java/lang/IncompatibleClassChangeError'{0x00000000eab451b0}: Found class java.lang.Object, but interface was expected> (0x00000000eab451b0) 
thrown [s\src\hotspot\share\interpreter\linkResolver.cpp, line 840]
Event: 65.440 Thread 0x0000023a77ac8020 Exception <a 'java/lang/IncompatibleClassChangeError'{0x00000000eab492a0}: Found class java.lang.Object, but interface was expected> (0x00000000eab492a0) 
thrown [s\src\hotspot\share\interpreter\linkResolver.cpp, line 840]
Event: 65.581 Thread 0x0000023a7732cde0 Exception <a 'sun/nio/fs/WindowsException'{0x00000000eab709f0}> (0x00000000eab709f0) 
thrown [s\src\hotspot\share\prims\jni.cpp, line 520]
Event: 65.945 Thread 0x0000023a7732cde0 Exception <a 'sun/nio/fs/WindowsException'{0x00000000eaf52810}> (0x00000000eaf52810) 
thrown [s\src\hotspot\share\prims\jni.cpp, line 520]
Event: 80.241 Thread 0x0000023a77ac8020 Exception <a 'java/lang/NoSuchMethodError'{0x00000000eabd7b78}: 'java.lang.Object java.lang.invoke.DirectMethodHandle$Holder.invokeStatic(java.lang.Object, int, int, java.lang.Object)'> (0x00000000eabd7b78) 
thrown [s\src\hotspot\share\interpreter\linkResolver.cpp, line 773]
Event: 80.452 Thread 0x0000023a7732e190 Exception <a 'java/lang/NoSuchMethodError'{0x00000000eacbd1c0}: 'java.lang.Object java.lang.invoke.DirectMethodHandle$Holder.invokeStatic(java.lang.Object, java.lang.Object, int, int)'> (0x00000000eacbd1c0) 
thrown [s\src\hotspot\share\interpreter\linkResolver.cpp, line 773]
Event: 80.453 Thread 0x0000023a7732e190 Exception <a 'java/lang/NoSuchMethodError'{0x00000000eacc10a8}: 'java.lang.Object java.lang.invoke.DirectMethodHandle$Holder.invokeSpecial(java.lang.Object, java.lang.Object, java.lang.Object, int, int)'> (0x00000000eacc10a8) 
thrown [s\src\hotspot\share\interpreter\linkResolver.cpp, line 773]
Event: 81.428 Thread 0x0000023a77ac8020 Exception <a 'java/lang/IncompatibleClassChangeError'{0x00000000eaf768e8}: Found class java.lang.Object, but interface was expected> (0x00000000eaf768e8) 
thrown [s\src\hotspot\share\interpreter\linkResolver.cpp, line 840]

ZGC Phase Switch (0 events):
No events

VM Operations (20 events):
Event: 95.938 Executing VM operation: ParallelGCFailedAllocation (Allocation Failure)
Event: 95.939 Executing VM operation: ParallelGCFailedAllocation (Allocation Failure) done
Event: 96.884 Executing VM operation: ParallelGCFailedAllocation (Allocation Failure)
Event: 96.886 Executing VM operation: ParallelGCFailedAllocation (Allocation Failure) done
Event: 96.907 Executing VM operation: HandshakeAllThreads (Deoptimize)
Event: 96.908 Executing VM operation: HandshakeAllThreads (Deoptimize) done
Event: 96.935 Executing VM operation: ParallelGCFailedAllocation (Allocation Failure)
Event: 96.936 Executing VM operation: ParallelGCFailedAllocation (Allocation Failure) done
Event: 96.991 Executing VM operation: ParallelGCFailedAllocation (Allocation Failure)
Event: 96.992 Executing VM operation: ParallelGCFailedAllocation (Allocation Failure) done
Event: 97.117 Executing VM operation: ParallelGCFailedAllocation (Allocation Failure)
Event: 97.119 Executing VM operation: ParallelGCFailedAllocation (Allocation Failure) done
Event: 97.313 Executing VM operation: ParallelGCFailedAllocation (Allocation Failure)
Event: 97.315 Executing VM operation: ParallelGCFailedAllocation (Allocation Failure) done
Event: 97.357 Executing VM operation: ParallelGCFailedAllocation (Allocation Failure)
Event: 97.358 Executing VM operation: ParallelGCFailedAllocation (Allocation Failure) done
Event: 97.385 Executing VM operation: ParallelGCFailedAllocation (Allocation Failure)
Event: 97.387 Executing VM operation: ParallelGCFailedAllocation (Allocation Failure) done
Event: 98.396 Executing VM operation: Cleanup
Event: 98.396 Executing VM operation: Cleanup done

Memory protections (0 events):
No events

Nmethod flushes (20 events):
Event: 22.163 Thread 0x0000023a1a66e860 flushing  nmethod 0x0000023a1eb5b110
Event: 22.163 Thread 0x0000023a1a66e860 flushing  nmethod 0x0000023a1eb5da90
Event: 22.163 Thread 0x0000023a1a66e860 flushing  nmethod 0x0000023a1eb5f010
Event: 22.163 Thread 0x0000023a1a66e860 flushing  nmethod 0x0000023a1eb62710
Event: 22.163 Thread 0x0000023a1a66e860 flushing  nmethod 0x0000023a1eb65d10
Event: 22.163 Thread 0x0000023a1a66e860 flushing  nmethod 0x0000023a1eb6bc10
Event: 22.163 Thread 0x0000023a1a66e860 flushing  nmethod 0x0000023a1eb6c110
Event: 22.163 Thread 0x0000023a1a66e860 flushing  nmethod 0x0000023a1eb74410
Event: 22.163 Thread 0x0000023a1a66e860 flushing  nmethod 0x0000023a1eb8f990
Event: 22.163 Thread 0x0000023a1a66e860 flushing  nmethod 0x0000023a1eb94710
Event: 22.163 Thread 0x0000023a1a66e860 flushing  nmethod 0x0000023a1eba2710
Event: 22.163 Thread 0x0000023a1a66e860 flushing  nmethod 0x0000023a1eba3b10
Event: 22.163 Thread 0x0000023a1a66e860 flushing  nmethod 0x0000023a1eba9c10
Event: 22.163 Thread 0x0000023a1a66e860 flushing  nmethod 0x0000023a1ebd5090
Event: 22.163 Thread 0x0000023a1a66e860 flushing  nmethod 0x0000023a1ec23810
Event: 22.163 Thread 0x0000023a1a66e860 flushing  nmethod 0x0000023a1ec2b410
Event: 22.163 Thread 0x0000023a1a66e860 flushing  nmethod 0x0000023a1ec37490
Event: 22.163 Thread 0x0000023a1a66e860 flushing  nmethod 0x0000023a1eccf010
Event: 22.163 Thread 0x0000023a1a66e860 flushing  nmethod 0x0000023a1ed04810
Event: 22.163 Thread 0x0000023a1a66e860 flushing  nmethod 0x0000023a1ed07d10

Events (20 events):
Event: 66.068 Thread 0x0000023a7cb2b0c0 Thread exited: 0x0000023a7cb2b0c0
Event: 66.342 Thread 0x0000023a717ac4a0 Thread added: 0x0000023a7bde5f80
Event: 71.401 Thread 0x0000023a7bde5f80 Thread exited: 0x0000023a7bde5f80
Event: 80.432 Thread 0x0000023a717ac4a0 Thread added: 0x0000023a78e7baf0
Event: 80.493 Thread 0x0000023a717ac4a0 Thread added: 0x0000023a78e7c890
Event: 80.884 Thread 0x0000023a78e7c890 Thread exited: 0x0000023a78e7c890
Event: 81.214 Thread 0x0000023a78e7baf0 Thread exited: 0x0000023a78e7baf0
Event: 81.226 Thread 0x0000023a717ac4a0 Thread added: 0x0000023a78028870
Event: 81.234 Thread 0x0000023a717ac4a0 Thread added: 0x0000023a78028f40
Event: 81.433 Thread 0x0000023a78028f40 Thread exited: 0x0000023a78028f40
Event: 81.436 Thread 0x0000023a78028870 Thread exited: 0x0000023a78028870
Event: 81.499 Thread 0x0000023a717ac4a0 Thread added: 0x0000023a780281a0
Event: 81.527 Thread 0x0000023a717ac4a0 Thread added: 0x0000023a7bde58b0
Event: 81.912 Thread 0x0000023a7bde58b0 Thread exited: 0x0000023a7bde58b0
Event: 81.912 Thread 0x0000023a780281a0 Thread exited: 0x0000023a780281a0
Event: 90.998 Thread 0x0000023a794485b0 Thread exited: 0x0000023a794485b0
Event: 93.279 Thread 0x0000023a717ac4a0 Thread added: 0x0000023a78028f40
Event: 95.464 Thread 0x0000023a78028f40 Thread exited: 0x0000023a78028f40
Event: 96.897 Thread 0x0000023a717ac4a0 Thread added: 0x0000023a786053f0
Event: 96.924 Thread 0x0000023a717ac4a0 Thread added: 0x0000023a7a2c9c20


Dynamic libraries:
0x00007ff687e10000 - 0x00007ff687e1e000 	c:\Users\Liaaan\.vscode\extensions\redhat.java-1.42.0-win32-x64\jre\21.0.7-win32-x86_64\bin\java.exe
0x00007ffcf7ac0000 - 0x00007ffcf7d26000 	C:\WINDOWS\SYSTEM32\ntdll.dll
0x00007ffcf6af0000 - 0x00007ffcf6bb9000 	C:\WINDOWS\System32\KERNEL32.DLL
0x00007ffcf4fd0000 - 0x00007ffcf539c000 	C:\WINDOWS\System32\KERNELBASE.dll
0x00007ffcf53a0000 - 0x00007ffcf54eb000 	C:\WINDOWS\System32\ucrtbase.dll
0x00007ffcd1f40000 - 0x00007ffcd1f5e000 	c:\Users\Liaaan\.vscode\extensions\redhat.java-1.42.0-win32-x64\jre\21.0.7-win32-x86_64\bin\VCRUNTIME140.dll
0x00007ffce7500000 - 0x00007ffce7518000 	c:\Users\Liaaan\.vscode\extensions\redhat.java-1.42.0-win32-x64\jre\21.0.7-win32-x86_64\bin\jli.dll
0x00007ffcf6800000 - 0x00007ffcf69ca000 	C:\WINDOWS\System32\USER32.dll
0x00007ffcd5120000 - 0x00007ffcd53ba000 	C:\WINDOWS\WinSxS\amd64_microsoft.windows.common-controls_6595b64144ccf1df_6.0.26100.3912_none_3e07963ce335137e\COMCTL32.dll
0x00007ffcf4c50000 - 0x00007ffcf4c77000 	C:\WINDOWS\System32\win32u.dll
0x00007ffcf76e0000 - 0x00007ffcf7789000 	C:\WINDOWS\System32\msvcrt.dll
0x00007ffcf78f0000 - 0x00007ffcf791b000 	C:\WINDOWS\System32\GDI32.dll
0x00007ffcf4c80000 - 0x00007ffcf4db2000 	C:\WINDOWS\System32\gdi32full.dll
0x00007ffcf57d0000 - 0x00007ffcf5873000 	C:\WINDOWS\System32\msvcp_win.dll
0x00007ffcf59d0000 - 0x00007ffcf5a00000 	C:\WINDOWS\System32\IMM32.DLL
0x00007ffcef450000 - 0x00007ffcef45c000 	c:\Users\Liaaan\.vscode\extensions\redhat.java-1.42.0-win32-x64\jre\21.0.7-win32-x86_64\bin\vcruntime140_1.dll
0x00007ffcc5330000 - 0x00007ffcc53bd000 	c:\Users\Liaaan\.vscode\extensions\redhat.java-1.42.0-win32-x64\jre\21.0.7-win32-x86_64\bin\msvcp140.dll
0x00007ffc74ff0000 - 0x00007ffc75d80000 	c:\Users\Liaaan\.vscode\extensions\redhat.java-1.42.0-win32-x64\jre\21.0.7-win32-x86_64\bin\server\jvm.dll
0x00007ffcf7920000 - 0x00007ffcf79d2000 	C:\WINDOWS\System32\ADVAPI32.dll
0x00007ffcf7840000 - 0x00007ffcf78e6000 	C:\WINDOWS\System32\sechost.dll
0x00007ffcf69d0000 - 0x00007ffcf6ae6000 	C:\WINDOWS\System32\RPCRT4.dll
0x00007ffcf5a10000 - 0x00007ffcf5a84000 	C:\WINDOWS\System32\WS2_32.dll
0x00007ffcf4620000 - 0x00007ffcf467e000 	C:\WINDOWS\SYSTEM32\POWRPROF.dll
0x00007ffce6f60000 - 0x00007ffce6f96000 	C:\WINDOWS\SYSTEM32\WINMM.dll
0x00007ffced150000 - 0x00007ffced15b000 	C:\WINDOWS\SYSTEM32\VERSION.dll
0x00007ffcf4600000 - 0x00007ffcf4614000 	C:\WINDOWS\SYSTEM32\UMPDC.dll
0x00007ffcf39e0000 - 0x00007ffcf39fa000 	C:\WINDOWS\SYSTEM32\kernel.appcore.dll
0x00007ffcee5c0000 - 0x00007ffcee5ca000 	c:\Users\Liaaan\.vscode\extensions\redhat.java-1.42.0-win32-x64\jre\21.0.7-win32-x86_64\bin\jimage.dll
0x00007ffcf2130000 - 0x00007ffcf2371000 	C:\WINDOWS\SYSTEM32\DBGHELP.DLL
0x00007ffcf5a90000 - 0x00007ffcf5e14000 	C:\WINDOWS\System32\combase.dll
0x00007ffcf58e0000 - 0x00007ffcf59c0000 	C:\WINDOWS\System32\OLEAUT32.dll
0x00007ffcd3fb0000 - 0x00007ffcd3fe9000 	C:\WINDOWS\SYSTEM32\dbgcore.DLL
0x00007ffcf5730000 - 0x00007ffcf57c9000 	C:\WINDOWS\System32\bcryptPrimitives.dll
0x00007ffce7c10000 - 0x00007ffce7c1f000 	c:\Users\Liaaan\.vscode\extensions\redhat.java-1.42.0-win32-x64\jre\21.0.7-win32-x86_64\bin\instrument.dll
0x00007ffcd18f0000 - 0x00007ffcd190f000 	c:\Users\Liaaan\.vscode\extensions\redhat.java-1.42.0-win32-x64\jre\21.0.7-win32-x86_64\bin\java.dll
0x00007ffcf6d40000 - 0x00007ffcf746d000 	C:\WINDOWS\System32\SHELL32.dll
0x00007ffcf54f0000 - 0x00007ffcf5664000 	C:\WINDOWS\System32\wintypes.dll
0x00007ffcf28a0000 - 0x00007ffcf30f6000 	C:\WINDOWS\SYSTEM32\windows.storage.dll
0x00007ffcf7470000 - 0x00007ffcf755f000 	C:\WINDOWS\System32\SHCORE.dll
0x00007ffcf6bc0000 - 0x00007ffcf6c29000 	C:\WINDOWS\System32\shlwapi.dll
0x00007ffcf4b60000 - 0x00007ffcf4b8f000 	C:\WINDOWS\SYSTEM32\profapi.dll
0x00007ffcc8d10000 - 0x00007ffcc8d28000 	c:\Users\Liaaan\.vscode\extensions\redhat.java-1.42.0-win32-x64\jre\21.0.7-win32-x86_64\bin\zip.dll
0x00007ffcd1a20000 - 0x00007ffcd1a30000 	C:\Users\Liaaan\.vscode\extensions\redhat.java-1.42.0-win32-x64\jre\21.0.7-win32-x86_64\bin\net.dll
0x00007ffcec210000 - 0x00007ffcec32e000 	C:\WINDOWS\SYSTEM32\WINHTTP.dll
0x00007ffcf3f60000 - 0x00007ffcf3fca000 	C:\WINDOWS\system32\mswsock.dll
0x00007ffcc86d0000 - 0x00007ffcc86e6000 	C:\Users\Liaaan\.vscode\extensions\redhat.java-1.42.0-win32-x64\jre\21.0.7-win32-x86_64\bin\nio.dll
0x00007ffcd19b0000 - 0x00007ffcd19c0000 	c:\Users\Liaaan\.vscode\extensions\redhat.java-1.42.0-win32-x64\jre\21.0.7-win32-x86_64\bin\verify.dll
0x00007ffcc3280000 - 0x00007ffcc32c5000 	C:\Users\Liaaan\AppData\Roaming\Code\User\globalStorage\redhat.java\1.42.0\config_win\org.eclipse.equinox.launcher\org.eclipse.equinox.launcher.win32.win32.x86_64_1.2.1300.v20250331-1702\eclipse_11911.dll
0x00007ffcf6000000 - 0x00007ffcf619f000 	C:\WINDOWS\System32\ole32.dll
0x00007ffcf4220000 - 0x00007ffcf423c000 	C:\WINDOWS\SYSTEM32\CRYPTSP.dll
0x00007ffcf3940000 - 0x00007ffcf397a000 	C:\WINDOWS\system32\rsaenh.dll
0x00007ffcf4020000 - 0x00007ffcf404b000 	C:\WINDOWS\SYSTEM32\USERENV.dll
0x00007ffcf4b30000 - 0x00007ffcf4b56000 	C:\WINDOWS\SYSTEM32\bcrypt.dll
0x00007ffcf4240000 - 0x00007ffcf424c000 	C:\WINDOWS\SYSTEM32\CRYPTBASE.dll
0x00007ffcf33f0000 - 0x00007ffcf3423000 	C:\WINDOWS\SYSTEM32\IPHLPAPI.DLL
0x00007ffcf6360000 - 0x00007ffcf636a000 	C:\WINDOWS\System32\NSI.dll
0x00007ffccadb0000 - 0x00007ffccadf9000 	C:\Users\Liaaan\AppData\Local\Temp\jna--2019196054\jna15986014853860281745.dll
0x00007ffcf6350000 - 0x00007ffcf6358000 	C:\WINDOWS\System32\PSAPI.DLL
0x00007ffcec5d0000 - 0x00007ffcec5ef000 	C:\WINDOWS\SYSTEM32\dhcpcsvc6.DLL
0x00007ffcec1e0000 - 0x00007ffcec205000 	C:\WINDOWS\SYSTEM32\dhcpcsvc.DLL

dbghelp: loaded successfully - version: 4.0.5 - missing functions: none
symbol engine: initialized successfully - sym options: 0x614 - pdb path: .;c:\Users\Liaaan\.vscode\extensions\redhat.java-1.42.0-win32-x64\jre\21.0.7-win32-x86_64\bin;C:\WINDOWS\SYSTEM32;C:\WINDOWS\WinSxS\amd64_microsoft.windows.common-controls_6595b64144ccf1df_6.0.26100.3912_none_3e07963ce335137e;c:\Users\Liaaan\.vscode\extensions\redhat.java-1.42.0-win32-x64\jre\21.0.7-win32-x86_64\bin\server;C:\Users\Liaaan\AppData\Roaming\Code\User\globalStorage\redhat.java\1.42.0\config_win\org.eclipse.equinox.launcher\org.eclipse.equinox.launcher.win32.win32.x86_64_1.2.1300.v20250331-1702;C:\Users\Liaaan\AppData\Local\Temp\jna--2019196054

VM Arguments:
jvm_args: --add-modules=ALL-SYSTEM --add-opens=java.base/java.util=ALL-UNNAMED --add-opens=java.base/java.lang=ALL-UNNAMED --add-opens=java.base/sun.nio.fs=ALL-UNNAMED -Declipse.application=org.eclipse.jdt.ls.core.id1 -Dosgi.bundles.defaultStartLevel=4 -Declipse.product=org.eclipse.jdt.ls.core.product -Djava.import.generatesMetadataFilesAtProjectRoot=false -DDetectVMInstallationsJob.disabled=true -Dfile.encoding=utf8 -XX:+UseParallelGC -XX:GCTimeRatio=4 -XX:AdaptiveSizePolicyWeight=90 -Dsun.zip.disableMemoryMapping=true -Xmx1G -Xms100m -Xlog:disable -javaagent:c:\Users\Liaaan\.vscode\extensions\redhat.java-1.42.0-win32-x64\lombok\lombok-1.18.36.jar -XX:+HeapDumpOnOutOfMemoryError -XX:HeapDumpPath=c:\Users\Liaaan\AppData\Roaming\Code\User\workspaceStorage\b0d88116b9ff8da6722e643e05ebe559\redhat.java -Daether.dependencyCollector.impl=bf 
java_command: c:\Users\Liaaan\.vscode\extensions\redhat.java-1.42.0-win32-x64\server\plugins\org.eclipse.equinox.launcher_1.7.0.v20250424-1814.jar -configuration c:\Users\Liaaan\AppData\Roaming\Code\User\globalStorage\redhat.java\1.42.0\config_win -data c:\Users\Liaaan\AppData\Roaming\Code\User\workspaceStorage\b0d88116b9ff8da6722e643e05ebe559\redhat.java\jdt_ws --pipe=\\.\pipe\lsp-2c96bdfec5cd588a194da999a23a68d8-sock
java_class_path (initial): c:\Users\Liaaan\.vscode\extensions\redhat.java-1.42.0-win32-x64\server\plugins\org.eclipse.equinox.launcher_1.7.0.v20250424-1814.jar
Launcher Type: SUN_STANDARD

[Global flags]
    uintx AdaptiveSizePolicyWeight                 = 90                                        {product} {command line}
     intx CICompilerCount                          = 4                                         {product} {ergonomic}
    uintx GCTimeRatio                              = 4                                         {product} {command line}
     bool HeapDumpOnOutOfMemoryError               = true                                   {manageable} {command line}
    ccstr HeapDumpPath                             = c:\Users\Liaaan\AppData\Roaming\Code\User\workspaceStorage\b0d88116b9ff8da6722e643e05ebe559\redhat.java         {manageable} {command line}
   size_t InitialHeapSize                          = 104857600                                 {product} {command line}
   size_t MaxHeapSize                              = 1073741824                                {product} {command line}
   size_t MaxNewSize                               = 357564416                                 {product} {ergonomic}
   size_t MinHeapDeltaBytes                        = 524288                                    {product} {ergonomic}
   size_t MinHeapSize                              = 104857600                                 {product} {command line}
   size_t NewSize                                  = 34603008                                  {product} {ergonomic}
    uintx NonNMethodCodeHeapSize                   = 5839372                                {pd product} {ergonomic}
    uintx NonProfiledCodeHeapSize                  = 122909434                              {pd product} {ergonomic}
   size_t OldSize                                  = 70254592                                  {product} {ergonomic}
    uintx ProfiledCodeHeapSize                     = 122909434                              {pd product} {ergonomic}
    uintx ReservedCodeCacheSize                    = 251658240                              {pd product} {ergonomic}
     bool SegmentedCodeCache                       = true                                      {product} {ergonomic}
   size_t SoftMaxHeapSize                          = 1073741824                             {manageable} {ergonomic}
     bool UseCompressedOops                        = true                           {product lp64_product} {ergonomic}
     bool UseLargePagesIndividualAllocation        = false                                  {pd product} {ergonomic}
     bool UseParallelGC                            = true                                      {product} {command line}

Logging:
Log output configuration:
 #0: stdout all=off uptime,level,tags foldmultilines=false
 #1: stderr all=off uptime,level,tags foldmultilines=false

Environment Variables:
PATH=D:\app\oracle\product\11.2.0\server\bin;C:\WINDOWS\system32;C:\WINDOWS;C:\WINDOWS\System32\Wbem;C:\WINDOWS\System32\WindowsPowerShell\v1.0\;C:\WINDOWS\System32\OpenSSH\;C:\Program Files\NVIDIA Corporation\NVIDIA app\NvDLISR;C:\Program Files (x86)\NVIDIA Corporation\PhysX\Common;C:\Program Files\Git\cmd;C:\Users\Liaaan\AppData\Local\Microsoft\WindowsApps;C:\Users\Liaaan\AppData\Local\GitHubDesktop\bin;C:\Users\Liaaan\AppData\Local\Programs\Microsoft VS Code\bin
USERNAME=Liaaan
OS=Windows_NT
PROCESSOR_IDENTIFIER=Intel64 Family 6 Model 186 Stepping 2, GenuineIntel
TMP=C:\Users\Liaaan\AppData\Local\Temp
TEMP=C:\Users\Liaaan\AppData\Local\Temp




Periodic native trim disabled

---------------  S Y S T E M  ---------------

OS:
 Windows 11 , 64 bit Build 26100 (10.0.26100.3912)
OS uptime: 0 days 8:58 hours
Hyper-V role detected

CPU: total 12 (initial active 12) (6 cores per cpu, 2 threads per core) family 6 model 186 stepping 2 microcode 0x4123, cx8, cmov, fxsr, ht, mmx, 3dnowpref, sse, sse2, sse3, ssse3, sse4.1, sse4.2, popcnt, lzcnt, tsc, tscinvbit, avx, avx2, aes, erms, clmul, bmi1, bmi2, adx, sha, fma, vzeroupper, clflush, clflushopt, clwb, hv, serialize, rdtscp, rdpid, fsrm, f16c, cet_ibt, cet_ss
Processor Information for processor 0
  Max Mhz: 2100, Current Mhz: 2100, Mhz Limit: 2100
Processor Information for processor 1
  Max Mhz: 2100, Current Mhz: 2100, Mhz Limit: 2100
Processor Information for processor 2
  Max Mhz: 2100, Current Mhz: 2100, Mhz Limit: 2100
Processor Information for processor 3
  Max Mhz: 2100, Current Mhz: 2100, Mhz Limit: 2100
Processor Information for processor 4
  Max Mhz: 2100, Current Mhz: 2100, Mhz Limit: 2100
Processor Information for processor 5
  Max Mhz: 2100, Current Mhz: 2100, Mhz Limit: 2100
Processor Information for processor 6
  Max Mhz: 2100, Current Mhz: 2100, Mhz Limit: 2100
Processor Information for processor 7
  Max Mhz: 2100, Current Mhz: 2100, Mhz Limit: 2100
Processor Information for processor 8
  Max Mhz: 2100, Current Mhz: 1500, Mhz Limit: 1491
Processor Information for processor 9
  Max Mhz: 2100, Current Mhz: 1500, Mhz Limit: 1491
Processor Information for processor 10
  Max Mhz: 2100, Current Mhz: 1500, Mhz Limit: 1491
Processor Information for processor 11
  Max Mhz: 2100, Current Mhz: 1500, Mhz Limit: 1491

Memory: 4k page, system-wide physical 7984M (658M free)
TotalPageFile size 32560M (AvailPageFile size 23M)
current process WorkingSet (physical memory assigned to process): 347M, peak: 1065M
current process commit charge ("private bytes"): 819M, peak: 974M

vm_info: OpenJDK 64-Bit Server VM (21.0.7+6-LTS) for windows-amd64 JRE (21.0.7+6-LTS), built on 2025-04-15T00:00:00Z by "admin" with MS VC++ 17.7 (VS2022)

END.
